Log file open, 03/12/17 18:33:12
LogInit:Display: Running engine for game: MultiplayerMenu
LogPlatformFile: Not using cached read wrapper
LogInit:Display: RandInit(1775359909) SRandInit(1775359909).
LogTaskGraph: Started task graph with 5 named threads and 8 total threads with 1 sets of task threads.
LogStats: Stats thread started at 0.068761
LogInit: Using libcurl 7.47.1
LogInit:  - built for x86_64-pc-win32
LogInit:  - supports SSL with OpenSSL/1.0.2g
LogInit:  - supports HTTP deflate (compression) using libz 1.2.8
LogInit:  - other features:
LogInit:      CURL_VERSION_SSL
LogInit:      CURL_VERSION_LIBZ
LogInit:      CURL_VERSION_IPV6
LogInit:      CURL_VERSION_ASYNCHDNS
LogInit:      CURL_VERSION_LARGEFILE
LogInit:      CURL_VERSION_IDN
LogInit:  CurlRequestOptions (configurable via config and command line):
LogInit:  - bVerifyPeer = false  - Libcurl will NOT verify peer certificate
LogInit:  - bUseHttpProxy = false  - Libcurl will NOT use HTTP proxy
LogInit:  - bDontReuseConnections = false  - Libcurl will reuse connections
LogInit:  - CertBundlePath = nullptr  - Libcurl will use whatever was configured at build time.
LogOnline:Display: STEAM: Loading Steam SDK 1.32
LogInit: WinSock: version 1.1 (2.2), MaxSocks=32767, MaxUdp=65467
LogInit: Build: ++UE4+Release-4.15-CL-3299760
LogInit: Engine Version: 4.15.0-3299760+++UE4+Release-4.15
LogInit: Compatible Engine Version: 4.15.0-3299760+++UE4+Release-4.15
LogInit: Net CL: 3299760
LogDevObjectVersion: Number of dev versions registered: 14
LogDevObjectVersion:   Dev-Blueprints (B0D832E4-1F89-4F0D-ACCF-7EB736FD4AA2): 8
LogDevObjectVersion:   Dev-Build (E1C64328-A22C-4D53-A36C-8E866417BD8C): 0
LogDevObjectVersion:   Dev-Core (375EC13C-06E4-48FB-B500-84F0262A717E): 2
LogDevObjectVersion:   Dev-Editor (E4B068ED-F494-42E9-A231-DA0B2E46BB41): 14
LogDevObjectVersion:   Dev-Framework (CFFC743F-43B0-4480-9391-14DF171D2073): 22
LogDevObjectVersion:   Dev-Mobile (B02B49B5-BB20-44E9-A304-32B752E40360): 0
LogDevObjectVersion:   Dev-Networking (A4E4105C-59A1-49B5-A7C5-40C4547EDFEE): 0
LogDevObjectVersion:   Dev-Online (39C831C9-5AE6-47DC-9A44-9C173E1C8E7C): 0
LogDevObjectVersion:   Dev-Physics (78F01B33-EBEA-4F98-B9B4-84EACCB95AA2): 0
LogDevObjectVersion:   Dev-Platform (6631380F-2D4D-43E0-8009-CF276956A95A): 0
LogDevObjectVersion:   Dev-Rendering (12F88B9F-8875-4AFC-A67C-D90C383ABD29): 12
LogDevObjectVersion:   Dev-Sequencer (7B5AE74C-D270-4C10-A958-57980B212A5A): 3
LogDevObjectVersion:   Dev-VR (D7296918-1DD6-4BDD-9DE2-64A83CC13884): 0
LogDevObjectVersion:   Dev-LoadTimes (C2A15278-BFE7-4AFE-6C17-90FF531DF755): 1
LogInit: Compiled (64-bit): Feb 14 2017 02:04:14
LogInit: Compiled with Visual C++: 19.00.23026.00
LogInit: Build Configuration: Development
LogInit: Branch Name: ++UE4+Release-4.15
LogInit: Command line:  /Temp/Autosaves/Game/Levels/UEDPCMainMenu -game -PIEVIACONSOLE -ResX=1280 -ResY=720  -Multiprocess -messaging -SessionName="Play in Standalone Game" -windowed 
LogInit: Base directory: C:/Program Files/Epic Games/UE_4.15/Engine/Binaries/Win64/
LogInit: Installed Engine Build: 1
LogInit: Presizing for max 8388607 objects, including 0 objects not considered by GC, pre-allocating 0 bytes for permanent pool.
LogInit: Object subsystem initialized
[2017.03.12-23.33.12:957][  0]LogInit: Selected Device Profile: [Windows]
[2017.03.12-23.33.12:957][  0]LogInit: Applying CVar settings loaded from the selected device profile: [Windows]
[2017.03.12-23.33.12:960][  0]LogInit: Computer: DESKTOP-LKSOI0V
[2017.03.12-23.33.12:960][  0]LogInit: User: rojo8
[2017.03.12-23.33.12:960][  0]LogInit: CPU Page size=65536, Cores=4
[2017.03.12-23.33.12:960][  0]LogInit: High frequency timer resolution =3.914058 MHz
[2017.03.12-23.33.12:960][  0]LogMemory: Memory total: Physical=16.0GB (16GB approx)
[2017.03.12-23.33.12:960][  0]LogMemory: Platform Memory Stats for Windows
[2017.03.12-23.33.12:960][  0]LogMemory: Process Physical Memory: 300.97 MB used, 300.97 MB peak
[2017.03.12-23.33.12:960][  0]LogMemory: Process Virtual Memory: 284.11 MB used, 284.11 MB peak
[2017.03.12-23.33.12:960][  0]LogMemory: Physical Memory: 6891.57 MB used,  9452.39 MB free, 16343.96 MB total
[2017.03.12-23.33.12:960][  0]LogMemory: Virtual Memory: 754.27 MB used,  9452.39 MB free, 134217728.00 MB total
[2017.03.12-23.33.13:035][  0]LogTextLocalizationManager: No specific translations for ('en-US') exist, so ('en') translations will be used.
[2017.03.12-23.33.13:372][  0]LogD3D11RHI: D3D11 adapters:
[2017.03.12-23.33.13:396][  0]LogD3D11RHI:    0. 'NVIDIA GeForce GTX 1070' (Feature Level 11_0)
[2017.03.12-23.33.13:396][  0]LogD3D11RHI:       8119/0/8171 MB DedicatedVideo/DedicatedSystem/SharedSystem, Outputs:1, VendorId:0x10de
[2017.03.12-23.33.13:397][  0]LogD3D11RHI:    1. 'Microsoft Basic Render Driver' (Feature Level 11_0)
[2017.03.12-23.33.13:397][  0]LogD3D11RHI:       0/0/8171 MB DedicatedVideo/DedicatedSystem/SharedSystem, Outputs:0, VendorId:0x1414
[2017.03.12-23.33.13:397][  0]LogD3D11RHI: Chosen D3D11 Adapter: 0
[2017.03.12-23.33.13:402][  0]LogD3D11RHI: Creating new Direct3DDevice
[2017.03.12-23.33.13:402][  0]LogD3D11RHI:     GPU DeviceId: 0x1b81 (for the marketing name, search the web for "GPU Device Id")
[2017.03.12-23.33.13:402][  0]LogWindows: EnumDisplayDevices:
[2017.03.12-23.33.13:402][  0]LogWindows:    0. 'NVIDIA GeForce GTX 1070' (P:1 D:1)
[2017.03.12-23.33.13:402][  0]LogWindows:    1. 'NVIDIA GeForce GTX 1070' (P:0 D:0)
[2017.03.12-23.33.13:402][  0]LogWindows:    2. 'NVIDIA GeForce GTX 1070' (P:0 D:0)
[2017.03.12-23.33.13:403][  0]LogWindows:    3. 'NVIDIA GeForce GTX 1070' (P:0 D:0)
[2017.03.12-23.33.13:403][  0]LogWindows: DebugString: FoundDriverCount:4 
[2017.03.12-23.33.13:403][  0]LogD3D11RHI:     Adapter Name: NVIDIA GeForce GTX 1070
[2017.03.12-23.33.13:403][  0]LogD3D11RHI:   Driver Version: 378.66 (internal:21.21.13.7866, unified:378.66)
[2017.03.12-23.33.13:403][  0]LogD3D11RHI:      Driver Date: 2-9-2017
[2017.03.12-23.33.13:403][  0]LogRHI: Texture pool is 1361 MB (70% of 1945 MB)
[2017.03.12-23.33.13:415][  0]LogD3D11RHI: Async texture creation enabled
[2017.03.12-23.33.13:431][  0]LogD3D11RHI: GPU Timing Frequency: 1000.000000 (Debug: 2 2)
[2017.03.12-23.33.13:473][  0]LogShaderCompilers: Guid format shader working directory is -25 characters bigger than the processId version (../../../../../../Users/rojo8/Documents/Unreal Projects/MultiplayerMenu/Intermediate/Shaders/WorkingDirectory/2152/).
[2017.03.12-23.33.13:474][  0]LogShaderCompilers: Cleaned the shader compiler working directory 'C:/Users/rojo8/AppData/Local/Temp/UnrealShaderWorkingDir/F6F052B547FB916D091E779858B52895/'.
[2017.03.12-23.33.13:474][  0]LogShaderCompilers:Display: Using Local Shader Compiler.
[2017.03.12-23.33.14:285][  0]LogTemp:Display: Loaded TP WindowsClientTargetPlatform
[2017.03.12-23.33.14:328][  0]LogTemp:Display: Loaded TP WindowsNoEditorTargetPlatform
[2017.03.12-23.33.14:371][  0]LogTemp:Display: Loaded TP WindowsServerTargetPlatform
[2017.03.12-23.33.14:405][  0]LogTemp:Display: Loaded TP WindowsTargetPlatform
[2017.03.12-23.33.14:405][  0]LogTargetPlatformManager:Display: Building Assets For Windows
[2017.03.12-23.33.14:750][  0]LogDerivedDataCache:Display: Max Cache Size: 512 MB
[2017.03.12-23.33.14:789][  0]LogDerivedDataCache: Loaded boot cache 0.04s 50MB C:/Users/rojo8/AppData/Local/UnrealEngine/4.15/DerivedDataCache/Boot.ddc.
[2017.03.12-23.33.14:789][  0]LogDerivedDataCache:Display: Loaded Boot cache: C:/Users/rojo8/AppData/Local/UnrealEngine/4.15/DerivedDataCache/Boot.ddc
[2017.03.12-23.33.14:789][  0]LogDerivedDataCache: FDerivedDataBackendGraph:  Pak pak cache file ../../../../../../Users/rojo8/Documents/Unreal Projects/MultiplayerMenu/DerivedDataCache/DDC.ddp not found, will not use a pak cache.
[2017.03.12-23.33.14:789][  0]LogDerivedDataCache: Unable to find inner node Pak for hierarchical cache Hierarchy.
[2017.03.12-23.33.14:789][  0]LogDerivedDataCache: FDerivedDataBackendGraph:  CompressedPak pak cache file ../../../../../../Users/rojo8/Documents/Unreal Projects/MultiplayerMenu/DerivedDataCache/Compressed.ddp not found, will not use a pak cache.
[2017.03.12-23.33.14:789][  0]LogDerivedDataCache: Unable to find inner node CompressedPak for hierarchical cache Hierarchy.
[2017.03.12-23.33.14:803][  0]LogDerivedDataCache:Display: Pak cache opened for reading ../../../Engine/DerivedDataCache/Compressed.ddp.
[2017.03.12-23.33.14:814][  0]LogDerivedDataCache: Using Local data cache path C:/Users/rojo8/AppData/Local/UnrealEngine/Common/DerivedDataCache: Writable
[2017.03.12-23.33.14:821][  0]LogSlate: Using Freetype 2.6.0
[2017.03.12-23.33.14:821][  0]LogSlate: SlateFontCache - WITH_FREETYPE: 1, WITH_HARFBUZZ: 1
[2017.03.12-23.33.14:821][  0]LogSlate: SlateFontCache - WITH_FREETYPE: 1, WITH_HARFBUZZ: 1
[2017.03.12-23.33.15:056][  0]LogAssetRegistry: FAssetRegistry took 0.0001 seconds to start up
[2017.03.12-23.33.15:060][  0]LogPackageLocalizationCache: Processed 3 localized package path(s) for 2 prioritized culture(s) in 0.004207 seconds
[2017.03.12-23.33.15:072][  0]LogInit: Selected Device Profile: [Windows]
[2017.03.12-23.33.15:073][  0]LogContentStreaming: Texture pool size is 1000.00 MB
[2017.03.12-23.33.15:226][  0]LogMeshUtilities: Using QuadricMeshReduction for automatic static mesh reduction
[2017.03.12-23.33.15:262][  0]LogSimplygon: Simplygon DLL not present - disabling.
[2017.03.12-23.33.15:297][  0]LogMeshUtilities: Using SimplygonSwarm for distributed automatic mesh merging
[2017.03.12-23.33.15:297][  0]LogMeshUtilities: No automatic skeletal mesh reduction module available
[2017.03.12-23.33.15:297][  0]LogMeshUtilities: No automatic mesh merging module available
[2017.03.12-23.33.15:652][  0]LogNetVersion: GetLocalNetworkVersion: CL: 3299760, ProjectName: multiplayermenu, ProjectVersion: , EngineNetworkVersion: 2, GameNetworkVersion: 0, NetworkChecksum: 2562512738
[2017.03.12-23.33.16:299][  0]LogMoviePlayer: Initializing movie player
[2017.03.12-23.33.16:360][  0]LogWindowsTextInputMethodSystem:Display: IME system now deactivated.
[2017.03.12-23.33.16:587][  0]LogSubstanceCoreModule: Substance [CPU] Engine Loaded, Max Texture Size = 2048
[2017.03.12-23.33.16:608][  0]LogTcpMessaging: Initializing TcpMessaging bridge
[2017.03.12-23.33.16:641][  0]LogUdpMessaging: Initializing bridge on interface 0.0.0.0:0 to multicast group 230.0.0.1:6666.
[2017.03.12-23.33.16:912][  0]SourceControl: Info Source control is disabled
[2017.03.12-23.33.16:912][  0]SourceControl: Info Source control is disabled
[2017.03.12-23.33.16:948][  0]SourceControl: Info Source control is disabled
[2017.03.12-23.33.17:619][  0]LogUObjectArray: 35315 objects as part of root set at end of initial load.
[2017.03.12-23.33.17:619][  0]LogUObjectAllocator: 8026224 out of 0 bytes used by permanent object pool.
[2017.03.12-23.33.17:619][  0]LogUObjectArray: CloseDisregardForGC: 0/0 objects in disregard for GC pool
[2017.03.12-23.33.17:699][  0]LogEngine: Initializing Engine...
[2017.03.12-23.33.17:699][  0]LogHMD: Failed to initialize OpenVR with code 110
[2017.03.12-23.33.17:786][  0]LogInit: XAudio2 using 'VoiceMeeter Input (VB-Audio VoiceMeeter VAIO)' : 2 channels at 44.1 kHz using 16 bits per sample (channel mask 0x3)
[2017.03.12-23.33.17:790][  0]LogInit: FAudioDevice initialized.
[2017.03.12-23.33.17:806][  0]LogInit: Texture streaming: Enabled
[2017.03.12-23.33.17:814][  0]LogMaterial: Uniform references updated for custom material expression Custom.
[2017.03.12-23.33.18:063][  0]LogInit:Display: Game Engine Initialized.
[2017.03.12-23.33.18:197][  0]LogInit:Display: Starting Game.
[2017.03.12-23.33.18:197][  0]LogNet: Browse: /Temp/Autosaves/Game/Levels/UEDPCMainMenu?Name=Player
[2017.03.12-23.33.18:197][  0]LogLoad: LoadMap: /Temp/Autosaves/Game/Levels/UEDPCMainMenu?Name=Player
[2017.03.12-23.33.18:211][  0]LogMemory: Platform Memory Stats for Windows
[2017.03.12-23.33.18:211][  0]LogMemory: Process Physical Memory: 693.66 MB used, 721.75 MB peak
[2017.03.12-23.33.18:211][  0]LogMemory: Process Virtual Memory: 758.04 MB used, 758.05 MB peak
[2017.03.12-23.33.18:211][  0]LogMemory: Physical Memory: 7218.89 MB used,  9125.07 MB free, 16343.96 MB total
[2017.03.12-23.33.18:211][  0]LogMemory: Virtual Memory: 1403.42 MB used,  9125.07 MB free, 134217728.00 MB total
[2017.03.12-23.33.18:211][  0]LogMemory: 
[2017.03.12-23.33.18:211][  0]Allocator Stats for TBB: (not implemented)
[2017.03.12-23.33.18:464][  0]LogAIModule: Creating AISystem for world MainMenu
[2017.03.12-23.33.18:464][  0]LogLoad: Game class is 'GameModeBase'
[2017.03.12-23.33.18:466][  0]LogWorld: Bringing World /Temp/Autosaves/Game/Levels/UEDPCMainMenu.MainMenu up for play (max tick rate 0) at 2017.03.12-18.33.18
[2017.03.12-23.33.18:466][  0]LogWorld: Bringing up level for play took: 0.000371
[2017.03.12-23.33.18:469][  0]LogNetVersion: GetLocalNetworkVersion: CL: 3299760, ProjectName: multiplayermenu, ProjectVersion: 1.0.0.0, EngineNetworkVersion: 2, GameNetworkVersion: 0, NetworkChecksum: 2668683999
[2017.03.12-23.33.18:478][  0]LogBlueprintUserMessages: [FriendsPanel] Added!
[2017.03.12-23.33.18:480][  0]LogLoad: Took 0.282263 seconds to LoadMap(/Temp/Autosaves/Game/Levels/UEDPCMainMenu)
[2017.03.12-23.33.18:484][  0]LogSlate: Took 0.000134 seconds to synchronously load lazily loaded font '../../../Engine/Content/Slate/Fonts/Roboto-Regular.ttf' (155K)
[2017.03.12-23.33.18:634][  0]LogRenderer: Reallocating scene render targets to support 1280x720 NumSamples 1 (Frame:2).
[2017.03.12-23.33.18:634][  0]LogLoad: (Engine Initialization) Total time: 7.33 seconds
[2017.03.12-23.33.18:634][  0]LogLoad: (Engine Initialization) Total Blueprint compile time: 0.11 seconds
[2017.03.12-23.33.18:634][  0]LogExternalProfiler: No external profilers were discovered.  External profiling features will not be available.
[2017.03.12-23.33.18:650][  0]LogOcInput: OculusInput pre-init called
[2017.03.12-23.33.18:977][ 17]LogSlate: Took 0.023694 seconds to synchronously load lazily loaded font '../../../Engine/Content/Slate/Fonts/DroidSansFallback.ttf' (3848K)
[2017.03.12-23.33.21:994][198]LogRenderer: Reallocating scene render targets to support 2560x1380 NumSamples 1 (Frame:202).
[2017.03.12-23.33.32:060][818]LogVoiceEncode:Warning: Dropping voice data due to network layer not processing fast enough
[2017.03.12-23.34.12:561][307]LogWindowsTextInputMethodSystem:Display: IME system now deactivated.
[2017.03.12-23.34.12:563][307]LogWindowsTextInputMethodSystem:Display: IME system now deactivated.
[2017.03.12-23.34.12:565][307]LogEngine: All Windows Closed
[2017.03.12-23.34.12:565][307]LogWindows: FPlatformMisc::RequestExit(0)
[2017.03.12-23.34.12:565][308]LogMoviePlayer: Shutting down movie player
[2017.03.12-23.34.12:725][308]LogExit: Preparing to exit.
[2017.03.12-23.34.13:787][308]LogExit: Game engine shut down
[2017.03.12-23.34.13:827][308]LogObj: Freed 0b from 0 cluster array pools.
[2017.03.12-23.34.13:827][308]LogExit: Object subsystem successfully closed.
[2017.03.12-23.34.13:839][308]LogD3D11RHI: Shutdown
[2017.03.12-23.34.13:839][308]LogD3D11RHI: CleanupD3DDevice
[2017.03.12-23.34.13:914][308]LogD3D11RHI: ~FD3D11DynamicRHI
[2017.03.12-23.34.13:920][308]LogModuleManager: Shutting down and abandoning module SequenceRecorderSections (278)
[2017.03.12-23.34.13:920][308]LogModuleManager: Shutting down and abandoning module SequenceRecorder (276)
[2017.03.12-23.34.13:920][308]LogModuleManager: Shutting down and abandoning module AutomationController (274)
[2017.03.12-23.34.13:920][308]LogModuleManager: Shutting down and abandoning module AutomationWorker (272)
[2017.03.12-23.34.13:920][308]LogModuleManager: Shutting down and abandoning module AIModule (270)
[2017.03.12-23.34.13:920][308]LogModuleManager: Shutting down and abandoning module GameplayDebugger (269)
[2017.03.12-23.34.13:920][308]LogModuleManager: Shutting down and abandoning module AITestSuite (267)
[2017.03.12-23.34.13:920][308]LogModuleManager: Shutting down and abandoning module WmfMediaFactory (264)
[2017.03.12-23.34.13:920][308]LogModuleManager: Shutting down and abandoning module MfMediaFactory (262)
[2017.03.12-23.34.13:920][308]LogModuleManager: Shutting down and abandoning module AvfMediaFactory (260)
[2017.03.12-23.34.13:921][308]LogModuleManager: Shutting down and abandoning module AndroidMediaFactory (258)
[2017.03.12-23.34.13:921][308]LogModuleManager: Shutting down and abandoning module Media (257)
[2017.03.12-23.34.13:921][308]LogModuleManager: Shutting down and abandoning module CharacterAI (254)
[2017.03.12-23.34.13:921][308]LogModuleManager: Shutting down and abandoning module SessionServices (252)
[2017.03.12-23.34.13:921][308]LogModuleManager: Shutting down and abandoning module MovieSceneCapture (250)
[2017.03.12-23.34.13:921][308]LogModuleManager: Shutting down and abandoning module GeometryCache (248)
[2017.03.12-23.34.13:921][308]LogModuleManager: Shutting down and abandoning module GeometryCacheEd (247)
[2017.03.12-23.34.13:921][308]LogModuleManager: Shutting down and abandoning module Niagara (244)
[2017.03.12-23.34.13:921][308]LogModuleManager: Shutting down and abandoning module StreamingPauseRendering (242)
[2017.03.12-23.34.13:921][308]LogModuleManager: Shutting down and abandoning module PortalServices (240)
[2017.03.12-23.34.13:921][308]LogModuleManager: Shutting down and abandoning module PortalRpc (238)
[2017.03.12-23.34.13:921][308]LogModuleManager: Shutting down and abandoning module MessagingRpc (236)
[2017.03.12-23.34.13:921][308]LogModuleManager: Shutting down and abandoning module ProfilerService (234)
[2017.03.12-23.34.14:007][308]LogModuleManager: Shutting down and abandoning module TaskGraph (232)
[2017.03.12-23.34.14:007][308]LogModuleManager: Shutting down and abandoning module SteamVRController (230)
[2017.03.12-23.34.14:007][308]LogModuleManager: Shutting down and abandoning module SteamVR (228)
[2017.03.12-23.34.14:007][308]LogModuleManager: Shutting down and abandoning module ProceduralMeshComponent (226)
[2017.03.12-23.34.14:007][308]LogModuleManager: Shutting down and abandoning module OculusLibrary (224)
[2017.03.12-23.34.14:007][308]LogModuleManager: Shutting down and abandoning module OculusInput (222)
[2017.03.12-23.34.14:007][308]LogModuleManager: Shutting down and abandoning module MobilePatchingUtils (220)
[2017.03.12-23.34.14:007][308]LogModuleManager: Shutting down and abandoning module CustomMeshComponent (218)
[2017.03.12-23.34.14:007][308]LogModuleManager: Shutting down and abandoning module CableComponent (216)
[2017.03.12-23.34.14:007][308]LogModuleManager: Shutting down and abandoning module ArchVisCharacter (214)
[2017.03.12-23.34.14:007][308]LogModuleManager: Shutting down and abandoning module Rejoin (210)
[2017.03.12-23.34.14:007][308]LogModuleManager: Shutting down and abandoning module Hotfix (208)
[2017.03.12-23.34.14:007][308]LogModuleManager: Shutting down and abandoning module Lobby (206)
[2017.03.12-23.34.14:007][308]LogModuleManager: Shutting down and abandoning module Party (204)
[2017.03.12-23.34.14:007][308]LogModuleManager: Shutting down and abandoning module Qos (202)
[2017.03.12-23.34.14:007][308]LogModuleManager: Shutting down and abandoning module HTML5Networking (200)
[2017.03.12-23.34.14:007][308]LogModuleManager: Shutting down and abandoning module VisualStudioSourceCodeAccess (198)
[2017.03.12-23.34.14:007][308]LogModuleManager: Shutting down and abandoning module DesktopPlatform (197)
[2017.03.12-23.34.14:007][308]LogModuleManager: Shutting down and abandoning module HotReload (195)
[2017.03.12-23.34.14:007][308]LogModuleManager: Shutting down and abandoning module DirectoryWatcher (194)
[2017.03.12-23.34.14:007][308]LogModuleManager: Shutting down and abandoning module UObjectPlugin (190)
[2017.03.12-23.34.14:007][308]LogModuleManager: Shutting down and abandoning module SubversionSourceControl (188)
[2017.03.12-23.34.14:007][308]LogModuleManager: Shutting down and abandoning module PerforceSourceControl (186)
[2017.03.12-23.34.14:007][308]LogModuleManager: Shutting down and abandoning module SourceControl (185)
[2017.03.12-23.34.14:007][308]LogModuleManager: Shutting down and abandoning module AdvancedSessions (182)
[2017.03.12-23.34.14:007][308]LogModuleManager: Shutting down and abandoning module PhysXVehiclesEditor (180)
[2017.03.12-23.34.14:007][308]LogModuleManager: Shutting down and abandoning module PhysXVehicles (178)
[2017.03.12-23.34.14:007][308]LogModuleManager: Shutting down and abandoning module LocationServicesBPLibrary (176)
[2017.03.12-23.34.14:007][308]LogModuleManager: Shutting down and abandoning module UdpMessaging (174)
[2017.03.12-23.34.14:108][308]LogModuleManager: Shutting down and abandoning module TcpMessaging (172)
[2017.03.12-23.34.14:635][308]LogModuleManager: Shutting down and abandoning module SubstanceCore (170)
[2017.03.12-23.34.14:635][308]LogModuleManager: Shutting down and abandoning module GameplayTagsEditor (168)
[2017.03.12-23.34.14:635][308]LogModuleManager: Shutting down and abandoning module FacialAnimation (166)
[2017.03.12-23.34.14:635][308]LogModuleManager: Shutting down and abandoning module LightPropagationVolumeRuntime (164)
[2017.03.12-23.34.14:635][308]LogModuleManager: Shutting down and abandoning module Paper2D (162)
[2017.03.12-23.34.14:635][308]LogModuleManager: Shutting down and abandoning module WindowsMoviePlayer (160)
[2017.03.12-23.34.14:635][308]LogModuleManager: Shutting down and abandoning module WmfMedia (158)
[2017.03.12-23.34.14:636][308]LogModuleManager: Shutting down and abandoning module MfMedia (156)
[2017.03.12-23.34.14:636][308]LogModuleManager: Shutting down and abandoning module MediaAssets (154)
[2017.03.12-23.34.14:636][308]LogModuleManager: Shutting down and abandoning module GameLiveStreaming (152)
[2017.03.12-23.34.14:636][308]LogModuleManager: Shutting down and abandoning module VREditor (150)
[2017.03.12-23.34.14:636][308]LogModuleManager: Shutting down and abandoning module GameplayTasksEditor (148)
[2017.03.12-23.34.14:636][308]LogModuleManager: Shutting down and abandoning module BehaviorTreeEditor (146)
[2017.03.12-23.34.14:636][308]LogModuleManager: Shutting down and abandoning module FunctionalTesting (144)
[2017.03.12-23.34.14:636][308]LogModuleManager: Shutting down and abandoning module CollisionAnalyzer (142)
[2017.03.12-23.34.14:636][308]LogModuleManager: Shutting down and abandoning module UMG (140)
[2017.03.12-23.34.14:636][308]LogModuleManager: Shutting down and abandoning module UMGEditor (139)
[2017.03.12-23.34.14:636][308]LogModuleManager: Shutting down and abandoning module Sequencer (138)
[2017.03.12-23.34.14:636][308]LogModuleManager: Shutting down and abandoning module AssetTools (136)
[2017.03.12-23.34.14:636][308]LogModuleManager: Shutting down and abandoning module MessageLog (135)
[2017.03.12-23.34.14:636][308]LogModuleManager: Shutting down and abandoning module WorkspaceMenuStructure (134)
[2017.03.12-23.34.14:636][308]LogModuleManager: Shutting down and abandoning module SlateReflector (128)
[2017.03.12-23.34.14:636][308]LogModuleManager: Shutting down and abandoning module Slate (126)
[2017.03.12-23.34.14:636][308]LogModuleManager: Shutting down and abandoning module EditorStyle (124)
[2017.03.12-23.34.14:637][308]LogModuleManager: Shutting down and abandoning module Messaging (122)
[2017.03.12-23.34.14:637][308]LogModuleManager: Shutting down and abandoning module SourceCodeAccess (120)
[2017.03.12-23.34.14:637][308]LogModuleManager: Shutting down and abandoning module HeadMountedDisplay (118)
[2017.03.12-23.34.14:637][308]LogModuleManager: Shutting down and abandoning module XAudio2 (116)
[2017.03.12-23.34.14:637][308]LogModuleManager: Shutting down and abandoning module Networking (114)
[2017.03.12-23.34.14:637][308]LogModuleManager: Shutting down and abandoning module Core (112)
[2017.03.12-23.34.14:637][308]LogModuleManager: Shutting down and abandoning module KismetCompiler (110)
[2017.03.12-23.34.14:637][308]LogModuleManager: Shutting down and abandoning module PhysXFormats (108)
[2017.03.12-23.34.14:637][308]LogModuleManager: Shutting down and abandoning module MeshUtilities (106)
[2017.03.12-23.34.14:637][308]LogModuleManager: Shutting down and abandoning module SimplygonSwarm (105)
[2017.03.12-23.34.14:637][308]LogModuleManager: Shutting down and abandoning module SimplygonMeshReduction (103)
[2017.03.12-23.34.14:637][308]LogModuleManager: Shutting down and abandoning module QuadricMeshReduction (101)
[2017.03.12-23.34.14:637][308]LogModuleManager: Shutting down and abandoning module PropertyEditor (99)
[2017.03.12-23.34.14:637][308]LogModuleManager: Shutting down and abandoning module AssetRegistry (96)
[2017.03.12-23.34.14:637][308]LogModuleManager: Shutting down and abandoning module DerivedDataCache (94)
[2017.03.12-23.34.14:855][308]LogDerivedDataCache: Shutdown
[2017.03.12-23.34.14:855][308]LogModuleManager: Shutting down and abandoning module TargetPlatform (92)
[2017.03.12-23.34.14:855][308]LogModuleManager: Shutting down and abandoning module VulkanShaderFormat (91)
[2017.03.12-23.34.14:855][308]LogModuleManager: Shutting down and abandoning module ShaderFormatOpenGL (89)
[2017.03.12-23.34.14:855][308]LogModuleManager: Shutting down and abandoning module ShaderFormatD3D (87)
[2017.03.12-23.34.14:855][308]LogModuleManager: Shutting down and abandoning module MetalShaderFormat (85)
[2017.03.12-23.34.14:855][308]LogModuleManager: Shutting down and abandoning module TextureFormatUncompressed (83)
[2017.03.12-23.34.14:855][308]LogModuleManager: Shutting down and abandoning module TextureFormatPVR (81)
[2017.03.12-23.34.14:855][308]LogModuleManager: Shutting down and abandoning module TextureFormatDXT (79)
[2017.03.12-23.34.14:855][308]LogModuleManager: Shutting down and abandoning module TextureFormatIntelISPCTexComp (77)
[2017.03.12-23.34.14:855][308]LogModuleManager: Shutting down and abandoning module TextureFormatASTC (75)
[2017.03.12-23.34.14:855][308]LogModuleManager: Shutting down and abandoning module ImageWrapper (74)
[2017.03.12-23.34.14:855][308]LogModuleManager: Shutting down and abandoning module TextureFormatAndroid (71)
[2017.03.12-23.34.14:855][308]LogModuleManager: Shutting down and abandoning module AudioFormatOpus (69)
[2017.03.12-23.34.14:855][308]LogModuleManager: Shutting down and abandoning module AudioFormatOgg (67)
[2017.03.12-23.34.14:855][308]LogModuleManager: Shutting down and abandoning module AudioFormatADPCM (65)
[2017.03.12-23.34.14:855][308]LogModuleManager: Shutting down and abandoning module WindowsTargetPlatform (63)
[2017.03.12-23.34.14:855][308]LogModuleManager: Shutting down and abandoning module WindowsServerTargetPlatform (61)
[2017.03.12-23.34.14:855][308]LogModuleManager: Shutting down and abandoning module WindowsNoEditorTargetPlatform (59)
[2017.03.12-23.34.14:855][308]LogModuleManager: Shutting down and abandoning module WindowsClientTargetPlatform (57)
[2017.03.12-23.34.14:855][308]LogModuleManager: Shutting down and abandoning module InputCore (54)
[2017.03.12-23.34.14:855][308]LogModuleManager: Shutting down and abandoning module Settings (52)
[2017.03.12-23.34.14:855][308]LogModuleManager: Shutting down and abandoning module OculusRift (50)
[2017.03.12-23.34.14:855][308]LogModuleManager: Shutting down and abandoning module ExampleDeviceProfileSelector (48)
[2017.03.12-23.34.14:855][308]LogModuleManager: Shutting down and abandoning module OnlineBlueprintSupport (46)
[2017.03.12-23.34.14:855][308]LogModuleManager: Shutting down and abandoning module OnlineSubsystem (42)
[2017.03.12-23.34.14:855][308]LogOnline:Display: STEAM: OnlineSubsystemSteam::Shutdown()
[2017.03.12-23.34.14:883][308]LogOnline:Display: Unloading online subsystem: STEAM
[2017.03.12-23.34.14:883][308]LogOnline:Display: STEAM: OnlineSubsystemSteam::Shutdown()
[2017.03.12-23.34.14:883][308]LogOnline:Display: Unloading online subsystem: NULL
[2017.03.12-23.34.14:883][308]LogModuleManager: Shutting down and abandoning module XMPP (37)
[2017.03.12-23.34.14:883][308]LogModuleManager: Shutting down and abandoning module HTTP (35)
[2017.03.12-23.34.14:903][308]LogModuleManager: Shutting down and abandoning module SSL (34)
[2017.03.12-23.34.14:904][308]LogModuleManager: Shutting down and abandoning module AudioEditor (30)
[2017.03.12-23.34.14:904][308]LogModuleManager: Shutting down and abandoning module TextureCompressor (28)
[2017.03.12-23.34.14:905][308]LogModuleManager: Shutting down and abandoning module ShaderCore (26)
[2017.03.12-23.34.14:905][308]LogModuleManager: Shutting down and abandoning module Landscape (24)
[2017.03.12-23.34.14:905][308]LogModuleManager: Shutting down and abandoning module SlateRHIRenderer (22)
[2017.03.12-23.34.14:905][308]LogModuleManager: Shutting down and abandoning module OpenGLDrv (20)
[2017.03.12-23.34.14:905][308]LogModuleManager: Shutting down and abandoning module D3D11RHI (18)
[2017.03.12-23.34.14:905][308]LogModuleManager: Shutting down and abandoning module AnimGraphRuntime (16)
[2017.03.12-23.34.14:905][308]LogModuleManager: Shutting down and abandoning module Renderer (14)
[2017.03.12-23.34.14:905][308]LogModuleManager: Shutting down and abandoning module Engine (12)
[2017.03.12-23.34.14:905][308]LogModuleManager: Shutting down and abandoning module CoreUObject (10)
[2017.03.12-23.34.14:905][308]LogModuleManager: Shutting down and abandoning module NetworkFile (8)
[2017.03.12-23.34.14:905][308]LogModuleManager: Shutting down and abandoning module StreamingFile (6)
[2017.03.12-23.34.14:905][308]LogModuleManager: Shutting down and abandoning module SandboxFile (4)
[2017.03.12-23.34.14:905][308]LogModuleManager: Shutting down and abandoning module PakFile (2)
[2017.03.12-23.34.14:907][308]LogExit: Exiting.
[2017.03.12-23.34.14:908][308]Log file closed, 03/12/17 18:34:14
