Log file open, 03/12/17 17:40:14
LogInit:Display: Running engine for game: MultiplayerMenu
LogPlatformFile: Not using cached read wrapper
LogInit:Display: RandInit(1719607981) SRandInit(1719607981).
LogTaskGraph: Started task graph with 5 named threads and 8 total threads with 1 sets of task threads.
LogStats: Stats thread started at 0.352876
LogInit: Using libcurl 7.47.1
LogInit:  - built for x86_64-pc-win32
LogInit:  - supports SSL with OpenSSL/1.0.2g
LogInit:  - supports HTTP deflate (compression) using libz 1.2.8
LogInit:  - other features:
LogInit:      CURL_VERSION_SSL
LogInit:      CURL_VERSION_LIBZ
LogInit:      CURL_VERSION_IPV6
LogInit:      CURL_VERSION_ASYNCHDNS
LogInit:      CURL_VERSION_LARGEFILE
LogInit:      CURL_VERSION_IDN
LogInit:  CurlRequestOptions (configurable via config and command line):
LogInit:  - bVerifyPeer = false  - Libcurl will NOT verify peer certificate
LogInit:  - bUseHttpProxy = false  - Libcurl will NOT use HTTP proxy
LogInit:  - bDontReuseConnections = false  - Libcurl will reuse connections
LogInit:  - CertBundlePath = nullptr  - Libcurl will use whatever was configured at build time.
LogOnline:Display: STEAM: Loading Steam SDK 1.32
LogOnline:Warning: STEAM: Steam API disabled!
LogOnline:Display: STEAM: OnlineSubsystemSteam::Shutdown()
LogInit: WinSock: version 1.1 (2.2), MaxSocks=32767, MaxUdp=65467
LogInit: Build: ++UE4+Release-4.15-CL-3299760
LogInit: Engine Version: 4.15.0-3299760+++UE4+Release-4.15
LogInit: Compatible Engine Version: 4.15.0-3299760+++UE4+Release-4.15
LogInit: Net CL: 3299760
LogDevObjectVersion: Number of dev versions registered: 14
LogDevObjectVersion:   Dev-Blueprints (B0D832E4-1F89-4F0D-ACCF-7EB736FD4AA2): 8
LogDevObjectVersion:   Dev-Build (E1C64328-A22C-4D53-A36C-8E866417BD8C): 0
LogDevObjectVersion:   Dev-Core (375EC13C-06E4-48FB-B500-84F0262A717E): 2
LogDevObjectVersion:   Dev-Editor (E4B068ED-F494-42E9-A231-DA0B2E46BB41): 14
LogDevObjectVersion:   Dev-Framework (CFFC743F-43B0-4480-9391-14DF171D2073): 22
LogDevObjectVersion:   Dev-Mobile (B02B49B5-BB20-44E9-A304-32B752E40360): 0
LogDevObjectVersion:   Dev-Networking (A4E4105C-59A1-49B5-A7C5-40C4547EDFEE): 0
LogDevObjectVersion:   Dev-Online (39C831C9-5AE6-47DC-9A44-9C173E1C8E7C): 0
LogDevObjectVersion:   Dev-Physics (78F01B33-EBEA-4F98-B9B4-84EACCB95AA2): 0
LogDevObjectVersion:   Dev-Platform (6631380F-2D4D-43E0-8009-CF276956A95A): 0
LogDevObjectVersion:   Dev-Rendering (12F88B9F-8875-4AFC-A67C-D90C383ABD29): 12
LogDevObjectVersion:   Dev-Sequencer (7B5AE74C-D270-4C10-A958-57980B212A5A): 3
LogDevObjectVersion:   Dev-VR (D7296918-1DD6-4BDD-9DE2-64A83CC13884): 0
LogDevObjectVersion:   Dev-LoadTimes (C2A15278-BFE7-4AFE-6C17-90FF531DF755): 1
LogInit: Compiled (64-bit): Feb 14 2017 02:04:14
LogInit: Compiled with Visual C++: 19.00.23026.00
LogInit: Build Configuration: Development
LogInit: Branch Name: ++UE4+Release-4.15
LogInit: Command line:  
LogInit: Base directory: C:/Program Files/Epic Games/UE_4.15/Engine/Binaries/Win64/
LogInit: Installed Engine Build: 1
LogInit: Presizing for max 8388607 objects, including 0 objects not considered by GC, pre-allocating 0 bytes for permanent pool.
LogInit: Object subsystem initialized
[2017.03.12-23.40.16:060][  0]LogInit: Selected Device Profile: [Windows]
[2017.03.12-23.40.16:060][  0]LogInit: Applying CVar settings loaded from the selected device profile: [Windows]
[2017.03.12-23.40.16:086][  0]LogInit: Computer: MSI
[2017.03.12-23.40.16:086][  0]LogInit: User: rojo8
[2017.03.12-23.40.16:086][  0]LogInit: CPU Page size=65536, Cores=4
[2017.03.12-23.40.16:086][  0]LogInit: High frequency timer resolution =2.437499 MHz
[2017.03.12-23.40.16:086][  0]LogMemory: Memory total: Physical=7.9GB (8GB approx)
[2017.03.12-23.40.16:087][  0]LogMemory: Platform Memory Stats for Windows
[2017.03.12-23.40.16:087][  0]LogMemory: Process Physical Memory: 268.13 MB used, 268.13 MB peak
[2017.03.12-23.40.16:087][  0]LogMemory: Process Virtual Memory: 263.00 MB used, 263.00 MB peak
[2017.03.12-23.40.16:087][  0]LogMemory: Physical Memory: 3761.91 MB used,  4350.14 MB free, 8112.04 MB total
[2017.03.12-23.40.16:087][  0]LogMemory: Virtual Memory: 671.54 MB used,  4350.14 MB free, 134217728.00 MB total
[2017.03.12-23.40.16:430][  0]LogTextLocalizationManager: No specific translations for ('en-US') exist, so ('en') translations will be used.
[2017.03.12-23.40.18:868][  0]LogD3D11RHI: D3D11 adapters:
[2017.03.12-23.40.18:905][  0]LogD3D11RHI:    0. 'NVIDIA GeForce GTX 1050' (Feature Level 11_0)
[2017.03.12-23.40.18:905][  0]LogD3D11RHI:       2009/0/4056 MB DedicatedVideo/DedicatedSystem/SharedSystem, Outputs:1, VendorId:0x10de
[2017.03.12-23.40.18:911][  0]LogD3D11RHI:    1. 'Intel(R) HD Graphics 630' (Feature Level 11_0)
[2017.03.12-23.40.18:911][  0]LogD3D11RHI:       128/0/4056 MB DedicatedVideo/DedicatedSystem/SharedSystem, Outputs:0, VendorId:0x8086
[2017.03.12-23.40.18:912][  0]LogD3D11RHI:    2. 'Microsoft Basic Render Driver' (Feature Level 11_0)
[2017.03.12-23.40.18:912][  0]LogD3D11RHI:       0/0/4056 MB DedicatedVideo/DedicatedSystem/SharedSystem, Outputs:0, VendorId:0x1414
[2017.03.12-23.40.18:912][  0]LogD3D11RHI: Chosen D3D11 Adapter: 0
[2017.03.12-23.40.18:917][  0]LogD3D11RHI: Creating new Direct3DDevice
[2017.03.12-23.40.18:917][  0]LogD3D11RHI:     GPU DeviceId: 0x1c8d (for the marketing name, search the web for "GPU Device Id")
[2017.03.12-23.40.18:917][  0]LogWindows: EnumDisplayDevices:
[2017.03.12-23.40.18:917][  0]LogWindows:    0. 'Intel(R) HD Graphics 630' (P:1 D:1)
[2017.03.12-23.40.18:917][  0]LogWindows:    1. 'Intel(R) HD Graphics 630' (P:0 D:0)
[2017.03.12-23.40.18:917][  0]LogWindows:    2. 'Intel(R) HD Graphics 630' (P:0 D:0)
[2017.03.12-23.40.18:917][  0]LogWindows: DebugString: PrimaryIsNotTheChoosenAdapter PrimaryIsNotTheChoosenAdapter PrimaryIsNotTheChoosenAdapter FoundDriverCount:0 
[2017.03.12-23.40.18:917][  0]LogD3D11RHI:     Adapter Name: NVIDIA GeForce GTX 1050
[2017.03.12-23.40.18:917][  0]LogD3D11RHI:   Driver Version: Unknown (internal:Unknown, unified:Unknown)
[2017.03.12-23.40.18:917][  0]LogD3D11RHI:      Driver Date: Unknown
[2017.03.12-23.40.18:918][  0]LogRHI: Texture pool is 1361 MB (70% of 1945 MB)
[2017.03.12-23.40.18:932][  0]LogD3D11RHI: Async texture creation enabled
[2017.03.12-23.40.18:959][  0]LogD3D11RHI: GPU Timing Frequency: 1000.000000 (Debug: 2 1)
[2017.03.12-23.40.18:964][  0]LogShaderCompilers: Guid format shader working directory is -26 characters bigger than the processId version (../../../../../../Users/rojo8/Documents/Unreal Projects/MultiplayerMenu/Intermediate/Shaders/WorkingDirectory/13936/).
[2017.03.12-23.40.18:964][  0]LogShaderCompilers: Cleaned the shader compiler working directory 'C:/Users/rojo8/AppData/Local/Temp/UnrealShaderWorkingDir/F052E6A04F14E3ABC4E3979171425CEF/'.
[2017.03.12-23.40.18:964][  0]LogShaderCompilers:Display: Using Local Shader Compiler.
[2017.03.12-23.40.21:459][  0]LogTemp:Display: Loaded TP AllDesktopTargetPlatform
[2017.03.12-23.40.21:519][  0]LogTemp:Display: Loaded TP MacClientTargetPlatform
[2017.03.12-23.40.21:577][  0]LogTemp:Display: Loaded TP MacNoEditorTargetPlatform
[2017.03.12-23.40.21:635][  0]LogTemp:Display: Loaded TP MacServerTargetPlatform
[2017.03.12-23.40.21:697][  0]LogTemp:Display: Loaded TP MacTargetPlatform
[2017.03.12-23.40.21:757][  0]LogTemp:Display: Loaded TP WindowsClientTargetPlatform
[2017.03.12-23.40.21:815][  0]LogTemp:Display: Loaded TP WindowsNoEditorTargetPlatform
[2017.03.12-23.40.21:876][  0]LogTemp:Display: Loaded TP WindowsServerTargetPlatform
[2017.03.12-23.40.21:925][  0]LogTemp:Display: Loaded TP WindowsTargetPlatform
[2017.03.12-23.40.21:985][  0]LogTemp:Display: Loaded TP AndroidTargetPlatform
[2017.03.12-23.40.22:043][  0]LogTemp:Display: Loaded TP Android_ASTCTargetPlatform
[2017.03.12-23.40.22:096][  0]LogTemp:Display: Loaded TP Android_ATCTargetPlatform
[2017.03.12-23.40.22:149][  0]LogTemp:Display: Loaded TP Android_DXTTargetPlatform
[2017.03.12-23.40.22:201][  0]LogTemp:Display: Loaded TP Android_ETC1TargetPlatform
[2017.03.12-23.40.22:255][  0]LogTemp:Display: Loaded TP Android_ETC2TargetPlatform
[2017.03.12-23.40.22:360][  0]LogTemp:Display: Loaded TP Android_MultiTargetPlatform
[2017.03.12-23.40.22:360][  0]LogTemp:Display: Loaded TP Android_PVRTCTargetPlatform
[2017.03.12-23.40.22:400][  0]LogTemp:Display: Loaded TP HTML5TargetPlatform
[2017.03.12-23.40.22:524][  0]LogTemp:Display: Loaded TP IOSTargetPlatform
[2017.03.12-23.40.22:559][  0]LogTemp:Display: Loaded TP TVOSTargetPlatform
[2017.03.12-23.40.22:614][  0]LogTemp:Display: Loaded TP LinuxClientTargetPlatform
[2017.03.12-23.40.22:667][  0]LogTemp:Display: Loaded TP LinuxNoEditorTargetPlatform
[2017.03.12-23.40.22:721][  0]LogTemp:Display: Loaded TP LinuxServerTargetPlatform
[2017.03.12-23.40.22:783][  0]LogTemp:Display: Loaded TP LinuxTargetPlatform
[2017.03.12-23.40.22:783][  0]LogTargetPlatformManager:Display: Building Assets For Windows
[2017.03.12-23.40.23:527][  0]LogDerivedDataCache:Display: Max Cache Size: 512 MB
[2017.03.12-23.40.23:527][  0]LogDerivedDataCache:Display: Starting with empty Boot cache
[2017.03.12-23.40.23:527][  0]LogDerivedDataCache: FDerivedDataBackendGraph:  Pak pak cache file ../../../../../../Users/rojo8/Documents/Unreal Projects/MultiplayerMenu/DerivedDataCache/DDC.ddp not found, will not use a pak cache.
[2017.03.12-23.40.23:527][  0]LogDerivedDataCache: Unable to find inner node Pak for hierarchical cache Hierarchy.
[2017.03.12-23.40.23:527][  0]LogDerivedDataCache: FDerivedDataBackendGraph:  CompressedPak pak cache file ../../../../../../Users/rojo8/Documents/Unreal Projects/MultiplayerMenu/DerivedDataCache/Compressed.ddp not found, will not use a pak cache.
[2017.03.12-23.40.23:527][  0]LogDerivedDataCache: Unable to find inner node CompressedPak for hierarchical cache Hierarchy.
[2017.03.12-23.40.23:554][  0]LogDerivedDataCache:Display: Pak cache opened for reading ../../../Engine/DerivedDataCache/Compressed.ddp.
[2017.03.12-23.40.23:567][  0]LogDerivedDataCache: Using Local data cache path C:/Users/rojo8/AppData/Local/UnrealEngine/Common/DerivedDataCache: Writable
[2017.03.12-23.40.23:594][  0]LogSlate: Using Freetype 2.6.0
[2017.03.12-23.40.23:610][  0]LogSlate: SlateFontCache - WITH_FREETYPE: 1, WITH_HARFBUZZ: 1
[2017.03.12-23.40.23:610][  0]LogSlate: SlateFontCache - WITH_FREETYPE: 1, WITH_HARFBUZZ: 1
[2017.03.12-23.40.26:503][  0]LogInit: Selected Device Profile: [Windows]
[2017.03.12-23.40.26:510][  0]LogContentStreaming: Texture pool size is 0.00 MB
[2017.03.12-23.40.26:817][  0]LogMeshUtilities: Using QuadricMeshReduction for automatic static mesh reduction
[2017.03.12-23.40.26:876][  0]LogSimplygon: Simplygon DLL not present - disabling.
[2017.03.12-23.40.26:925][  0]LogMeshUtilities: Using SimplygonSwarm for distributed automatic mesh merging
[2017.03.12-23.40.26:925][  0]LogMeshUtilities: No automatic skeletal mesh reduction module available
[2017.03.12-23.40.26:925][  0]LogMeshUtilities: No automatic mesh merging module available
[2017.03.12-23.40.28:587][  0]LogNetVersion: GetLocalNetworkVersion: CL: 3299760, ProjectName: multiplayermenu, ProjectVersion: , EngineNetworkVersion: 2, GameNetworkVersion: 0, NetworkChecksum: 2562512738
[2017.03.12-23.40.28:646][  0]LogAssetRegistry: FAssetRegistry took 0.0246 seconds to start up
[2017.03.12-23.40.28:714][  0]LogPackageLocalizationCache: Processed 3 localized package path(s) for 2 prioritized culture(s) in 0.037096 seconds
[2017.03.12-23.40.28:721][  0]LogUObjectArray: 32482 objects as part of root set at end of initial load.
[2017.03.12-23.40.28:721][  0]LogUObjectAllocator: 7287224 out of 0 bytes used by permanent object pool.
[2017.03.12-23.40.28:721][  0]LogUObjectArray: CloseDisregardForGC: 0/0 objects in disregard for GC pool
[2017.03.12-23.40.32:813][  0]LogTcpMessaging: Initializing TcpMessaging bridge
[2017.03.12-23.40.32:860][  0]LogUdpMessaging: Initializing bridge on interface 0.0.0.0:0 to multicast group 230.0.0.1:6666.
[2017.03.12-23.40.33:564][  0]LogMaterial: Uniform references updated for custom material expression Custom.
[2017.03.12-23.40.34:060][  0]SourceControl: Info Source control is disabled
[2017.03.12-23.40.34:155][  0]SourceControl: Info Source control is disabled
[2017.03.12-23.40.34:213][  0]SourceControl: Info Source control is disabled
[2017.03.12-23.40.34:266][  0]SourceControl: Info Source control is disabled
[2017.03.12-23.40.36:092][  0]LogEngine: Initializing Engine...
[2017.03.12-23.40.36:093][  0]LogHMD: Failed to initialize OpenVR with code 110
[2017.03.12-23.40.36:433][  0]LogAIModule: Creating AISystem for world Untitled
[2017.03.12-23.40.36:459][  0]LogInit: XAudio2 using 'Speakers (2- Realtek High Definition Audio)' : 2 channels at 48 kHz using 32 bits per sample (channel mask 0x3)
[2017.03.12-23.40.36:558][  0]LogInit: FAudioDevice initialized.
[2017.03.12-23.40.36:582][  0]LogDerivedDataCache: Saved boot cache 0.02s 50MB C:/Users/rojo8/AppData/Local/UnrealEngine/4.15/DerivedDataCache/Boot.ddc.
[2017.03.12-23.40.36:589][  0]LogInit: Texture streaming: Enabled
[2017.03.12-23.40.36:704][  0]LogEngineSessionManager: EngineSessionManager initialized
[2017.03.12-23.40.36:816][  0]LogInit: Transaction tracking system initialized
[2017.03.12-23.40.37:243][  0]BlueprintLog: New page: Editor Load
[2017.03.12-23.40.38:374][  0]LocalizationService: Info Localization service is disabled
[2017.03.12-23.40.39:123][  0]LogConsoleResponse:Display: 
[2017.03.12-23.40.39:292][  0]LogFileCache: Scanning file cache for directory 'C:/Users/rojo8/Documents/Unreal Projects/MultiplayerMenu/Content/' took 0.01s
[2017.03.12-23.40.39:292][  0]LogCook:Display: Max memory allowance for cook 16384mb min free memory 0mb
[2017.03.12-23.40.39:292][  0]LogCook:Display: Mobile HDR setting 1
[2017.03.12-23.40.40:510][  0]SourceControl: Info Source control is disabled
[2017.03.12-23.40.40:512][  0]Cmd: MAP LOAD FILE="../../../Engine/Content/Maps/Templates/Template_Default.umap" TEMPLATE=1 SHOWPROGRESS=1 FEATURELEVEL=3
[2017.03.12-23.40.40:514][  0]LightingResults: New page: Lighting Build
[2017.03.12-23.40.40:567][  0]MapCheck: New page: Map Check
[2017.03.12-23.40.40:567][  0]LightingResults: New page: Lighting Build
[2017.03.12-23.40.40:851][  0]LogAIModule: Creating AISystem for world Untitled_1
[2017.03.12-23.40.40:853][  0]LogActorComponent: RegisterComponentWithWorld: (/Temp/Untitled_1.Untitled_1:PersistentLevel.WorldSettings_1.StaticMeshComponent0) Trying to register component with IsPendingKill() == true. Aborting.
[2017.03.12-23.40.40:873][  0]LogEditorServer: Finished looking for orphan Actors (0.000 secs)
[2017.03.12-23.40.40:879][  0]Cmd: MAP CHECKDEP NOCLEARLOG
[2017.03.12-23.40.40:917][  0]MapCheck: Info Map check complete: 0 Error(s), 0 Warning(s), took 37.247ms to complete.
[2017.03.12-23.40.40:917][  0]LogFileHelpers: Loading map 'Template_Default' took 0.407
[2017.03.12-23.40.41:170][  0]LogCollectionManager: Loaded 0 collections in 0.001491 seconds
[2017.03.12-23.40.41:264][  0]LogFileCache: Scanning file cache for directory 'C:/Users/rojo8/Documents/Unreal Projects/MultiplayerMenu/Saved/Collections/' took 0.01s
[2017.03.12-23.40.41:264][  0]LogFileCache: Scanning file cache for directory 'C:/Users/rojo8/Documents/Unreal Projects/MultiplayerMenu/Content/Developers/rojo8/Collections/' took 0.01s
[2017.03.12-23.40.41:264][  0]LogFileCache: Scanning file cache for directory 'C:/Users/rojo8/Documents/Unreal Projects/MultiplayerMenu/Content/Collections/' took 0.01s
[2017.03.12-23.40.41:264][  0]LogCollectionManager: Rebuilt the GUID cache for 0 collections in 0.000002 seconds
[2017.03.12-23.40.41:275][  0]LogContentBrowser: Native class hierarchy populated in 0.0090 seconds. Added 2280 classes and 468 folders.
[2017.03.12-23.40.41:281][  0]LogStats: UGameplayTagsManager::ConstructGameplayTagTree: Construct from data asset -  0.000 s
[2017.03.12-23.40.41:281][  0]LogStats: UGameplayTagsManager::ConstructGameplayTagTree: GameplayTagTreeChangedEvent.Broadcast -  0.000 s
[2017.03.12-23.40.41:354][  0]LogContentBrowser: Native class hierarchy updated for 'WidgetCarousel' in 0.0005 seconds. Added 0 classes and 0 folders.
[2017.03.12-23.40.41:678][  0]LogContentBrowser: Native class hierarchy updated for 'AddContentDialog' in 0.0005 seconds. Added 0 classes and 0 folders.
[2017.03.12-23.40.41:730][  0]LogContentBrowser: Native class hierarchy updated for 'SceneOutliner' in 0.0005 seconds. Added 1 classes and 2 folders.
[2017.03.12-23.40.41:828][  0]LogCrashTracker: Crashtracker disabled due to settings.
[2017.03.12-23.40.41:949][  0]LogContentBrowser: Native class hierarchy updated for 'HierarchicalLODOutliner' in 0.0017 seconds. Added 1 classes and 2 folders.
[2017.03.12-23.40.41:950][  0]LogLoad: (Engine Initialization) Total time: 70.25 seconds
[2017.03.12-23.40.41:950][  0]LogLoad: (Engine Initialization) Total Blueprint compile time: 0.14 seconds
[2017.03.12-23.40.41:950][  0]LogExternalProfiler: No external profilers were discovered.  External profiling features will not be available.
[2017.03.12-23.40.42:292][  0]LogOcInput: OculusInput pre-init called
[2017.03.12-23.40.42:323][  0]LogContentStreaming: Texture pool size now 1000 MB
[2017.03.12-23.40.42:332][  0]LogSlate: Took 0.004569 seconds to synchronously load lazily loaded font '../../../Engine/Content/Slate/Fonts/Roboto-Regular.ttf' (155K)
[2017.03.12-23.40.42:341][  0]LogSlate: Took 0.004956 seconds to synchronously load lazily loaded font '../../../Engine/Content/Slate/Fonts/Roboto-Bold.ttf' (160K)
[2017.03.12-23.40.42:352][  0]LogSlate: Took 0.005039 seconds to synchronously load lazily loaded font '../../../Engine/Content/Editor/Slate/Fonts/FontAwesome.ttf' (139K)
[2017.03.12-23.40.42:493][  0]LogSlate: Took 0.004440 seconds to synchronously load lazily loaded font '../../../Engine/Content/Slate/Fonts/Roboto-Light.ttf' (159K)
[2017.03.12-23.40.42:532][  0]LogRenderer: Reallocating scene render targets to support 964x436 NumSamples 1 (Frame:2).
[2017.03.12-23.40.42:660][  1]LogAssetRegistry: Asset discovery search completed in 14.0386 seconds
[2017.03.12-23.40.42:661][  1]LogCollectionManager: Rebuilt the object cache for 0 collections in 0.000006 seconds (found 0 objects)
[2017.03.12-23.40.42:661][  1]LogCollectionManager: Fixed up redirectors for 0 collections in 0.000020 seconds (updated 0 objects)
[2017.03.12-23.40.57:018][661]SourceControl: Info On branch master
[2017.03.12-23.40.57:018][661]SourceControl: Info Your branch is up-to-date with 'origin/master'.
[2017.03.12-23.40.57:018][661]SourceControl: Info Changes not staged for commit:
[2017.03.12-23.40.57:018][661]SourceControl: Info   (use "git add/rm <file>..." to update what will be committed)
[2017.03.12-23.40.57:018][661]SourceControl: Info   (use "git checkout -- <file>..." to discard changes in working directory)
[2017.03.12-23.40.57:018][661]SourceControl: Info 	modified:   Intermediate/CachedAssetRegistry.bin
[2017.03.12-23.40.57:018][661]SourceControl: Info 	modified:   Saved/Config/Windows/EditorPerProjectUserSettings.ini
[2017.03.12-23.40.57:018][661]SourceControl: Info 	modified:   Saved/Config/Windows/Engine.ini
[2017.03.12-23.40.57:018][661]SourceControl: Info 	deleted:    Saved/Logs/MultiplayerMenu-backup-2017.03.12-18.30.09.log
[2017.03.12-23.40.57:018][661]SourceControl: Info 	modified:   Saved/Logs/MultiplayerMenu.log
[2017.03.12-23.40.57:018][661]SourceControl: Info Untracked files:
[2017.03.12-23.40.57:018][661]SourceControl: Info   (use "git add <file>..." to include in what will be committed)
[2017.03.12-23.40.57:018][661]SourceControl: Info 	Saved/Logs/MultiplayerMenu-backup-2017.03.12-17.40.14.log
[2017.03.12-23.40.57:018][661]SourceControl: Info 	Saved/Logs/UE4CC-Windows-43E250BE494250410163C0BA84B93FA0/
[2017.03.12-23.40.57:018][661]SourceControl: Info no changes added to commit (use "git add" and/or "git commit -a")
[2017.03.12-23.44.29:916][842]SourceControl: Info fatal: C:/Program Files/Epic Games/UE_4.15/Engine/Content/: 'C:/Program Files/Epic Games/UE_4.15/Engine/Content/' is outside repository
[2017.03.12-23.44.30:028][842]LogPackageName:Error: Illegal call to DoesPackageExist: '../../../../../../Users/rojo8/Documents/Unreal Projects/MultiplayerMenu/MultiplayerMenu.uproject' is not a standard unreal filename or a long path name. Reason: Path should be no less than 4 characters long.
[2017.03.12-23.44.30:163][842]LogStats: FPlatformStackWalk::StackWalkAndDump -  0.134 s
[2017.03.12-23.44.30:163][842]LogOutputDevice:Error: === Handled ensure: ===
[2017.03.12-23.44.30:163][842]LogOutputDevice:Error: 
[2017.03.12-23.44.30:163][842]LogOutputDevice:Error: Ensure condition failed: false [File:D:\Build\++UE4+Release-4.15+Compile\Sync\Engine\Source\Runtime\CoreUObject\Private\Misc\PackageName.cpp] [Line: 650]
[2017.03.12-23.44.30:163][842]LogOutputDevice:Error: Illegal call to DoesPackageExist: '../../../../../../Users/rojo8/Documents/Unreal Projects/MultiplayerMenu/MultiplayerMenu.uproject' is not a standard unreal filename or a long path name. Reason: Path should be no less than 4 characters long.
[2017.03.12-23.44.30:163][842]LogOutputDevice:Error: Stack: 
[2017.03.12-23.44.30:163][842]LogOutputDevice:Error: UE4Editor-Core.dll!0x00000000490295D6
[2017.03.12-23.44.30:163][842]LogOutputDevice:Error: UE4Editor-Core.dll!0x0000000048DD9B72
[2017.03.12-23.44.30:163][842]LogOutputDevice:Error: UE4Editor-Core.dll!0x0000000048DEB656
[2017.03.12-23.44.30:163][842]LogOutputDevice:Error: UE4Editor-CoreUObject.dll!0x00000000457CA6B8
[2017.03.12-23.44.30:163][842]LogOutputDevice:Error: UE4Editor-SourceControl.dll!0x000000003FCD3D22
[2017.03.12-23.44.30:163][842]LogOutputDevice:Error: UE4Editor-SourceControl.dll!0x000000003FCD3EB9
[2017.03.12-23.44.30:163][842]LogOutputDevice:Error: UE4Editor-SourceControlWindows.dll!0x000000002EC21D2E
[2017.03.12-23.44.30:163][842]LogOutputDevice:Error: UE4Editor-SourceControlWindows.dll!0x000000002EBDB4B5
[2017.03.12-23.44.30:163][842]LogOutputDevice:Error: UE4Editor-SourceControlWindows.dll!0x000000002EBDAA8D
[2017.03.12-23.44.30:163][842]LogOutputDevice:Error: UE4Editor-SourceControlWindows.dll!0x000000002EBEF274
[2017.03.12-23.44.30:163][842]LogOutputDevice:Error: UE4Editor-GitSourceControl.dll!0x00000000273EB851
[2017.03.12-23.44.30:163][842]LogOutputDevice:Error: UE4Editor-GitSourceControl.dll!0x00000000273FD1ED
[2017.03.12-23.44.30:163][842]LogOutputDevice:Error: UE4Editor-SourceControl.dll!0x000000003FCD9C5C
[2017.03.12-23.44.30:163][842]LogOutputDevice:Error: UE4Editor-UnrealEd.dll!0x0000000032177517
[2017.03.12-23.44.30:163][842]LogOutputDevice:Error: UE4Editor-UnrealEd.dll!0x0000000032981AD6
[2017.03.12-23.44.30:163][842]LogOutputDevice:Error: UE4Editor.exe!0x00000000808DDEE3
[2017.03.12-23.44.30:163][842]LogOutputDevice:Error: UE4Editor.exe!0x00000000808CEB40
[2017.03.12-23.44.30:163][842]LogOutputDevice:Error: UE4Editor.exe!0x00000000808CEBBA
[2017.03.12-23.44.30:163][842]LogOutputDevice:Error: UE4Editor.exe!0x00000000808E0A29
[2017.03.12-23.44.30:163][842]LogOutputDevice:Error: UE4Editor.exe!0x00000000808E22B6
[2017.03.12-23.44.30:163][842]LogOutputDevice:Error: KERNEL32.DLL!0x0000000082F38364
[2017.03.12-23.44.30:163][842]LogOutputDevice:Error: ntdll.dll!0x00000000835470D1
[2017.03.12-23.44.30:163][842]LogOutputDevice:Error: 
[2017.03.12-23.44.30:171][842]LogStats:                SubmitErrorReport -  0.000 s
