Log file open, 03/12/17 18:32:57
LogInit:Display: Running engine for game: MultiplayerMenu
LogPlatformFile: Not using cached read wrapper
LogInit:Display: RandInit(1718784057) SRandInit(1718784057).
LogTaskGraph: Started task graph with 5 named threads and 8 total threads with 1 sets of task threads.
LogStats: Stats thread started at 0.072905
LogInit: Using libcurl 7.47.1
LogInit:  - built for x86_64-pc-win32
LogInit:  - supports SSL with OpenSSL/1.0.2g
LogInit:  - supports HTTP deflate (compression) using libz 1.2.8
LogInit:  - other features:
LogInit:      CURL_VERSION_SSL
LogInit:      CURL_VERSION_LIBZ
LogInit:      CURL_VERSION_IPV6
LogInit:      CURL_VERSION_ASYNCHDNS
LogInit:      CURL_VERSION_LARGEFILE
LogInit:      CURL_VERSION_IDN
LogInit:  CurlRequestOptions (configurable via config and command line):
LogInit:  - bVerifyPeer = false  - Libcurl will NOT verify peer certificate
LogInit:  - bUseHttpProxy = false  - Libcurl will NOT use HTTP proxy
LogInit:  - bDontReuseConnections = false  - Libcurl will reuse connections
LogInit:  - CertBundlePath = nullptr  - Libcurl will use whatever was configured at build time.
LogOnline:Display: STEAM: Loading Steam SDK 1.32
LogInit: WinSock: version 1.1 (2.2), MaxSocks=32767, MaxUdp=65467
LogInit: Build: ++UE4+Release-4.15-CL-3299760
LogInit: Engine Version: 4.15.0-3299760+++UE4+Release-4.15
LogInit: Compatible Engine Version: 4.15.0-3299760+++UE4+Release-4.15
LogInit: Net CL: 3299760
LogDevObjectVersion: Number of dev versions registered: 14
LogDevObjectVersion:   Dev-Blueprints (B0D832E4-1F89-4F0D-ACCF-7EB736FD4AA2): 8
LogDevObjectVersion:   Dev-Build (E1C64328-A22C-4D53-A36C-8E866417BD8C): 0
LogDevObjectVersion:   Dev-Core (375EC13C-06E4-48FB-B500-84F0262A717E): 2
LogDevObjectVersion:   Dev-Editor (E4B068ED-F494-42E9-A231-DA0B2E46BB41): 14
LogDevObjectVersion:   Dev-Framework (CFFC743F-43B0-4480-9391-14DF171D2073): 22
LogDevObjectVersion:   Dev-Mobile (B02B49B5-BB20-44E9-A304-32B752E40360): 0
LogDevObjectVersion:   Dev-Networking (A4E4105C-59A1-49B5-A7C5-40C4547EDFEE): 0
LogDevObjectVersion:   Dev-Online (39C831C9-5AE6-47DC-9A44-9C173E1C8E7C): 0
LogDevObjectVersion:   Dev-Physics (78F01B33-EBEA-4F98-B9B4-84EACCB95AA2): 0
LogDevObjectVersion:   Dev-Platform (6631380F-2D4D-43E0-8009-CF276956A95A): 0
LogDevObjectVersion:   Dev-Rendering (12F88B9F-8875-4AFC-A67C-D90C383ABD29): 12
LogDevObjectVersion:   Dev-Sequencer (7B5AE74C-D270-4C10-A958-57980B212A5A): 3
LogDevObjectVersion:   Dev-VR (D7296918-1DD6-4BDD-9DE2-64A83CC13884): 0
LogDevObjectVersion:   Dev-LoadTimes (C2A15278-BFE7-4AFE-6C17-90FF531DF755): 1
LogInit: Compiled (64-bit): Feb 14 2017 02:04:14
LogInit: Compiled with Visual C++: 19.00.23026.00
LogInit: Build Configuration: Development
LogInit: Branch Name: ++UE4+Release-4.15
LogInit: Command line:  /Temp/Autosaves/Temp/UEDPCUntitled_1 -game -PIEVIACONSOLE -ResX=1280 -ResY=720  -Multiprocess -messaging -SessionName="Play in Standalone Game" -windowed 
LogInit: Base directory: C:/Program Files/Epic Games/UE_4.15/Engine/Binaries/Win64/
LogInit: Installed Engine Build: 1
LogInit: Presizing for max 8388607 objects, including 0 objects not considered by GC, pre-allocating 0 bytes for permanent pool.
LogInit: Object subsystem initialized
[2017.03.12-23.32.59:568][  0]LogInit: Selected Device Profile: [Windows]
[2017.03.12-23.32.59:568][  0]LogInit: Applying CVar settings loaded from the selected device profile: [Windows]
[2017.03.12-23.32.59:572][  0]LogInit: Computer: DESKTOP-LKSOI0V
[2017.03.12-23.32.59:572][  0]LogInit: User: rojo8
[2017.03.12-23.32.59:572][  0]LogInit: CPU Page size=65536, Cores=4
[2017.03.12-23.32.59:572][  0]LogInit: High frequency timer resolution =3.914058 MHz
[2017.03.12-23.32.59:572][  0]LogMemory: Memory total: Physical=16.0GB (16GB approx)
[2017.03.12-23.32.59:572][  0]LogMemory: Platform Memory Stats for Windows
[2017.03.12-23.32.59:572][  0]LogMemory: Process Physical Memory: 300.63 MB used, 300.63 MB peak
[2017.03.12-23.32.59:572][  0]LogMemory: Process Virtual Memory: 283.57 MB used, 283.57 MB peak
[2017.03.12-23.32.59:572][  0]LogMemory: Physical Memory: 7962.21 MB used,  8381.75 MB free, 16343.96 MB total
[2017.03.12-23.32.59:572][  0]LogMemory: Virtual Memory: 754.25 MB used,  8381.75 MB free, 134217728.00 MB total
[2017.03.12-23.32.59:646][  0]LogTextLocalizationManager: No specific translations for ('en-US') exist, so ('en') translations will be used.
[2017.03.12-23.32.59:979][  0]LogD3D11RHI: D3D11 adapters:
[2017.03.12-23.33.00:008][  0]LogD3D11RHI:    0. 'NVIDIA GeForce GTX 1070' (Feature Level 11_0)
[2017.03.12-23.33.00:008][  0]LogD3D11RHI:       8119/0/8171 MB DedicatedVideo/DedicatedSystem/SharedSystem, Outputs:1, VendorId:0x10de
[2017.03.12-23.33.00:009][  0]LogD3D11RHI:    1. 'Microsoft Basic Render Driver' (Feature Level 11_0)
[2017.03.12-23.33.00:009][  0]LogD3D11RHI:       0/0/8171 MB DedicatedVideo/DedicatedSystem/SharedSystem, Outputs:0, VendorId:0x1414
[2017.03.12-23.33.00:009][  0]LogD3D11RHI: Chosen D3D11 Adapter: 0
[2017.03.12-23.33.00:015][  0]LogD3D11RHI: Creating new Direct3DDevice
[2017.03.12-23.33.00:015][  0]LogD3D11RHI:     GPU DeviceId: 0x1b81 (for the marketing name, search the web for "GPU Device Id")
[2017.03.12-23.33.00:015][  0]LogWindows: EnumDisplayDevices:
[2017.03.12-23.33.00:015][  0]LogWindows:    0. 'NVIDIA GeForce GTX 1070' (P:1 D:1)
[2017.03.12-23.33.00:015][  0]LogWindows:    1. 'NVIDIA GeForce GTX 1070' (P:0 D:0)
[2017.03.12-23.33.00:015][  0]LogWindows:    2. 'NVIDIA GeForce GTX 1070' (P:0 D:0)
[2017.03.12-23.33.00:015][  0]LogWindows:    3. 'NVIDIA GeForce GTX 1070' (P:0 D:0)
[2017.03.12-23.33.00:016][  0]LogWindows: DebugString: FoundDriverCount:4 
[2017.03.12-23.33.00:016][  0]LogD3D11RHI:     Adapter Name: NVIDIA GeForce GTX 1070
[2017.03.12-23.33.00:016][  0]LogD3D11RHI:   Driver Version: 378.66 (internal:21.21.13.7866, unified:378.66)
[2017.03.12-23.33.00:016][  0]LogD3D11RHI:      Driver Date: 2-9-2017
[2017.03.12-23.33.00:016][  0]LogRHI: Texture pool is 1361 MB (70% of 1945 MB)
[2017.03.12-23.33.00:028][  0]LogD3D11RHI: Async texture creation enabled
[2017.03.12-23.33.00:038][  0]LogD3D11RHI: GPU Timing Frequency: 1000.000000 (Debug: 2 1)
[2017.03.12-23.33.00:081][  0]LogShaderCompilers: Guid format shader working directory is -25 characters bigger than the processId version (../../../../../../Users/rojo8/Documents/Unreal Projects/MultiplayerMenu/Intermediate/Shaders/WorkingDirectory/6168/).
[2017.03.12-23.33.00:081][  0]LogShaderCompilers: Cleaned the shader compiler working directory 'C:/Users/rojo8/AppData/Local/Temp/UnrealShaderWorkingDir/0F8727D64D3B64368613848A75EC3C78/'.
[2017.03.12-23.33.00:081][  0]LogShaderCompilers:Display: Using Local Shader Compiler.
[2017.03.12-23.33.00:913][  0]LogTemp:Display: Loaded TP WindowsClientTargetPlatform
[2017.03.12-23.33.00:955][  0]LogTemp:Display: Loaded TP WindowsNoEditorTargetPlatform
[2017.03.12-23.33.00:997][  0]LogTemp:Display: Loaded TP WindowsServerTargetPlatform
[2017.03.12-23.33.01:033][  0]LogTemp:Display: Loaded TP WindowsTargetPlatform
[2017.03.12-23.33.01:033][  0]LogTargetPlatformManager:Display: Building Assets For Windows
[2017.03.12-23.33.01:379][  0]LogDerivedDataCache:Display: Max Cache Size: 512 MB
[2017.03.12-23.33.01:418][  0]LogDerivedDataCache: Loaded boot cache 0.04s 50MB C:/Users/rojo8/AppData/Local/UnrealEngine/4.15/DerivedDataCache/Boot.ddc.
[2017.03.12-23.33.01:418][  0]LogDerivedDataCache:Display: Loaded Boot cache: C:/Users/rojo8/AppData/Local/UnrealEngine/4.15/DerivedDataCache/Boot.ddc
[2017.03.12-23.33.01:418][  0]LogDerivedDataCache: FDerivedDataBackendGraph:  Pak pak cache file ../../../../../../Users/rojo8/Documents/Unreal Projects/MultiplayerMenu/DerivedDataCache/DDC.ddp not found, will not use a pak cache.
[2017.03.12-23.33.01:418][  0]LogDerivedDataCache: Unable to find inner node Pak for hierarchical cache Hierarchy.
[2017.03.12-23.33.01:418][  0]LogDerivedDataCache: FDerivedDataBackendGraph:  CompressedPak pak cache file ../../../../../../Users/rojo8/Documents/Unreal Projects/MultiplayerMenu/DerivedDataCache/Compressed.ddp not found, will not use a pak cache.
[2017.03.12-23.33.01:418][  0]LogDerivedDataCache: Unable to find inner node CompressedPak for hierarchical cache Hierarchy.
[2017.03.12-23.33.01:432][  0]LogDerivedDataCache:Display: Pak cache opened for reading ../../../Engine/DerivedDataCache/Compressed.ddp.
[2017.03.12-23.33.01:444][  0]LogDerivedDataCache: Using Local data cache path C:/Users/rojo8/AppData/Local/UnrealEngine/Common/DerivedDataCache: Writable
[2017.03.12-23.33.01:450][  0]LogSlate: Using Freetype 2.6.0
[2017.03.12-23.33.01:450][  0]LogSlate: SlateFontCache - WITH_FREETYPE: 1, WITH_HARFBUZZ: 1
[2017.03.12-23.33.01:450][  0]LogSlate: SlateFontCache - WITH_FREETYPE: 1, WITH_HARFBUZZ: 1
[2017.03.12-23.33.01:707][  0]LogAssetRegistry: FAssetRegistry took 0.0001 seconds to start up
[2017.03.12-23.33.01:713][  0]LogPackageLocalizationCache: Processed 3 localized package path(s) for 2 prioritized culture(s) in 0.005691 seconds
[2017.03.12-23.33.01:726][  0]LogInit: Selected Device Profile: [Windows]
[2017.03.12-23.33.01:727][  0]LogContentStreaming: Texture pool size is 1000.00 MB
[2017.03.12-23.33.01:897][  0]LogMeshUtilities: Using QuadricMeshReduction for automatic static mesh reduction
[2017.03.12-23.33.01:933][  0]LogSimplygon: Simplygon DLL not present - disabling.
[2017.03.12-23.33.01:974][  0]LogMeshUtilities: Using SimplygonSwarm for distributed automatic mesh merging
[2017.03.12-23.33.01:974][  0]LogMeshUtilities: No automatic skeletal mesh reduction module available
[2017.03.12-23.33.01:974][  0]LogMeshUtilities: No automatic mesh merging module available
[2017.03.12-23.33.02:357][  0]LogNetVersion: GetLocalNetworkVersion: CL: 3299760, ProjectName: multiplayermenu, ProjectVersion: , EngineNetworkVersion: 2, GameNetworkVersion: 0, NetworkChecksum: 2562512738
[2017.03.12-23.33.03:015][  0]LogMoviePlayer: Initializing movie player
[2017.03.12-23.33.03:318][  0]LogSubstanceCoreModule: Substance [CPU] Engine Loaded, Max Texture Size = 2048
[2017.03.12-23.33.03:339][  0]LogTcpMessaging: Initializing TcpMessaging bridge
[2017.03.12-23.33.03:372][  0]LogUdpMessaging: Initializing bridge on interface 0.0.0.0:0 to multicast group 230.0.0.1:6666.
[2017.03.12-23.33.03:683][  0]SourceControl: Info Source control is disabled
[2017.03.12-23.33.03:683][  0]SourceControl: Info Source control is disabled
[2017.03.12-23.33.03:721][  0]SourceControl: Info Source control is disabled
[2017.03.12-23.33.04:467][  0]LogUObjectArray: 35315 objects as part of root set at end of initial load.
[2017.03.12-23.33.04:467][  0]LogUObjectAllocator: 8026224 out of 0 bytes used by permanent object pool.
[2017.03.12-23.33.04:467][  0]LogUObjectArray: CloseDisregardForGC: 0/0 objects in disregard for GC pool
[2017.03.12-23.33.04:547][  0]LogEngine: Initializing Engine...
[2017.03.12-23.33.04:547][  0]LogHMD: Failed to initialize OpenVR with code 110
[2017.03.12-23.33.04:637][  0]LogInit: XAudio2 using 'VoiceMeeter Input (VB-Audio VoiceMeeter VAIO)' : 2 channels at 44.1 kHz using 16 bits per sample (channel mask 0x3)
[2017.03.12-23.33.04:641][  0]LogInit: FAudioDevice initialized.
[2017.03.12-23.33.04:658][  0]LogInit: Texture streaming: Enabled
[2017.03.12-23.33.04:668][  0]LogMaterial: Uniform references updated for custom material expression Custom.
[2017.03.12-23.33.04:917][  0]LogInit:Display: Game Engine Initialized.
[2017.03.12-23.33.05:055][  0]LogInit:Display: Starting Game.
[2017.03.12-23.33.05:055][  0]LogNet: Browse: /Temp/Autosaves/Temp/UEDPCUntitled_1?Name=Player
[2017.03.12-23.33.05:055][  0]LogLoad: LoadMap: /Temp/Autosaves/Temp/UEDPCUntitled_1?Name=Player
[2017.03.12-23.33.05:070][  0]LogMemory: Platform Memory Stats for Windows
[2017.03.12-23.33.05:071][  0]LogMemory: Process Physical Memory: 693.30 MB used, 721.53 MB peak
[2017.03.12-23.33.05:071][  0]LogMemory: Process Virtual Memory: 753.72 MB used, 753.73 MB peak
[2017.03.12-23.33.05:071][  0]LogMemory: Physical Memory: 8286.45 MB used,  8057.52 MB free, 16343.96 MB total
[2017.03.12-23.33.05:071][  0]LogMemory: Virtual Memory: 1399.39 MB used,  8057.52 MB free, 134217728.00 MB total
[2017.03.12-23.33.05:071][  0]LogMemory: 
[2017.03.12-23.33.05:071][  0]Allocator Stats for TBB: (not implemented)
[2017.03.12-23.33.05:247][  0]LogAIModule: Creating AISystem for world Untitled_1
[2017.03.12-23.33.05:247][  0]LogLoad: Game class is 'GameModeBase'
[2017.03.12-23.33.05:250][  0]LogWorld: Bringing World /Temp/Autosaves/Temp/UEDPCUntitled_1.Untitled_1 up for play (max tick rate 0) at 2017.03.12-18.33.05
[2017.03.12-23.33.05:250][  0]LogWorld: Bringing up level for play took: 0.001097
[2017.03.12-23.33.05:254][  0]LogLoad: Took 0.199025 seconds to LoadMap(/Temp/Autosaves/Temp/UEDPCUntitled_1)
[2017.03.12-23.33.05:417][  0]LogRenderer: Reallocating scene render targets to support 1280x720 NumSamples 1 (Frame:2).
[2017.03.12-23.33.05:417][  0]LogLoad: (Engine Initialization) Total time: 8.57 seconds
[2017.03.12-23.33.05:417][  0]LogLoad: (Engine Initialization) Total Blueprint compile time: 0.06 seconds
[2017.03.12-23.33.05:417][  0]LogExternalProfiler: No external profilers were discovered.  External profiling features will not be available.
[2017.03.12-23.33.05:434][  0]LogOcInput: OculusInput pre-init called
[2017.03.12-23.33.05:461][  0]LogWindowsTextInputMethodSystem:Display: IME system now deactivated.
[2017.03.12-23.33.05:466][  1]LogEngine: All Windows Closed
[2017.03.12-23.33.05:466][  1]LogWindows: FPlatformMisc::RequestExit(0)
[2017.03.12-23.33.05:468][  2]LogMoviePlayer: Shutting down movie player
[2017.03.12-23.33.05:552][  2]LogExit: Preparing to exit.
[2017.03.12-23.33.06:493][  2]LogExit: Game engine shut down
[2017.03.12-23.33.06:530][  2]LogObj: Freed 0b from 0 cluster array pools.
[2017.03.12-23.33.06:530][  2]LogExit: Object subsystem successfully closed.
[2017.03.12-23.33.06:543][  2]LogD3D11RHI: Shutdown
[2017.03.12-23.33.06:543][  2]LogD3D11RHI: CleanupD3DDevice
[2017.03.12-23.33.06:580][  2]LogD3D11RHI: ~FD3D11DynamicRHI
[2017.03.12-23.33.06:586][  2]LogModuleManager: Shutting down and abandoning module SequenceRecorderSections (278)
[2017.03.12-23.33.06:586][  2]LogModuleManager: Shutting down and abandoning module SequenceRecorder (276)
[2017.03.12-23.33.06:586][  2]LogModuleManager: Shutting down and abandoning module AutomationController (274)
[2017.03.12-23.33.06:586][  2]LogModuleManager: Shutting down and abandoning module AutomationWorker (272)
[2017.03.12-23.33.06:586][  2]LogModuleManager: Shutting down and abandoning module AIModule (270)
[2017.03.12-23.33.06:586][  2]LogModuleManager: Shutting down and abandoning module GameplayDebugger (269)
[2017.03.12-23.33.06:586][  2]LogModuleManager: Shutting down and abandoning module AITestSuite (267)
[2017.03.12-23.33.06:586][  2]LogModuleManager: Shutting down and abandoning module WmfMediaFactory (264)
[2017.03.12-23.33.06:586][  2]LogModuleManager: Shutting down and abandoning module MfMediaFactory (262)
[2017.03.12-23.33.06:586][  2]LogModuleManager: Shutting down and abandoning module AvfMediaFactory (260)
[2017.03.12-23.33.06:586][  2]LogModuleManager: Shutting down and abandoning module AndroidMediaFactory (258)
[2017.03.12-23.33.06:586][  2]LogModuleManager: Shutting down and abandoning module Media (257)
[2017.03.12-23.33.06:586][  2]LogModuleManager: Shutting down and abandoning module CharacterAI (254)
[2017.03.12-23.33.06:586][  2]LogModuleManager: Shutting down and abandoning module SessionServices (252)
[2017.03.12-23.33.06:586][  2]LogModuleManager: Shutting down and abandoning module MovieSceneCapture (250)
[2017.03.12-23.33.06:586][  2]LogModuleManager: Shutting down and abandoning module GeometryCache (248)
[2017.03.12-23.33.06:586][  2]LogModuleManager: Shutting down and abandoning module GeometryCacheEd (247)
[2017.03.12-23.33.06:586][  2]LogModuleManager: Shutting down and abandoning module Niagara (244)
[2017.03.12-23.33.06:586][  2]LogModuleManager: Shutting down and abandoning module StreamingPauseRendering (242)
[2017.03.12-23.33.06:586][  2]LogModuleManager: Shutting down and abandoning module PortalServices (240)
[2017.03.12-23.33.06:586][  2]LogModuleManager: Shutting down and abandoning module PortalRpc (238)
[2017.03.12-23.33.06:586][  2]LogModuleManager: Shutting down and abandoning module MessagingRpc (236)
[2017.03.12-23.33.06:586][  2]LogModuleManager: Shutting down and abandoning module ProfilerService (234)
[2017.03.12-23.33.06:771][  2]LogModuleManager: Shutting down and abandoning module TaskGraph (232)
[2017.03.12-23.33.06:771][  2]LogModuleManager: Shutting down and abandoning module SteamVRController (230)
[2017.03.12-23.33.06:771][  2]LogModuleManager: Shutting down and abandoning module SteamVR (228)
[2017.03.12-23.33.06:771][  2]LogModuleManager: Shutting down and abandoning module ProceduralMeshComponent (226)
[2017.03.12-23.33.06:771][  2]LogModuleManager: Shutting down and abandoning module OculusLibrary (224)
[2017.03.12-23.33.06:771][  2]LogModuleManager: Shutting down and abandoning module OculusInput (222)
[2017.03.12-23.33.06:771][  2]LogModuleManager: Shutting down and abandoning module MobilePatchingUtils (220)
[2017.03.12-23.33.06:771][  2]LogModuleManager: Shutting down and abandoning module CustomMeshComponent (218)
[2017.03.12-23.33.06:771][  2]LogModuleManager: Shutting down and abandoning module CableComponent (216)
[2017.03.12-23.33.06:771][  2]LogModuleManager: Shutting down and abandoning module ArchVisCharacter (214)
[2017.03.12-23.33.06:771][  2]LogModuleManager: Shutting down and abandoning module Rejoin (210)
[2017.03.12-23.33.06:771][  2]LogModuleManager: Shutting down and abandoning module Hotfix (208)
[2017.03.12-23.33.06:771][  2]LogModuleManager: Shutting down and abandoning module Lobby (206)
[2017.03.12-23.33.06:771][  2]LogModuleManager: Shutting down and abandoning module Party (204)
[2017.03.12-23.33.06:771][  2]LogModuleManager: Shutting down and abandoning module Qos (202)
[2017.03.12-23.33.06:771][  2]LogModuleManager: Shutting down and abandoning module HTML5Networking (200)
[2017.03.12-23.33.06:771][  2]LogModuleManager: Shutting down and abandoning module VisualStudioSourceCodeAccess (198)
[2017.03.12-23.33.06:771][  2]LogModuleManager: Shutting down and abandoning module DesktopPlatform (197)
[2017.03.12-23.33.06:771][  2]LogModuleManager: Shutting down and abandoning module HotReload (195)
[2017.03.12-23.33.06:771][  2]LogModuleManager: Shutting down and abandoning module DirectoryWatcher (194)
[2017.03.12-23.33.06:771][  2]LogModuleManager: Shutting down and abandoning module UObjectPlugin (190)
[2017.03.12-23.33.06:771][  2]LogModuleManager: Shutting down and abandoning module SubversionSourceControl (188)
[2017.03.12-23.33.06:771][  2]LogModuleManager: Shutting down and abandoning module PerforceSourceControl (186)
[2017.03.12-23.33.06:771][  2]LogModuleManager: Shutting down and abandoning module SourceControl (185)
[2017.03.12-23.33.06:771][  2]LogModuleManager: Shutting down and abandoning module AdvancedSessions (182)
[2017.03.12-23.33.06:771][  2]LogModuleManager: Shutting down and abandoning module PhysXVehiclesEditor (180)
[2017.03.12-23.33.06:771][  2]LogModuleManager: Shutting down and abandoning module PhysXVehicles (178)
[2017.03.12-23.33.06:771][  2]LogModuleManager: Shutting down and abandoning module LocationServicesBPLibrary (176)
[2017.03.12-23.33.06:771][  2]LogModuleManager: Shutting down and abandoning module UdpMessaging (174)
[2017.03.12-23.33.06:872][  2]LogModuleManager: Shutting down and abandoning module TcpMessaging (172)
[2017.03.12-23.33.07:343][  2]LogModuleManager: Shutting down and abandoning module SubstanceCore (170)
[2017.03.12-23.33.07:343][  2]LogModuleManager: Shutting down and abandoning module GameplayTagsEditor (168)
[2017.03.12-23.33.07:343][  2]LogModuleManager: Shutting down and abandoning module FacialAnimation (166)
[2017.03.12-23.33.07:343][  2]LogModuleManager: Shutting down and abandoning module LightPropagationVolumeRuntime (164)
[2017.03.12-23.33.07:343][  2]LogModuleManager: Shutting down and abandoning module Paper2D (162)
[2017.03.12-23.33.07:343][  2]LogModuleManager: Shutting down and abandoning module WindowsMoviePlayer (160)
[2017.03.12-23.33.07:343][  2]LogModuleManager: Shutting down and abandoning module WmfMedia (158)
[2017.03.12-23.33.07:344][  2]LogModuleManager: Shutting down and abandoning module MfMedia (156)
[2017.03.12-23.33.07:344][  2]LogModuleManager: Shutting down and abandoning module MediaAssets (154)
[2017.03.12-23.33.07:344][  2]LogModuleManager: Shutting down and abandoning module GameLiveStreaming (152)
[2017.03.12-23.33.07:344][  2]LogModuleManager: Shutting down and abandoning module VREditor (150)
[2017.03.12-23.33.07:344][  2]LogModuleManager: Shutting down and abandoning module GameplayTasksEditor (148)
[2017.03.12-23.33.07:344][  2]LogModuleManager: Shutting down and abandoning module BehaviorTreeEditor (146)
[2017.03.12-23.33.07:344][  2]LogModuleManager: Shutting down and abandoning module FunctionalTesting (144)
[2017.03.12-23.33.07:344][  2]LogModuleManager: Shutting down and abandoning module CollisionAnalyzer (142)
[2017.03.12-23.33.07:344][  2]LogModuleManager: Shutting down and abandoning module UMG (140)
[2017.03.12-23.33.07:344][  2]LogModuleManager: Shutting down and abandoning module UMGEditor (139)
[2017.03.12-23.33.07:344][  2]LogModuleManager: Shutting down and abandoning module Sequencer (138)
[2017.03.12-23.33.07:344][  2]LogModuleManager: Shutting down and abandoning module AssetTools (136)
[2017.03.12-23.33.07:344][  2]LogModuleManager: Shutting down and abandoning module MessageLog (135)
[2017.03.12-23.33.07:344][  2]LogModuleManager: Shutting down and abandoning module WorkspaceMenuStructure (134)
[2017.03.12-23.33.07:344][  2]LogModuleManager: Shutting down and abandoning module SlateReflector (128)
[2017.03.12-23.33.07:344][  2]LogModuleManager: Shutting down and abandoning module Slate (126)
[2017.03.12-23.33.07:344][  2]LogModuleManager: Shutting down and abandoning module EditorStyle (124)
[2017.03.12-23.33.07:345][  2]LogModuleManager: Shutting down and abandoning module Messaging (122)
[2017.03.12-23.33.07:345][  2]LogModuleManager: Shutting down and abandoning module SourceCodeAccess (120)
[2017.03.12-23.33.07:345][  2]LogModuleManager: Shutting down and abandoning module HeadMountedDisplay (118)
[2017.03.12-23.33.07:345][  2]LogModuleManager: Shutting down and abandoning module XAudio2 (116)
[2017.03.12-23.33.07:345][  2]LogModuleManager: Shutting down and abandoning module Networking (114)
[2017.03.12-23.33.07:345][  2]LogModuleManager: Shutting down and abandoning module Core (112)
[2017.03.12-23.33.07:345][  2]LogModuleManager: Shutting down and abandoning module KismetCompiler (110)
[2017.03.12-23.33.07:345][  2]LogModuleManager: Shutting down and abandoning module PhysXFormats (108)
[2017.03.12-23.33.07:345][  2]LogModuleManager: Shutting down and abandoning module MeshUtilities (106)
[2017.03.12-23.33.07:345][  2]LogModuleManager: Shutting down and abandoning module SimplygonSwarm (105)
[2017.03.12-23.33.07:345][  2]LogModuleManager: Shutting down and abandoning module SimplygonMeshReduction (103)
[2017.03.12-23.33.07:345][  2]LogModuleManager: Shutting down and abandoning module QuadricMeshReduction (101)
[2017.03.12-23.33.07:345][  2]LogModuleManager: Shutting down and abandoning module PropertyEditor (99)
[2017.03.12-23.33.07:345][  2]LogModuleManager: Shutting down and abandoning module AssetRegistry (96)
[2017.03.12-23.33.07:345][  2]LogModuleManager: Shutting down and abandoning module DerivedDataCache (94)
[2017.03.12-23.33.07:440][  2]LogDerivedDataCache: Shutdown
[2017.03.12-23.33.07:440][  2]LogModuleManager: Shutting down and abandoning module TargetPlatform (92)
[2017.03.12-23.33.07:440][  2]LogModuleManager: Shutting down and abandoning module VulkanShaderFormat (91)
[2017.03.12-23.33.07:440][  2]LogModuleManager: Shutting down and abandoning module ShaderFormatOpenGL (89)
[2017.03.12-23.33.07:440][  2]LogModuleManager: Shutting down and abandoning module ShaderFormatD3D (87)
[2017.03.12-23.33.07:440][  2]LogModuleManager: Shutting down and abandoning module MetalShaderFormat (85)
[2017.03.12-23.33.07:440][  2]LogModuleManager: Shutting down and abandoning module TextureFormatUncompressed (83)
[2017.03.12-23.33.07:440][  2]LogModuleManager: Shutting down and abandoning module TextureFormatPVR (81)
[2017.03.12-23.33.07:440][  2]LogModuleManager: Shutting down and abandoning module TextureFormatDXT (79)
[2017.03.12-23.33.07:440][  2]LogModuleManager: Shutting down and abandoning module TextureFormatIntelISPCTexComp (77)
[2017.03.12-23.33.07:440][  2]LogModuleManager: Shutting down and abandoning module TextureFormatASTC (75)
[2017.03.12-23.33.07:441][  2]LogModuleManager: Shutting down and abandoning module ImageWrapper (74)
[2017.03.12-23.33.07:441][  2]LogModuleManager: Shutting down and abandoning module TextureFormatAndroid (71)
[2017.03.12-23.33.07:441][  2]LogModuleManager: Shutting down and abandoning module AudioFormatOpus (69)
[2017.03.12-23.33.07:441][  2]LogModuleManager: Shutting down and abandoning module AudioFormatOgg (67)
[2017.03.12-23.33.07:441][  2]LogModuleManager: Shutting down and abandoning module AudioFormatADPCM (65)
[2017.03.12-23.33.07:441][  2]LogModuleManager: Shutting down and abandoning module WindowsTargetPlatform (63)
[2017.03.12-23.33.07:441][  2]LogModuleManager: Shutting down and abandoning module WindowsServerTargetPlatform (61)
[2017.03.12-23.33.07:441][  2]LogModuleManager: Shutting down and abandoning module WindowsNoEditorTargetPlatform (59)
[2017.03.12-23.33.07:441][  2]LogModuleManager: Shutting down and abandoning module WindowsClientTargetPlatform (57)
[2017.03.12-23.33.07:441][  2]LogModuleManager: Shutting down and abandoning module InputCore (54)
[2017.03.12-23.33.07:441][  2]LogModuleManager: Shutting down and abandoning module Settings (52)
[2017.03.12-23.33.07:441][  2]LogModuleManager: Shutting down and abandoning module OculusRift (50)
[2017.03.12-23.33.07:441][  2]LogModuleManager: Shutting down and abandoning module ExampleDeviceProfileSelector (48)
[2017.03.12-23.33.07:441][  2]LogModuleManager: Shutting down and abandoning module OnlineBlueprintSupport (46)
[2017.03.12-23.33.07:441][  2]LogModuleManager: Shutting down and abandoning module OnlineSubsystem (42)
[2017.03.12-23.33.07:441][  2]LogOnline:Display: STEAM: OnlineSubsystemSteam::Shutdown()
[2017.03.12-23.33.07:464][  2]LogOnline:Display: Unloading online subsystem: STEAM
[2017.03.12-23.33.07:464][  2]LogOnline:Display: STEAM: OnlineSubsystemSteam::Shutdown()
[2017.03.12-23.33.07:464][  2]LogOnline:Display: Unloading online subsystem: NULL
[2017.03.12-23.33.07:464][  2]LogModuleManager: Shutting down and abandoning module XMPP (37)
[2017.03.12-23.33.07:464][  2]LogModuleManager: Shutting down and abandoning module HTTP (35)
[2017.03.12-23.33.07:475][  2]LogModuleManager: Shutting down and abandoning module SSL (34)
[2017.03.12-23.33.07:476][  2]LogModuleManager: Shutting down and abandoning module AudioEditor (30)
[2017.03.12-23.33.07:476][  2]LogModuleManager: Shutting down and abandoning module TextureCompressor (28)
[2017.03.12-23.33.07:476][  2]LogModuleManager: Shutting down and abandoning module ShaderCore (26)
[2017.03.12-23.33.07:476][  2]LogModuleManager: Shutting down and abandoning module Landscape (24)
[2017.03.12-23.33.07:476][  2]LogModuleManager: Shutting down and abandoning module SlateRHIRenderer (22)
[2017.03.12-23.33.07:476][  2]LogModuleManager: Shutting down and abandoning module OpenGLDrv (20)
[2017.03.12-23.33.07:476][  2]LogModuleManager: Shutting down and abandoning module D3D11RHI (18)
[2017.03.12-23.33.07:476][  2]LogModuleManager: Shutting down and abandoning module AnimGraphRuntime (16)
[2017.03.12-23.33.07:476][  2]LogModuleManager: Shutting down and abandoning module Renderer (14)
[2017.03.12-23.33.07:476][  2]LogModuleManager: Shutting down and abandoning module Engine (12)
[2017.03.12-23.33.07:476][  2]LogModuleManager: Shutting down and abandoning module CoreUObject (10)
[2017.03.12-23.33.07:476][  2]LogModuleManager: Shutting down and abandoning module NetworkFile (8)
[2017.03.12-23.33.07:476][  2]LogModuleManager: Shutting down and abandoning module StreamingFile (6)
[2017.03.12-23.33.07:476][  2]LogModuleManager: Shutting down and abandoning module SandboxFile (4)
[2017.03.12-23.33.07:476][  2]LogModuleManager: Shutting down and abandoning module PakFile (2)
[2017.03.12-23.33.07:477][  2]LogExit: Exiting.
[2017.03.12-23.33.07:478][  2]Log file closed, 03/12/17 18:33:07
