Log file open, 03/12/17 18:31:25
LogInit:Display: Running engine for game: MultiplayerMenu
LogPlatformFile: Not using cached read wrapper
LogInit:Display: RandInit(1360091436) SRandInit(1360091436).
LogTaskGraph: Started task graph with 5 named threads and 8 total threads with 1 sets of task threads.
LogStats: Stats thread started at 0.069659
LogInit: Using libcurl 7.47.1
LogInit:  - built for x86_64-pc-win32
LogInit:  - supports SSL with OpenSSL/1.0.2g
LogInit:  - supports HTTP deflate (compression) using libz 1.2.8
LogInit:  - other features:
LogInit:      CURL_VERSION_SSL
LogInit:      CURL_VERSION_LIBZ
LogInit:      CURL_VERSION_IPV6
LogInit:      CURL_VERSION_ASYNCHDNS
LogInit:      CURL_VERSION_LARGEFILE
LogInit:      CURL_VERSION_IDN
LogInit:  CurlRequestOptions (configurable via config and command line):
LogInit:  - bVerifyPeer = false  - Libcurl will NOT verify peer certificate
LogInit:  - bUseHttpProxy = false  - Libcurl will NOT use HTTP proxy
LogInit:  - bDontReuseConnections = false  - Libcurl will reuse connections
LogInit:  - CertBundlePath = nullptr  - Libcurl will use whatever was configured at build time.
LogModuleManager:Warning: No filename provided for module OnlineSubsystemSteam
LogModuleManager:Warning: ModuleManager: Unable to load module 'OnlineSubsystemSteam' because the file 'C:/Program Files/Epic Games/UE_4.15/Engine/Binaries/Win64/' was not found.
LogInit: WinSock: version 1.1 (2.2), MaxSocks=32767, MaxUdp=65467
LogInit: Build: ++UE4+Release-4.15-CL-3299760
LogInit: Engine Version: 4.15.0-3299760+++UE4+Release-4.15
LogInit: Compatible Engine Version: 4.15.0-3299760+++UE4+Release-4.15
LogInit: Net CL: 3299760
LogDevObjectVersion: Number of dev versions registered: 14
LogDevObjectVersion:   Dev-Blueprints (B0D832E4-1F89-4F0D-ACCF-7EB736FD4AA2): 8
LogDevObjectVersion:   Dev-Build (E1C64328-A22C-4D53-A36C-8E866417BD8C): 0
LogDevObjectVersion:   Dev-Core (375EC13C-06E4-48FB-B500-84F0262A717E): 2
LogDevObjectVersion:   Dev-Editor (E4B068ED-F494-42E9-A231-DA0B2E46BB41): 14
LogDevObjectVersion:   Dev-Framework (CFFC743F-43B0-4480-9391-14DF171D2073): 22
LogDevObjectVersion:   Dev-Mobile (B02B49B5-BB20-44E9-A304-32B752E40360): 0
LogDevObjectVersion:   Dev-Networking (A4E4105C-59A1-49B5-A7C5-40C4547EDFEE): 0
LogDevObjectVersion:   Dev-Online (39C831C9-5AE6-47DC-9A44-9C173E1C8E7C): 0
LogDevObjectVersion:   Dev-Physics (78F01B33-EBEA-4F98-B9B4-84EACCB95AA2): 0
LogDevObjectVersion:   Dev-Platform (6631380F-2D4D-43E0-8009-CF276956A95A): 0
LogDevObjectVersion:   Dev-Rendering (12F88B9F-8875-4AFC-A67C-D90C383ABD29): 12
LogDevObjectVersion:   Dev-Sequencer (7B5AE74C-D270-4C10-A958-57980B212A5A): 3
LogDevObjectVersion:   Dev-VR (D7296918-1DD6-4BDD-9DE2-64A83CC13884): 0
LogDevObjectVersion:   Dev-LoadTimes (C2A15278-BFE7-4AFE-6C17-90FF531DF755): 1
LogInit: Compiled (64-bit): Feb 14 2017 02:04:14
LogInit: Compiled with Visual C++: 19.00.23026.00
LogInit: Build Configuration: Development
LogInit: Branch Name: ++UE4+Release-4.15
LogInit: Command line:  /Temp/Autosaves/Game/Levels/UEDPCMainMenu -game -PIEVIACONSOLE -ResX=1280 -ResY=720  -Multiprocess -messaging -SessionName="Play in Standalone Game" -windowed 
LogInit: Base directory: C:/Program Files/Epic Games/UE_4.15/Engine/Binaries/Win64/
LogInit: Installed Engine Build: 1
LogInit: Presizing for max 8388607 objects, including 0 objects not considered by GC, pre-allocating 0 bytes for permanent pool.
LogInit: Object subsystem initialized
[2017.03.12-23.31.26:685][  0]LogInit: Selected Device Profile: [Windows]
[2017.03.12-23.31.26:685][  0]LogInit: Applying CVar settings loaded from the selected device profile: [Windows]
[2017.03.12-23.31.26:688][  0]LogInit: Computer: DESKTOP-LKSOI0V
[2017.03.12-23.31.26:688][  0]LogInit: User: rojo8
[2017.03.12-23.31.26:688][  0]LogInit: CPU Page size=65536, Cores=4
[2017.03.12-23.31.26:688][  0]LogInit: High frequency timer resolution =3.914058 MHz
[2017.03.12-23.31.26:688][  0]LogMemory: Memory total: Physical=16.0GB (16GB approx)
[2017.03.12-23.31.26:688][  0]LogMemory: Platform Memory Stats for Windows
[2017.03.12-23.31.26:688][  0]LogMemory: Process Physical Memory: 263.42 MB used, 263.42 MB peak
[2017.03.12-23.31.26:688][  0]LogMemory: Process Virtual Memory: 262.77 MB used, 262.77 MB peak
[2017.03.12-23.31.26:688][  0]LogMemory: Physical Memory: 7164.58 MB used,  9179.38 MB free, 16343.96 MB total
[2017.03.12-23.31.26:688][  0]LogMemory: Virtual Memory: 645.79 MB used,  9179.38 MB free, 134217728.00 MB total
[2017.03.12-23.31.26:758][  0]LogTextLocalizationManager: No specific translations for ('en-US') exist, so ('en') translations will be used.
[2017.03.12-23.31.27:089][  0]LogD3D11RHI: D3D11 adapters:
[2017.03.12-23.31.27:112][  0]LogD3D11RHI:    0. 'NVIDIA GeForce GTX 1070' (Feature Level 11_0)
[2017.03.12-23.31.27:112][  0]LogD3D11RHI:       8119/0/8171 MB DedicatedVideo/DedicatedSystem/SharedSystem, Outputs:1, VendorId:0x10de
[2017.03.12-23.31.27:114][  0]LogD3D11RHI:    1. 'Microsoft Basic Render Driver' (Feature Level 11_0)
[2017.03.12-23.31.27:114][  0]LogD3D11RHI:       0/0/8171 MB DedicatedVideo/DedicatedSystem/SharedSystem, Outputs:0, VendorId:0x1414
[2017.03.12-23.31.27:114][  0]LogD3D11RHI: Chosen D3D11 Adapter: 0
[2017.03.12-23.31.27:118][  0]LogD3D11RHI: Creating new Direct3DDevice
[2017.03.12-23.31.27:118][  0]LogD3D11RHI:     GPU DeviceId: 0x1b81 (for the marketing name, search the web for "GPU Device Id")
[2017.03.12-23.31.27:118][  0]LogWindows: EnumDisplayDevices:
[2017.03.12-23.31.27:118][  0]LogWindows:    0. 'NVIDIA GeForce GTX 1070' (P:1 D:1)
[2017.03.12-23.31.27:118][  0]LogWindows:    1. 'NVIDIA GeForce GTX 1070' (P:0 D:0)
[2017.03.12-23.31.27:118][  0]LogWindows:    2. 'NVIDIA GeForce GTX 1070' (P:0 D:0)
[2017.03.12-23.31.27:118][  0]LogWindows:    3. 'NVIDIA GeForce GTX 1070' (P:0 D:0)
[2017.03.12-23.31.27:118][  0]LogWindows: DebugString: FoundDriverCount:4 
[2017.03.12-23.31.27:118][  0]LogD3D11RHI:     Adapter Name: NVIDIA GeForce GTX 1070
[2017.03.12-23.31.27:118][  0]LogD3D11RHI:   Driver Version: 378.66 (internal:21.21.13.7866, unified:378.66)
[2017.03.12-23.31.27:118][  0]LogD3D11RHI:      Driver Date: 2-9-2017
[2017.03.12-23.31.27:118][  0]LogRHI: Texture pool is 1361 MB (70% of 1945 MB)
[2017.03.12-23.31.27:127][  0]LogD3D11RHI: Async texture creation enabled
[2017.03.12-23.31.27:138][  0]LogD3D11RHI: GPU Timing Frequency: 1000.000000 (Debug: 2 1)
[2017.03.12-23.31.27:181][  0]LogShaderCompilers: Guid format shader working directory is -26 characters bigger than the processId version (../../../../../../Users/rojo8/Documents/Unreal Projects/MultiplayerMenu/Intermediate/Shaders/WorkingDirectory/18256/).
[2017.03.12-23.31.27:181][  0]LogShaderCompilers: Cleaned the shader compiler working directory 'C:/Users/rojo8/AppData/Local/Temp/UnrealShaderWorkingDir/FD6AE24E45346455268C2EBCEC24F016/'.
[2017.03.12-23.31.27:181][  0]LogShaderCompilers:Display: Using Local Shader Compiler.
[2017.03.12-23.31.27:957][  0]LogTemp:Display: Loaded TP WindowsClientTargetPlatform
[2017.03.12-23.31.27:998][  0]LogTemp:Display: Loaded TP WindowsNoEditorTargetPlatform
[2017.03.12-23.31.28:038][  0]LogTemp:Display: Loaded TP WindowsServerTargetPlatform
[2017.03.12-23.31.28:073][  0]LogTemp:Display: Loaded TP WindowsTargetPlatform
[2017.03.12-23.31.28:073][  0]LogTargetPlatformManager:Display: Building Assets For Windows
[2017.03.12-23.31.28:398][  0]LogDerivedDataCache:Display: Max Cache Size: 512 MB
[2017.03.12-23.31.28:436][  0]LogDerivedDataCache: Loaded boot cache 0.04s 50MB C:/Users/rojo8/AppData/Local/UnrealEngine/4.15/DerivedDataCache/Boot.ddc.
[2017.03.12-23.31.28:436][  0]LogDerivedDataCache:Display: Loaded Boot cache: C:/Users/rojo8/AppData/Local/UnrealEngine/4.15/DerivedDataCache/Boot.ddc
[2017.03.12-23.31.28:436][  0]LogDerivedDataCache: FDerivedDataBackendGraph:  Pak pak cache file ../../../../../../Users/rojo8/Documents/Unreal Projects/MultiplayerMenu/DerivedDataCache/DDC.ddp not found, will not use a pak cache.
[2017.03.12-23.31.28:436][  0]LogDerivedDataCache: Unable to find inner node Pak for hierarchical cache Hierarchy.
[2017.03.12-23.31.28:436][  0]LogDerivedDataCache: FDerivedDataBackendGraph:  CompressedPak pak cache file ../../../../../../Users/rojo8/Documents/Unreal Projects/MultiplayerMenu/DerivedDataCache/Compressed.ddp not found, will not use a pak cache.
[2017.03.12-23.31.28:436][  0]LogDerivedDataCache: Unable to find inner node CompressedPak for hierarchical cache Hierarchy.
[2017.03.12-23.31.28:450][  0]LogDerivedDataCache:Display: Pak cache opened for reading ../../../Engine/DerivedDataCache/Compressed.ddp.
[2017.03.12-23.31.28:462][  0]LogDerivedDataCache: Using Local data cache path C:/Users/rojo8/AppData/Local/UnrealEngine/Common/DerivedDataCache: Writable
[2017.03.12-23.31.28:468][  0]LogSlate: Using Freetype 2.6.0
[2017.03.12-23.31.28:468][  0]LogSlate: SlateFontCache - WITH_FREETYPE: 1, WITH_HARFBUZZ: 1
[2017.03.12-23.31.28:468][  0]LogSlate: SlateFontCache - WITH_FREETYPE: 1, WITH_HARFBUZZ: 1
[2017.03.12-23.31.28:646][  0]LogAssetRegistry: FAssetRegistry took 0.0001 seconds to start up
[2017.03.12-23.31.28:650][  0]LogPackageLocalizationCache: Processed 3 localized package path(s) for 2 prioritized culture(s) in 0.004145 seconds
[2017.03.12-23.31.28:662][  0]LogInit: Selected Device Profile: [Windows]
[2017.03.12-23.31.28:663][  0]LogContentStreaming: Texture pool size is 1000.00 MB
[2017.03.12-23.31.28:811][  0]LogMeshUtilities: Using QuadricMeshReduction for automatic static mesh reduction
[2017.03.12-23.31.28:843][  0]LogSimplygon: Simplygon DLL not present - disabling.
[2017.03.12-23.31.28:876][  0]LogMeshUtilities: Using SimplygonSwarm for distributed automatic mesh merging
[2017.03.12-23.31.28:876][  0]LogMeshUtilities: No automatic skeletal mesh reduction module available
[2017.03.12-23.31.28:876][  0]LogMeshUtilities: No automatic mesh merging module available
[2017.03.12-23.31.29:223][  0]LogNetVersion: GetLocalNetworkVersion: CL: 3299760, ProjectName: multiplayermenu, ProjectVersion: , EngineNetworkVersion: 2, GameNetworkVersion: 0, NetworkChecksum: 2562512738
[2017.03.12-23.31.29:845][  0]LogMoviePlayer: Initializing movie player
[2017.03.12-23.31.29:897][  0]LogWindowsTextInputMethodSystem:Display: IME system now deactivated.
[2017.03.12-23.31.30:105][  0]LogSubstanceCoreModule: Substance [CPU] Engine Loaded, Max Texture Size = 2048
[2017.03.12-23.31.30:125][  0]LogTcpMessaging: Initializing TcpMessaging bridge
[2017.03.12-23.31.30:156][  0]LogUdpMessaging: Initializing bridge on interface 0.0.0.0:0 to multicast group 230.0.0.1:6666.
[2017.03.12-23.31.30:420][  0]SourceControl: Info Source control is disabled
[2017.03.12-23.31.30:420][  0]SourceControl: Info Source control is disabled
[2017.03.12-23.31.30:453][  0]SourceControl: Info Source control is disabled
[2017.03.12-23.31.30:891][  0]LogUObjectArray: 35107 objects as part of root set at end of initial load.
[2017.03.12-23.31.30:891][  0]LogUObjectAllocator: 7761736 out of 0 bytes used by permanent object pool.
[2017.03.12-23.31.30:891][  0]LogUObjectArray: CloseDisregardForGC: 0/0 objects in disregard for GC pool
[2017.03.12-23.31.30:968][  0]LogEngine: Initializing Engine...
[2017.03.12-23.31.30:968][  0]LogHMD: Failed to initialize OpenVR with code 110
[2017.03.12-23.31.31:055][  0]LogInit: XAudio2 using 'VoiceMeeter Input (VB-Audio VoiceMeeter VAIO)' : 2 channels at 44.1 kHz using 16 bits per sample (channel mask 0x3)
[2017.03.12-23.31.31:060][  0]LogInit: FAudioDevice initialized.
[2017.03.12-23.31.31:076][  0]LogInit: Texture streaming: Enabled
[2017.03.12-23.31.31:085][  0]LogMaterial: Uniform references updated for custom material expression Custom.
[2017.03.12-23.31.31:338][  0]LogInit:Display: Game Engine Initialized.
[2017.03.12-23.31.31:466][  0]LogInit:Display: Starting Game.
[2017.03.12-23.31.31:466][  0]LogNet: Browse: /Temp/Autosaves/Game/Levels/UEDPCMainMenu?Name=Player
[2017.03.12-23.31.31:466][  0]LogLoad: LoadMap: /Temp/Autosaves/Game/Levels/UEDPCMainMenu?Name=Player
[2017.03.12-23.31.31:479][  0]LogMemory: Platform Memory Stats for Windows
[2017.03.12-23.31.31:479][  0]LogMemory: Process Physical Memory: 659.33 MB used, 683.69 MB peak
[2017.03.12-23.31.31:479][  0]LogMemory: Process Virtual Memory: 741.11 MB used, 741.12 MB peak
[2017.03.12-23.31.31:479][  0]LogMemory: Physical Memory: 7482.61 MB used,  8861.36 MB free, 16343.96 MB total
[2017.03.12-23.31.31:479][  0]LogMemory: Virtual Memory: 1315.19 MB used,  8861.36 MB free, 134217728.00 MB total
[2017.03.12-23.31.31:479][  0]LogMemory: 
[2017.03.12-23.31.31:479][  0]Allocator Stats for TBB: (not implemented)
[2017.03.12-23.31.31:740][  0]LogAIModule: Creating AISystem for world MainMenu
[2017.03.12-23.31.31:740][  0]LogLoad: Game class is 'GameModeBase'
[2017.03.12-23.31.31:743][  0]LogWorld: Bringing World /Temp/Autosaves/Game/Levels/UEDPCMainMenu.MainMenu up for play (max tick rate 0) at 2017.03.12-18.31.31
[2017.03.12-23.31.31:744][  0]LogWorld: Bringing up level for play took: 0.003073
[2017.03.12-23.31.31:762][  0]LogModuleManager:Warning: No filename provided for module OnlineSubsystemSTEAM
[2017.03.12-23.31.31:762][  0]LogModuleManager:Warning: ModuleManager: Unable to load module 'OnlineSubsystemSTEAM' because the file 'C:/Program Files/Epic Games/UE_4.15/Engine/Binaries/Win64/' was not found.
[2017.03.12-23.31.31:763][  0]LogBlueprintUserMessages: [MainMenu_C_0] Steam Not Found!
[2017.03.12-23.31.31:764][  0]LogLoad: Took 0.297083 seconds to LoadMap(/Temp/Autosaves/Game/Levels/UEDPCMainMenu)
[2017.03.12-23.31.31:907][  0]LogRenderer: Reallocating scene render targets to support 1280x720 NumSamples 1 (Frame:2).
[2017.03.12-23.31.31:907][  0]LogLoad: (Engine Initialization) Total time: 6.70 seconds
[2017.03.12-23.31.31:907][  0]LogLoad: (Engine Initialization) Total Blueprint compile time: 0.11 seconds
[2017.03.12-23.31.31:907][  0]LogExternalProfiler: No external profilers were discovered.  External profiling features will not be available.
[2017.03.12-23.31.31:924][  0]LogOcInput: OculusInput pre-init called
[2017.03.12-23.31.42:463][652]LogWindowsTextInputMethodSystem:Display: IME system now deactivated.
[2017.03.12-23.31.42:465][652]LogEngine: All Windows Closed
[2017.03.12-23.31.42:465][652]LogWindows: FPlatformMisc::RequestExit(0)
[2017.03.12-23.31.42:465][653]LogMoviePlayer: Shutting down movie player
[2017.03.12-23.31.42:978][653]LogExit: Preparing to exit.
[2017.03.12-23.31.43:286][653]LogExit: Game engine shut down
[2017.03.12-23.31.43:330][653]LogObj: Freed 0b from 0 cluster array pools.
[2017.03.12-23.31.43:330][653]LogExit: Object subsystem successfully closed.
[2017.03.12-23.31.43:347][653]LogD3D11RHI: Shutdown
[2017.03.12-23.31.43:347][653]LogD3D11RHI: CleanupD3DDevice
[2017.03.12-23.31.43:393][653]LogD3D11RHI: ~FD3D11DynamicRHI
[2017.03.12-23.31.43:399][653]LogModuleManager: Shutting down and abandoning module SequenceRecorderSections (269)
[2017.03.12-23.31.43:399][653]LogModuleManager: Shutting down and abandoning module SequenceRecorder (267)
[2017.03.12-23.31.43:399][653]LogModuleManager: Shutting down and abandoning module AutomationController (265)
[2017.03.12-23.31.43:399][653]LogModuleManager: Shutting down and abandoning module AutomationWorker (263)
[2017.03.12-23.31.43:399][653]LogModuleManager: Shutting down and abandoning module Voice (261)
[2017.03.12-23.31.43:399][653]LogModuleManager: Shutting down and abandoning module AIModule (259)
[2017.03.12-23.31.43:399][653]LogModuleManager: Shutting down and abandoning module GameplayDebugger (258)
[2017.03.12-23.31.43:399][653]LogModuleManager: Shutting down and abandoning module AITestSuite (256)
[2017.03.12-23.31.43:399][653]LogModuleManager: Shutting down and abandoning module WmfMediaFactory (253)
[2017.03.12-23.31.43:399][653]LogModuleManager: Shutting down and abandoning module MfMediaFactory (251)
[2017.03.12-23.31.43:399][653]LogModuleManager: Shutting down and abandoning module AvfMediaFactory (249)
[2017.03.12-23.31.43:399][653]LogModuleManager: Shutting down and abandoning module AndroidMediaFactory (247)
[2017.03.12-23.31.43:399][653]LogModuleManager: Shutting down and abandoning module Media (246)
[2017.03.12-23.31.43:399][653]LogModuleManager: Shutting down and abandoning module CharacterAI (243)
[2017.03.12-23.31.43:399][653]LogModuleManager: Shutting down and abandoning module SessionServices (241)
[2017.03.12-23.31.43:399][653]LogModuleManager: Shutting down and abandoning module MovieSceneCapture (239)
[2017.03.12-23.31.43:399][653]LogModuleManager: Shutting down and abandoning module GeometryCache (237)
[2017.03.12-23.31.43:399][653]LogModuleManager: Shutting down and abandoning module GeometryCacheEd (236)
[2017.03.12-23.31.43:399][653]LogModuleManager: Shutting down and abandoning module Niagara (233)
[2017.03.12-23.31.43:399][653]LogModuleManager: Shutting down and abandoning module StreamingPauseRendering (231)
[2017.03.12-23.31.43:399][653]LogModuleManager: Shutting down and abandoning module PortalServices (229)
[2017.03.12-23.31.43:399][653]LogModuleManager: Shutting down and abandoning module PortalRpc (227)
[2017.03.12-23.31.43:399][653]LogModuleManager: Shutting down and abandoning module MessagingRpc (225)
[2017.03.12-23.31.43:399][653]LogModuleManager: Shutting down and abandoning module ProfilerService (223)
[2017.03.12-23.31.43:462][653]LogModuleManager: Shutting down and abandoning module TaskGraph (221)
[2017.03.12-23.31.43:462][653]LogModuleManager: Shutting down and abandoning module SteamVRController (219)
[2017.03.12-23.31.43:462][653]LogModuleManager: Shutting down and abandoning module SteamVR (217)
[2017.03.12-23.31.43:462][653]LogModuleManager: Shutting down and abandoning module ProceduralMeshComponent (215)
[2017.03.12-23.31.43:462][653]LogModuleManager: Shutting down and abandoning module OculusLibrary (213)
[2017.03.12-23.31.43:462][653]LogModuleManager: Shutting down and abandoning module OculusInput (211)
[2017.03.12-23.31.43:462][653]LogModuleManager: Shutting down and abandoning module MobilePatchingUtils (209)
[2017.03.12-23.31.43:462][653]LogModuleManager: Shutting down and abandoning module CustomMeshComponent (207)
[2017.03.12-23.31.43:462][653]LogModuleManager: Shutting down and abandoning module CableComponent (205)
[2017.03.12-23.31.43:462][653]LogModuleManager: Shutting down and abandoning module ArchVisCharacter (203)
[2017.03.12-23.31.43:462][653]LogModuleManager: Shutting down and abandoning module HTML5Networking (201)
[2017.03.12-23.31.43:462][653]LogModuleManager: Shutting down and abandoning module VisualStudioSourceCodeAccess (199)
[2017.03.12-23.31.43:462][653]LogModuleManager: Shutting down and abandoning module DesktopPlatform (198)
[2017.03.12-23.31.43:462][653]LogModuleManager: Shutting down and abandoning module HotReload (196)
[2017.03.12-23.31.43:462][653]LogModuleManager: Shutting down and abandoning module DirectoryWatcher (195)
[2017.03.12-23.31.43:462][653]LogModuleManager: Shutting down and abandoning module UObjectPlugin (191)
[2017.03.12-23.31.43:462][653]LogModuleManager: Shutting down and abandoning module SubversionSourceControl (189)
[2017.03.12-23.31.43:462][653]LogModuleManager: Shutting down and abandoning module PerforceSourceControl (187)
[2017.03.12-23.31.43:462][653]LogModuleManager: Shutting down and abandoning module SourceControl (186)
[2017.03.12-23.31.43:462][653]LogModuleManager: Shutting down and abandoning module AdvancedSessions (183)
[2017.03.12-23.31.43:462][653]LogModuleManager: Shutting down and abandoning module PhysXVehiclesEditor (181)
[2017.03.12-23.31.43:462][653]LogModuleManager: Shutting down and abandoning module PhysXVehicles (179)
[2017.03.12-23.31.43:462][653]LogModuleManager: Shutting down and abandoning module LocationServicesBPLibrary (177)
[2017.03.12-23.31.43:462][653]LogModuleManager: Shutting down and abandoning module UdpMessaging (175)
[2017.03.12-23.31.43:563][653]LogModuleManager: Shutting down and abandoning module TcpMessaging (173)
[2017.03.12-23.31.44:134][653]LogModuleManager: Shutting down and abandoning module SubstanceCore (171)
[2017.03.12-23.31.44:134][653]LogModuleManager: Shutting down and abandoning module GameplayTagsEditor (169)
[2017.03.12-23.31.44:134][653]LogModuleManager: Shutting down and abandoning module FacialAnimation (167)
[2017.03.12-23.31.44:134][653]LogModuleManager: Shutting down and abandoning module LightPropagationVolumeRuntime (165)
[2017.03.12-23.31.44:134][653]LogModuleManager: Shutting down and abandoning module Paper2D (163)
[2017.03.12-23.31.44:134][653]LogModuleManager: Shutting down and abandoning module WindowsMoviePlayer (161)
[2017.03.12-23.31.44:134][653]LogModuleManager: Shutting down and abandoning module WmfMedia (159)
[2017.03.12-23.31.44:134][653]LogModuleManager: Shutting down and abandoning module MfMedia (157)
[2017.03.12-23.31.44:134][653]LogModuleManager: Shutting down and abandoning module MediaAssets (155)
[2017.03.12-23.31.44:134][653]LogModuleManager: Shutting down and abandoning module GameLiveStreaming (153)
[2017.03.12-23.31.44:134][653]LogModuleManager: Shutting down and abandoning module VREditor (151)
[2017.03.12-23.31.44:134][653]LogModuleManager: Shutting down and abandoning module GameplayTasksEditor (149)
[2017.03.12-23.31.44:134][653]LogModuleManager: Shutting down and abandoning module BehaviorTreeEditor (147)
[2017.03.12-23.31.44:134][653]LogModuleManager: Shutting down and abandoning module FunctionalTesting (145)
[2017.03.12-23.31.44:134][653]LogModuleManager: Shutting down and abandoning module CollisionAnalyzer (143)
[2017.03.12-23.31.44:134][653]LogModuleManager: Shutting down and abandoning module UMG (141)
[2017.03.12-23.31.44:134][653]LogModuleManager: Shutting down and abandoning module UMGEditor (140)
[2017.03.12-23.31.44:134][653]LogModuleManager: Shutting down and abandoning module Sequencer (139)
[2017.03.12-23.31.44:134][653]LogModuleManager: Shutting down and abandoning module AssetTools (137)
[2017.03.12-23.31.44:134][653]LogModuleManager: Shutting down and abandoning module MessageLog (136)
[2017.03.12-23.31.44:134][653]LogModuleManager: Shutting down and abandoning module WorkspaceMenuStructure (135)
[2017.03.12-23.31.44:134][653]LogModuleManager: Shutting down and abandoning module SlateReflector (129)
[2017.03.12-23.31.44:134][653]LogModuleManager: Shutting down and abandoning module Slate (127)
[2017.03.12-23.31.44:134][653]LogModuleManager: Shutting down and abandoning module EditorStyle (125)
[2017.03.12-23.31.44:136][653]LogModuleManager: Shutting down and abandoning module Messaging (123)
[2017.03.12-23.31.44:136][653]LogModuleManager: Shutting down and abandoning module SourceCodeAccess (121)
[2017.03.12-23.31.44:136][653]LogModuleManager: Shutting down and abandoning module HeadMountedDisplay (119)
[2017.03.12-23.31.44:136][653]LogModuleManager: Shutting down and abandoning module XAudio2 (117)
[2017.03.12-23.31.44:136][653]LogModuleManager: Shutting down and abandoning module Networking (115)
[2017.03.12-23.31.44:136][653]LogModuleManager: Shutting down and abandoning module Core (113)
[2017.03.12-23.31.44:136][653]LogModuleManager: Shutting down and abandoning module KismetCompiler (111)
[2017.03.12-23.31.44:136][653]LogModuleManager: Shutting down and abandoning module PhysXFormats (109)
[2017.03.12-23.31.44:136][653]LogModuleManager: Shutting down and abandoning module MeshUtilities (107)
[2017.03.12-23.31.44:136][653]LogModuleManager: Shutting down and abandoning module SimplygonSwarm (106)
[2017.03.12-23.31.44:136][653]LogModuleManager: Shutting down and abandoning module SimplygonMeshReduction (104)
[2017.03.12-23.31.44:136][653]LogModuleManager: Shutting down and abandoning module QuadricMeshReduction (102)
[2017.03.12-23.31.44:136][653]LogModuleManager: Shutting down and abandoning module PropertyEditor (100)
[2017.03.12-23.31.44:136][653]LogModuleManager: Shutting down and abandoning module AssetRegistry (97)
[2017.03.12-23.31.44:136][653]LogModuleManager: Shutting down and abandoning module DerivedDataCache (95)
[2017.03.12-23.31.44:467][653]LogDerivedDataCache: Shutdown
[2017.03.12-23.31.44:467][653]LogModuleManager: Shutting down and abandoning module TargetPlatform (93)
[2017.03.12-23.31.44:467][653]LogModuleManager: Shutting down and abandoning module VulkanShaderFormat (92)
[2017.03.12-23.31.44:467][653]LogModuleManager: Shutting down and abandoning module ShaderFormatOpenGL (90)
[2017.03.12-23.31.44:467][653]LogModuleManager: Shutting down and abandoning module ShaderFormatD3D (88)
[2017.03.12-23.31.44:467][653]LogModuleManager: Shutting down and abandoning module MetalShaderFormat (86)
[2017.03.12-23.31.44:467][653]LogModuleManager: Shutting down and abandoning module TextureFormatUncompressed (84)
[2017.03.12-23.31.44:467][653]LogModuleManager: Shutting down and abandoning module TextureFormatPVR (82)
[2017.03.12-23.31.44:467][653]LogModuleManager: Shutting down and abandoning module TextureFormatDXT (80)
[2017.03.12-23.31.44:467][653]LogModuleManager: Shutting down and abandoning module TextureFormatIntelISPCTexComp (78)
[2017.03.12-23.31.44:467][653]LogModuleManager: Shutting down and abandoning module TextureFormatASTC (76)
[2017.03.12-23.31.44:467][653]LogModuleManager: Shutting down and abandoning module ImageWrapper (75)
[2017.03.12-23.31.44:467][653]LogModuleManager: Shutting down and abandoning module TextureFormatAndroid (72)
[2017.03.12-23.31.44:467][653]LogModuleManager: Shutting down and abandoning module AudioFormatOpus (70)
[2017.03.12-23.31.44:467][653]LogModuleManager: Shutting down and abandoning module AudioFormatOgg (68)
[2017.03.12-23.31.44:467][653]LogModuleManager: Shutting down and abandoning module AudioFormatADPCM (66)
[2017.03.12-23.31.44:467][653]LogModuleManager: Shutting down and abandoning module WindowsTargetPlatform (64)
[2017.03.12-23.31.44:467][653]LogModuleManager: Shutting down and abandoning module WindowsServerTargetPlatform (62)
[2017.03.12-23.31.44:467][653]LogModuleManager: Shutting down and abandoning module WindowsNoEditorTargetPlatform (60)
[2017.03.12-23.31.44:467][653]LogModuleManager: Shutting down and abandoning module WindowsClientTargetPlatform (58)
[2017.03.12-23.31.44:467][653]LogModuleManager: Shutting down and abandoning module InputCore (55)
[2017.03.12-23.31.44:467][653]LogModuleManager: Shutting down and abandoning module Settings (53)
[2017.03.12-23.31.44:467][653]LogModuleManager: Shutting down and abandoning module OculusRift (51)
[2017.03.12-23.31.44:467][653]LogModuleManager: Shutting down and abandoning module ExampleDeviceProfileSelector (49)
[2017.03.12-23.31.44:467][653]LogModuleManager: Shutting down and abandoning module OnlineBlueprintSupport (47)
[2017.03.12-23.31.44:467][653]LogModuleManager: Shutting down and abandoning module OnlineSubsystem (43)
[2017.03.12-23.31.44:467][653]LogOnline:Display: OSS: FOnlineSubsystemNull::Shutdown()
[2017.03.12-23.31.44:468][653]LogOnline:Display: Unloading online subsystem: NULL
[2017.03.12-23.31.44:468][653]LogModuleManager: Shutting down and abandoning module XMPP (37)
[2017.03.12-23.31.44:468][653]LogModuleManager: Shutting down and abandoning module HTTP (35)
[2017.03.12-23.31.44:500][653]LogModuleManager: Shutting down and abandoning module SSL (34)
[2017.03.12-23.31.44:501][653]LogModuleManager: Shutting down and abandoning module AudioEditor (30)
[2017.03.12-23.31.44:501][653]LogModuleManager: Shutting down and abandoning module TextureCompressor (28)
[2017.03.12-23.31.44:501][653]LogModuleManager: Shutting down and abandoning module ShaderCore (26)
[2017.03.12-23.31.44:501][653]LogModuleManager: Shutting down and abandoning module Landscape (24)
[2017.03.12-23.31.44:501][653]LogModuleManager: Shutting down and abandoning module SlateRHIRenderer (22)
[2017.03.12-23.31.44:501][653]LogModuleManager: Shutting down and abandoning module OpenGLDrv (20)
[2017.03.12-23.31.44:501][653]LogModuleManager: Shutting down and abandoning module D3D11RHI (18)
[2017.03.12-23.31.44:501][653]LogModuleManager: Shutting down and abandoning module AnimGraphRuntime (16)
[2017.03.12-23.31.44:501][653]LogModuleManager: Shutting down and abandoning module Renderer (14)
[2017.03.12-23.31.44:501][653]LogModuleManager: Shutting down and abandoning module Engine (12)
[2017.03.12-23.31.44:501][653]LogModuleManager: Shutting down and abandoning module CoreUObject (10)
[2017.03.12-23.31.44:501][653]LogModuleManager: Shutting down and abandoning module NetworkFile (8)
[2017.03.12-23.31.44:501][653]LogModuleManager: Shutting down and abandoning module StreamingFile (6)
[2017.03.12-23.31.44:501][653]LogModuleManager: Shutting down and abandoning module SandboxFile (4)
[2017.03.12-23.31.44:501][653]LogModuleManager: Shutting down and abandoning module PakFile (2)
[2017.03.12-23.31.44:502][653]LogExit: Exiting.
[2017.03.12-23.31.44:503][653]Log file closed, 03/12/17 18:31:44
