Log file open, 03/12/17 18:30:09
LogInit:Display: Running engine for game: MultiplayerMenu
LogPlatformFile: Not using cached read wrapper
LogInit:Display: RandInit(1062641837) SRandInit(1062641837).
LogTaskGraph: Started task graph with 5 named threads and 8 total threads with 1 sets of task threads.
LogStats: Stats thread started at 0.067689
LogInit: Using libcurl 7.47.1
LogInit:  - built for x86_64-pc-win32
LogInit:  - supports SSL with OpenSSL/1.0.2g
LogInit:  - supports HTTP deflate (compression) using libz 1.2.8
LogInit:  - other features:
LogInit:      CURL_VERSION_SSL
LogInit:      CURL_VERSION_LIBZ
LogInit:      CURL_VERSION_IPV6
LogInit:      CURL_VERSION_ASYNCHDNS
LogInit:      CURL_VERSION_LARGEFILE
LogInit:      CURL_VERSION_IDN
LogInit:  CurlRequestOptions (configurable via config and command line):
LogInit:  - bVerifyPeer = false  - Libcurl will NOT verify peer certificate
LogInit:  - bUseHttpProxy = false  - Libcurl will NOT use HTTP proxy
LogInit:  - bDontReuseConnections = false  - Libcurl will reuse connections
LogInit:  - CertBundlePath = nullptr  - Libcurl will use whatever was configured at build time.
LogModuleManager:Warning: No filename provided for module OnlineSubsystemSteam
LogModuleManager:Warning: ModuleManager: Unable to load module 'OnlineSubsystemSteam' because the file 'C:/Program Files/Epic Games/UE_4.15/Engine/Binaries/Win64/' was not found.
LogInit: WinSock: version 1.1 (2.2), MaxSocks=32767, MaxUdp=65467
LogInit: Build: ++UE4+Release-4.15-CL-3299760
LogInit: Engine Version: 4.15.0-3299760+++UE4+Release-4.15
LogInit: Compatible Engine Version: 4.15.0-3299760+++UE4+Release-4.15
LogInit: Net CL: 3299760
LogDevObjectVersion: Number of dev versions registered: 14
LogDevObjectVersion:   Dev-Blueprints (B0D832E4-1F89-4F0D-ACCF-7EB736FD4AA2): 8
LogDevObjectVersion:   Dev-Build (E1C64328-A22C-4D53-A36C-8E866417BD8C): 0
LogDevObjectVersion:   Dev-Core (375EC13C-06E4-48FB-B500-84F0262A717E): 2
LogDevObjectVersion:   Dev-Editor (E4B068ED-F494-42E9-A231-DA0B2E46BB41): 14
LogDevObjectVersion:   Dev-Framework (CFFC743F-43B0-4480-9391-14DF171D2073): 22
LogDevObjectVersion:   Dev-Mobile (B02B49B5-BB20-44E9-A304-32B752E40360): 0
LogDevObjectVersion:   Dev-Networking (A4E4105C-59A1-49B5-A7C5-40C4547EDFEE): 0
LogDevObjectVersion:   Dev-Online (39C831C9-5AE6-47DC-9A44-9C173E1C8E7C): 0
LogDevObjectVersion:   Dev-Physics (78F01B33-EBEA-4F98-B9B4-84EACCB95AA2): 0
LogDevObjectVersion:   Dev-Platform (6631380F-2D4D-43E0-8009-CF276956A95A): 0
LogDevObjectVersion:   Dev-Rendering (12F88B9F-8875-4AFC-A67C-D90C383ABD29): 12
LogDevObjectVersion:   Dev-Sequencer (7B5AE74C-D270-4C10-A958-57980B212A5A): 3
LogDevObjectVersion:   Dev-VR (D7296918-1DD6-4BDD-9DE2-64A83CC13884): 0
LogDevObjectVersion:   Dev-LoadTimes (C2A15278-BFE7-4AFE-6C17-90FF531DF755): 1
LogInit: Compiled (64-bit): Feb 14 2017 02:04:14
LogInit: Compiled with Visual C++: 19.00.23026.00
LogInit: Build Configuration: Development
LogInit: Branch Name: ++UE4+Release-4.15
LogInit: Command line: 
LogInit: Base directory: C:/Program Files/Epic Games/UE_4.15/Engine/Binaries/Win64/
LogInit: Installed Engine Build: 1
LogInit: Presizing for max 8388607 objects, including 0 objects not considered by GC, pre-allocating 0 bytes for permanent pool.
LogInit: Object subsystem initialized
[2017.03.12-23.30.10:769][  0]LogInit: Selected Device Profile: [Windows]
[2017.03.12-23.30.10:769][  0]LogInit: Applying CVar settings loaded from the selected device profile: [Windows]
[2017.03.12-23.30.10:777][  0]LogInit: Computer: DESKTOP-LKSOI0V
[2017.03.12-23.30.10:777][  0]LogInit: User: rojo8
[2017.03.12-23.30.10:777][  0]LogInit: CPU Page size=65536, Cores=4
[2017.03.12-23.30.10:777][  0]LogInit: High frequency timer resolution =3.914058 MHz
[2017.03.12-23.30.10:778][  0]LogMemory: Memory total: Physical=16.0GB (16GB approx)
[2017.03.12-23.30.10:778][  0]LogMemory: Platform Memory Stats for Windows
[2017.03.12-23.30.10:778][  0]LogMemory: Process Physical Memory: 263.95 MB used, 263.95 MB peak
[2017.03.12-23.30.10:778][  0]LogMemory: Process Virtual Memory: 262.83 MB used, 262.83 MB peak
[2017.03.12-23.30.10:778][  0]LogMemory: Physical Memory: 6934.66 MB used,  9409.30 MB free, 16343.96 MB total
[2017.03.12-23.30.10:778][  0]LogMemory: Virtual Memory: 645.79 MB used,  9409.30 MB free, 134217728.00 MB total
[2017.03.12-23.30.10:838][  0]LogTextLocalizationManager: No specific translations for ('en-US') exist, so ('en') translations will be used.
[2017.03.12-23.30.11:298][  0]LogD3D11RHI: D3D11 adapters:
[2017.03.12-23.30.11:329][  0]LogD3D11RHI:    0. 'NVIDIA GeForce GTX 1070' (Feature Level 11_0)
[2017.03.12-23.30.11:329][  0]LogD3D11RHI:       8119/0/8171 MB DedicatedVideo/DedicatedSystem/SharedSystem, Outputs:1, VendorId:0x10de
[2017.03.12-23.30.11:330][  0]LogD3D11RHI:    1. 'Microsoft Basic Render Driver' (Feature Level 11_0)
[2017.03.12-23.30.11:330][  0]LogD3D11RHI:       0/0/8171 MB DedicatedVideo/DedicatedSystem/SharedSystem, Outputs:0, VendorId:0x1414
[2017.03.12-23.30.11:330][  0]LogD3D11RHI: Chosen D3D11 Adapter: 0
[2017.03.12-23.30.11:334][  0]LogD3D11RHI: Creating new Direct3DDevice
[2017.03.12-23.30.11:334][  0]LogD3D11RHI:     GPU DeviceId: 0x1b81 (for the marketing name, search the web for "GPU Device Id")
[2017.03.12-23.30.11:334][  0]LogWindows: EnumDisplayDevices:
[2017.03.12-23.30.11:334][  0]LogWindows:    0. 'NVIDIA GeForce GTX 1070' (P:1 D:1)
[2017.03.12-23.30.11:335][  0]LogWindows:    1. 'NVIDIA GeForce GTX 1070' (P:0 D:0)
[2017.03.12-23.30.11:335][  0]LogWindows:    2. 'NVIDIA GeForce GTX 1070' (P:0 D:0)
[2017.03.12-23.30.11:335][  0]LogWindows:    3. 'NVIDIA GeForce GTX 1070' (P:0 D:0)
[2017.03.12-23.30.11:335][  0]LogWindows: DebugString: FoundDriverCount:4 
[2017.03.12-23.30.11:335][  0]LogD3D11RHI:     Adapter Name: NVIDIA GeForce GTX 1070
[2017.03.12-23.30.11:335][  0]LogD3D11RHI:   Driver Version: 378.66 (internal:21.21.13.7866, unified:378.66)
[2017.03.12-23.30.11:335][  0]LogD3D11RHI:      Driver Date: 2-9-2017
[2017.03.12-23.30.11:335][  0]LogRHI: Texture pool is 1361 MB (70% of 1945 MB)
[2017.03.12-23.30.11:344][  0]LogD3D11RHI: Async texture creation enabled
[2017.03.12-23.30.11:353][  0]LogD3D11RHI: GPU Timing Frequency: 1000.000000 (Debug: 2 1)
[2017.03.12-23.30.11:396][  0]LogShaderCompilers: Guid format shader working directory is -26 characters bigger than the processId version (../../../../../../Users/rojo8/Documents/Unreal Projects/MultiplayerMenu/Intermediate/Shaders/WorkingDirectory/18152/).
[2017.03.12-23.30.11:396][  0]LogShaderCompilers: Cleaned the shader compiler working directory 'C:/Users/rojo8/AppData/Local/Temp/UnrealShaderWorkingDir/BBF0A04F492E6304CA5EE59BEE96F914/'.
[2017.03.12-23.30.11:396][  0]LogShaderCompilers:Display: Using Local Shader Compiler.
[2017.03.12-23.30.12:220][  0]LogTemp:Display: Loaded TP AllDesktopTargetPlatform
[2017.03.12-23.30.12:276][  0]LogTemp:Display: Loaded TP MacClientTargetPlatform
[2017.03.12-23.30.12:322][  0]LogTemp:Display: Loaded TP MacNoEditorTargetPlatform
[2017.03.12-23.30.12:369][  0]LogTemp:Display: Loaded TP MacServerTargetPlatform
[2017.03.12-23.30.12:411][  0]LogTemp:Display: Loaded TP MacTargetPlatform
[2017.03.12-23.30.12:452][  0]LogTemp:Display: Loaded TP WindowsClientTargetPlatform
[2017.03.12-23.30.12:493][  0]LogTemp:Display: Loaded TP WindowsNoEditorTargetPlatform
[2017.03.12-23.30.12:536][  0]LogTemp:Display: Loaded TP WindowsServerTargetPlatform
[2017.03.12-23.30.12:570][  0]LogTemp:Display: Loaded TP WindowsTargetPlatform
[2017.03.12-23.30.12:610][  0]LogTemp:Display: Loaded TP AndroidTargetPlatform
[2017.03.12-23.30.12:650][  0]LogTemp:Display: Loaded TP Android_ASTCTargetPlatform
[2017.03.12-23.30.12:690][  0]LogTemp:Display: Loaded TP Android_ATCTargetPlatform
[2017.03.12-23.30.12:732][  0]LogTemp:Display: Loaded TP Android_DXTTargetPlatform
[2017.03.12-23.30.12:772][  0]LogTemp:Display: Loaded TP Android_ETC1TargetPlatform
[2017.03.12-23.30.12:812][  0]LogTemp:Display: Loaded TP Android_ETC2TargetPlatform
[2017.03.12-23.30.12:894][  0]LogTemp:Display: Loaded TP Android_MultiTargetPlatform
[2017.03.12-23.30.12:894][  0]LogTemp:Display: Loaded TP Android_PVRTCTargetPlatform
[2017.03.12-23.30.12:922][  0]LogTemp:Display: Loaded TP HTML5TargetPlatform
[2017.03.12-23.30.12:999][  0]LogTemp:Display: Loaded TP IOSTargetPlatform
[2017.03.12-23.30.13:026][  0]LogTemp:Display: Loaded TP TVOSTargetPlatform
[2017.03.12-23.30.13:066][  0]LogTemp:Display: Loaded TP LinuxClientTargetPlatform
[2017.03.12-23.30.13:107][  0]LogTemp:Display: Loaded TP LinuxNoEditorTargetPlatform
[2017.03.12-23.30.13:147][  0]LogTemp:Display: Loaded TP LinuxServerTargetPlatform
[2017.03.12-23.30.13:187][  0]LogTemp:Display: Loaded TP LinuxTargetPlatform
[2017.03.12-23.30.13:187][  0]LogTargetPlatformManager:Display: Building Assets For Windows
[2017.03.12-23.30.13:509][  0]LogDerivedDataCache:Display: Max Cache Size: 512 MB
[2017.03.12-23.30.13:548][  0]LogDerivedDataCache: Loaded boot cache 0.04s 50MB C:/Users/rojo8/AppData/Local/UnrealEngine/4.15/DerivedDataCache/Boot.ddc.
[2017.03.12-23.30.13:548][  0]LogDerivedDataCache:Display: Loaded Boot cache: C:/Users/rojo8/AppData/Local/UnrealEngine/4.15/DerivedDataCache/Boot.ddc
[2017.03.12-23.30.13:548][  0]LogDerivedDataCache: FDerivedDataBackendGraph:  Pak pak cache file ../../../../../../Users/rojo8/Documents/Unreal Projects/MultiplayerMenu/DerivedDataCache/DDC.ddp not found, will not use a pak cache.
[2017.03.12-23.30.13:548][  0]LogDerivedDataCache: Unable to find inner node Pak for hierarchical cache Hierarchy.
[2017.03.12-23.30.13:548][  0]LogDerivedDataCache: FDerivedDataBackendGraph:  CompressedPak pak cache file ../../../../../../Users/rojo8/Documents/Unreal Projects/MultiplayerMenu/DerivedDataCache/Compressed.ddp not found, will not use a pak cache.
[2017.03.12-23.30.13:548][  0]LogDerivedDataCache: Unable to find inner node CompressedPak for hierarchical cache Hierarchy.
[2017.03.12-23.30.13:562][  0]LogDerivedDataCache:Display: Pak cache opened for reading ../../../Engine/DerivedDataCache/Compressed.ddp.
[2017.03.12-23.30.13:573][  0]LogDerivedDataCache: Using Local data cache path C:/Users/rojo8/AppData/Local/UnrealEngine/Common/DerivedDataCache: Writable
[2017.03.12-23.30.13:580][  0]LogSlate: Using Freetype 2.6.0
[2017.03.12-23.30.13:580][  0]LogSlate: SlateFontCache - WITH_FREETYPE: 1, WITH_HARFBUZZ: 1
[2017.03.12-23.30.13:580][  0]LogSlate: SlateFontCache - WITH_FREETYPE: 1, WITH_HARFBUZZ: 1
[2017.03.12-23.30.13:758][  0]LogInit: Selected Device Profile: [Windows]
[2017.03.12-23.30.13:760][  0]LogContentStreaming: Texture pool size is 0.00 MB
[2017.03.12-23.30.13:908][  0]LogMeshUtilities: Using QuadricMeshReduction for automatic static mesh reduction
[2017.03.12-23.30.13:940][  0]LogSimplygon: Simplygon DLL not present - disabling.
[2017.03.12-23.30.13:973][  0]LogMeshUtilities: Using SimplygonSwarm for distributed automatic mesh merging
[2017.03.12-23.30.13:973][  0]LogMeshUtilities: No automatic skeletal mesh reduction module available
[2017.03.12-23.30.13:973][  0]LogMeshUtilities: No automatic mesh merging module available
[2017.03.12-23.30.14:358][  0]LogNetVersion: GetLocalNetworkVersion: CL: 3299760, ProjectName: multiplayermenu, ProjectVersion: , EngineNetworkVersion: 2, GameNetworkVersion: 0, NetworkChecksum: 2562512738
[2017.03.12-23.30.14:397][  0]LogAssetRegistry: FAssetRegistry took 0.0211 seconds to start up
[2017.03.12-23.30.14:435][  0]LogPackageLocalizationCache: Processed 3 localized package path(s) for 2 prioritized culture(s) in 0.020286 seconds
[2017.03.12-23.30.14:439][  0]LogUObjectArray: 32475 objects as part of root set at end of initial load.
[2017.03.12-23.30.14:439][  0]LogUObjectAllocator: 7073368 out of 0 bytes used by permanent object pool.
[2017.03.12-23.30.14:439][  0]LogUObjectArray: CloseDisregardForGC: 0/0 objects in disregard for GC pool
[2017.03.12-23.30.15:662][  0]LogSubstanceCoreModule: Substance [CPU] Engine Loaded, Max Texture Size = 2048
[2017.03.12-23.30.15:688][  0]LogTcpMessaging: Initializing TcpMessaging bridge
[2017.03.12-23.30.15:719][  0]LogUdpMessaging: Initializing bridge on interface 0.0.0.0:0 to multicast group 230.0.0.1:6666.
[2017.03.12-23.30.16:101][  0]LogMaterial: Uniform references updated for custom material expression Custom.
[2017.03.12-23.30.16:373][  0]SourceControl: Info Source control is disabled
[2017.03.12-23.30.16:392][  0]SourceControl: Info Source control is disabled
[2017.03.12-23.30.16:426][  0]SourceControl: Info Source control is disabled
[2017.03.12-23.30.16:459][  0]SourceControl: Info Source control is disabled
[2017.03.12-23.30.17:367][  0]LogEngine: Initializing Engine...
[2017.03.12-23.30.17:367][  0]LogHMD: Failed to initialize OpenVR with code 110
[2017.03.12-23.30.17:538][  0]LogAIModule: Creating AISystem for world Untitled
[2017.03.12-23.30.17:548][  0]LogInit: XAudio2 using 'VoiceMeeter Input (VB-Audio VoiceMeeter VAIO)' : 2 channels at 44.1 kHz using 16 bits per sample (channel mask 0x3)
[2017.03.12-23.30.17:554][  0]LogInit: FAudioDevice initialized.
[2017.03.12-23.30.17:572][  0]LogDerivedDataCache: Saved boot cache 0.02s 50MB C:/Users/rojo8/AppData/Local/UnrealEngine/4.15/DerivedDataCache/Boot.ddc.
[2017.03.12-23.30.17:578][  0]LogInit: Texture streaming: Enabled
[2017.03.12-23.30.17:649][  0]LogEngineSessionManager: EngineSessionManager initialized
[2017.03.12-23.30.17:713][  0]LogInit: Transaction tracking system initialized
[2017.03.12-23.30.17:966][  0]BlueprintLog: New page: Editor Load
[2017.03.12-23.30.18:611][  0]LocalizationService: Info Localization service is disabled
[2017.03.12-23.30.19:101][  0]LogConsoleResponse:Display: 
[2017.03.12-23.30.19:192][  0]LogCook:Display: Max memory allowance for cook 16384mb min free memory 0mb
[2017.03.12-23.30.19:192][  0]LogCook:Display: Mobile HDR setting 1
[2017.03.12-23.30.19:521][  0]LogFileCache: Scanning file cache for directory 'C:/Users/rojo8/Documents/Unreal Projects/MultiplayerMenu/Content/' took 0.01s
[2017.03.12-23.30.19:940][  0]SourceControl: Info Source control is disabled
[2017.03.12-23.30.19:940][  0]Cmd: MAP LOAD FILE="../../../Engine/Content/Maps/Templates/Template_Default.umap" TEMPLATE=1 SHOWPROGRESS=1 FEATURELEVEL=3
[2017.03.12-23.30.19:941][  0]LightingResults: New page: Lighting Build
[2017.03.12-23.30.19:971][  0]MapCheck: New page: Map Check
[2017.03.12-23.30.19:971][  0]LightingResults: New page: Lighting Build
[2017.03.12-23.30.20:114][  0]LogAIModule: Creating AISystem for world Untitled_1
[2017.03.12-23.30.20:115][  0]LogActorComponent: RegisterComponentWithWorld: (/Temp/Untitled_1.Untitled_1:PersistentLevel.WorldSettings_1.StaticMeshComponent0) Trying to register component with IsPendingKill() == true. Aborting.
[2017.03.12-23.30.20:118][  0]LogEditorServer: Finished looking for orphan Actors (0.000 secs)
[2017.03.12-23.30.20:121][  0]Cmd: MAP CHECKDEP NOCLEARLOG
[2017.03.12-23.30.20:147][  0]MapCheck: Info Map check complete: 0 Error(s), 0 Warning(s), took 26.13ms to complete.
[2017.03.12-23.30.20:147][  0]LogFileHelpers: Loading map 'Template_Default' took 0.207
[2017.03.12-23.30.20:205][  0]LogWindowsTextInputMethodSystem:Display: IME system now deactivated.
[2017.03.12-23.30.20:295][  0]LogCollectionManager: Loaded 0 collections in 0.001052 seconds
[2017.03.12-23.30.20:364][  0]LogFileCache: Scanning file cache for directory 'C:/Users/rojo8/Documents/Unreal Projects/MultiplayerMenu/Saved/Collections/' took 0.01s
[2017.03.12-23.30.20:364][  0]LogFileCache: Scanning file cache for directory 'C:/Users/rojo8/Documents/Unreal Projects/MultiplayerMenu/Content/Developers/rojo8/Collections/' took 0.01s
[2017.03.12-23.30.20:364][  0]LogFileCache: Scanning file cache for directory 'C:/Users/rojo8/Documents/Unreal Projects/MultiplayerMenu/Content/Collections/' took 0.01s
[2017.03.12-23.30.20:364][  0]LogCollectionManager: Rebuilt the GUID cache for 0 collections in 0.000002 seconds
[2017.03.12-23.30.20:371][  0]LogContentBrowser: Native class hierarchy populated in 0.0066 seconds. Added 2277 classes and 459 folders.
[2017.03.12-23.30.20:373][  0]LogStats: UGameplayTagsManager::ConstructGameplayTagTree: Construct from data asset -  0.000 s
[2017.03.12-23.30.20:373][  0]LogStats: UGameplayTagsManager::ConstructGameplayTagTree: GameplayTagTreeChangedEvent.Broadcast -  0.000 s
[2017.03.12-23.30.20:419][  0]LogContentBrowser: Native class hierarchy updated for 'WidgetCarousel' in 0.0004 seconds. Added 0 classes and 0 folders.
[2017.03.12-23.30.20:443][  0]LogContentBrowser: Native class hierarchy updated for 'AddContentDialog' in 0.0004 seconds. Added 0 classes and 0 folders.
[2017.03.12-23.30.20:475][  0]LogContentBrowser: Native class hierarchy updated for 'SceneOutliner' in 0.0004 seconds. Added 1 classes and 2 folders.
[2017.03.12-23.30.20:548][  0]LogCrashTracker: Crashtracker disabled due to settings.
[2017.03.12-23.30.20:560][  0]LogUObjectGlobals:Warning: Failed to find object 'Class None.'
[2017.03.12-23.30.20:613][  0]LogContentBrowser: Native class hierarchy updated for 'HierarchicalLODOutliner' in 0.0004 seconds. Added 1 classes and 2 folders.
[2017.03.12-23.30.20:614][  0]LogLoad: (Engine Initialization) Total time: 11.40 seconds
[2017.03.12-23.30.20:614][  0]LogLoad: (Engine Initialization) Total Blueprint compile time: 0.06 seconds
[2017.03.12-23.30.20:614][  0]LogExternalProfiler: No external profilers were discovered.  External profiling features will not be available.
[2017.03.12-23.30.20:624][  0]LogOcInput: OculusInput pre-init called
[2017.03.12-23.30.20:637][  0]LogAssetRegistry: Asset discovery search completed in 6.2610 seconds
[2017.03.12-23.30.20:637][  0]LogCollectionManager: Rebuilt the object cache for 0 collections in 0.000003 seconds (found 0 objects)
[2017.03.12-23.30.20:637][  0]LogCollectionManager: Fixed up redirectors for 0 collections in 0.000013 seconds (updated 0 objects)
[2017.03.12-23.30.20:641][  0]LogContentStreaming: Texture pool size now 1000 MB
[2017.03.12-23.30.20:648][  0]LogSlate: Took 0.000125 seconds to synchronously load lazily loaded font '../../../Engine/Content/Slate/Fonts/Roboto-Regular.ttf' (155K)
[2017.03.12-23.30.20:650][  0]LogSlate: Took 0.000145 seconds to synchronously load lazily loaded font '../../../Engine/Content/Slate/Fonts/Roboto-Bold.ttf' (160K)
[2017.03.12-23.30.20:654][  0]LogSlate: Took 0.000107 seconds to synchronously load lazily loaded font '../../../Engine/Content/Editor/Slate/Fonts/FontAwesome.ttf' (139K)
[2017.03.12-23.30.20:777][  0]LogRenderer: Reallocating scene render targets to support 1616x808 NumSamples 1 (Frame:2).
[2017.03.12-23.30.21:634][ 87]LogSlate: Took 0.000151 seconds to synchronously load lazily loaded font '../../../Engine/Content/Slate/Fonts/Roboto-Light.ttf' (159K)
[2017.03.12-23.30.24:920][480]LogDirectoryWatcher: A directory notification for '../../../Engine/Plugins/' was aborted.
[2017.03.12-23.30.24:920][480]LogDirectoryWatcher: A directory notification for '../../../../../../Users/rojo8/Documents/Unreal Projects/MultiplayerMenu/Plugins/' was aborted.
[2017.03.12-23.30.26:319][647]LogSlate: Took 0.000106 seconds to synchronously load lazily loaded font '../../../Engine/Content/Slate/Fonts/Roboto-Light.ttf' (159K)
[2017.03.12-23.30.26:327][647]LogLinker:Warning: Can't find file '/Game/UltraDynamicSky/Blueprints/Ultra_Dynamic_Sky_BP'
[2017.03.12-23.30.26:327][647]LogLinker:Warning: Can't find file for asset '/Game/UltraDynamicSky/Blueprints/Ultra_Dynamic_Sky_BP' while loading ../../../../../../Users/rojo8/Documents/Unreal Projects/MultiplayerMenu/Content/Levels/MainMenu.umap.
[2017.03.12-23.30.26:327][647]LoadErrors:Error: Error /Game/Levels/MainMenu : Can't find file for asset. /Game/UltraDynamicSky/Blueprints/Ultra_Dynamic_Sky_BP
[2017.03.12-23.30.26:327][647]LogLinker:Warning: Can't find file '/Game/UltraDynamicSky/Blueprints/Ultra_Dynamic_Sky_BP'
[2017.03.12-23.30.26:327][647]LogLinker:Warning: Can't find file for asset '/Game/UltraDynamicSky/Blueprints/Ultra_Dynamic_Sky_BP' while loading ../../../../../../Users/rojo8/Documents/Unreal Projects/MultiplayerMenu/Content/Levels/MainMenu.umap.
[2017.03.12-23.30.26:329][647]LogLinker:Warning: Can't find file '/Game/UltraDynamicSky/Materials/Cloud_Shadows'
[2017.03.12-23.30.26:329][647]LogLinker:Warning: Can't find file for asset '/Game/UltraDynamicSky/Materials/Cloud_Shadows' while loading ../../../../../../Users/rojo8/Documents/Unreal Projects/MultiplayerMenu/Content/Levels/MainMenu.umap.
[2017.03.12-23.30.26:329][647]LoadErrors:Error: Error /Game/Levels/MainMenu : Can't find file for asset. /Game/UltraDynamicSky/Materials/Cloud_Shadows
[2017.03.12-23.30.26:329][647]LogLinker:Warning: Can't find file '/Game/UltraDynamicSky/Materials/Ultra_Dynamic_Sky_Mat'
[2017.03.12-23.30.26:329][647]LogLinker:Warning: Can't find file for asset '/Game/UltraDynamicSky/Materials/Ultra_Dynamic_Sky_Mat' while loading ../../../../../../Users/rojo8/Documents/Unreal Projects/MultiplayerMenu/Content/Levels/MainMenu.umap.
[2017.03.12-23.30.26:329][647]LoadErrors:Error: Error /Game/Levels/MainMenu : Can't find file for asset. /Game/UltraDynamicSky/Materials/Ultra_Dynamic_Sky_Mat
[2017.03.12-23.30.26:330][647]LogLinker:Warning: Can't find file '/Game/UltraDynamicSky/Blueprints/Ultra_Dynamic_Sky_BP'
[2017.03.12-23.30.26:330][647]LogLinker:Warning: Can't find file for asset '/Game/UltraDynamicSky/Blueprints/Ultra_Dynamic_Sky_BP' while loading ../../../../../../Users/rojo8/Documents/Unreal Projects/MultiplayerMenu/Content/Levels/MainMenu.umap.
[2017.03.12-23.30.26:330][647]LogLinker:Warning: Can't find file '/Game/UltraDynamicSky/Materials/Cloud_Shadows'
[2017.03.12-23.30.26:330][647]LogLinker:Warning: Can't find file for asset '/Game/UltraDynamicSky/Materials/Cloud_Shadows' while loading ../../../../../../Users/rojo8/Documents/Unreal Projects/MultiplayerMenu/Content/Levels/MainMenu.umap.
[2017.03.12-23.30.26:330][647]LogLinker:Warning: Can't find file '/Game/UltraDynamicSky/Materials/Ultra_Dynamic_Sky_Mat'
[2017.03.12-23.30.26:330][647]LogLinker:Warning: Can't find file for asset '/Game/UltraDynamicSky/Materials/Ultra_Dynamic_Sky_Mat' while loading ../../../../../../Users/rojo8/Documents/Unreal Projects/MultiplayerMenu/Content/Levels/MainMenu.umap.
[2017.03.12-23.30.26:476][647]LogLinker:Warning: Can't find file '/Game/UltraDynamicSky/Blueprints/Ultra_Dynamic_Sky_BP'
[2017.03.12-23.30.26:476][647]LogLinker:Warning: Can't find file for asset '/Game/UltraDynamicSky/Blueprints/Ultra_Dynamic_Sky_BP' while loading ../../../../../../Users/rojo8/Documents/Unreal Projects/MultiplayerMenu/Content/Levels/MainMenu.umap.
[2017.03.12-23.30.26:476][647]LogLinker:Warning: Can't find file '/Game/UltraDynamicSky/Blueprints/Ultra_Dynamic_Sky_BP'
[2017.03.12-23.30.26:476][647]LogLinker:Warning: Can't find file for asset '/Game/UltraDynamicSky/Blueprints/Ultra_Dynamic_Sky_BP' while loading ../../../../../../Users/rojo8/Documents/Unreal Projects/MultiplayerMenu/Content/Levels/MainMenu.umap.
[2017.03.12-23.30.26:477][647]LogLinker:Warning: Can't find file '/Game/UltraDynamicSky/Blueprints/Ultra_Dynamic_Sky_BP'
[2017.03.12-23.30.26:477][647]LogLinker:Warning: Can't find file for asset '/Game/UltraDynamicSky/Blueprints/Ultra_Dynamic_Sky_BP' while loading NULL.
[2017.03.12-23.30.26:477][647]LogLinker:Warning: Can't find file '/Game/UltraDynamicSky/Blueprints/Ultra_Dynamic_Sky_BP'
[2017.03.12-23.30.26:477][647]LogLinker:Warning: Can't find file for asset '/Game/UltraDynamicSky/Blueprints/Ultra_Dynamic_Sky_BP' while loading NULL.
[2017.03.12-23.30.26:477][647]LogLinker:Warning: Can't find file '/Game/UltraDynamicSky/Materials/Cloud_Shadows'
[2017.03.12-23.30.26:477][647]LogLinker:Warning: Can't find file for asset '/Game/UltraDynamicSky/Materials/Cloud_Shadows' while loading NULL.
[2017.03.12-23.30.26:477][647]LogLinker:Warning: Can't find file '/Game/UltraDynamicSky/Materials/Ultra_Dynamic_Sky_Mat'
[2017.03.12-23.30.26:477][647]LogLinker:Warning: Can't find file for asset '/Game/UltraDynamicSky/Materials/Ultra_Dynamic_Sky_Mat' while loading NULL.
[2017.03.12-23.30.26:477][647]LogLinker:Warning: Can't find file '/Game/UltraDynamicSky/Blueprints/Ultra_Dynamic_Sky_BP'
[2017.03.12-23.30.26:477][647]LogLinker:Warning: Can't find file for asset '/Game/UltraDynamicSky/Blueprints/Ultra_Dynamic_Sky_BP' while loading NULL.
[2017.03.12-23.30.26:477][647]LogLinker:Warning: Can't find file '/Game/UltraDynamicSky/Materials/Cloud_Shadows'
[2017.03.12-23.30.26:477][647]LogLinker:Warning: Can't find file for asset '/Game/UltraDynamicSky/Materials/Cloud_Shadows' while loading NULL.
[2017.03.12-23.30.26:477][647]LogLinker:Warning: Can't find file '/Game/UltraDynamicSky/Materials/Ultra_Dynamic_Sky_Mat'
[2017.03.12-23.30.26:477][647]LogLinker:Warning: Can't find file for asset '/Game/UltraDynamicSky/Materials/Ultra_Dynamic_Sky_Mat' while loading NULL.
[2017.03.12-23.30.26:478][647]LogLinker:Warning: Can't find file '/Game/UltraDynamicSky/Blueprints/Ultra_Dynamic_Sky_BP'
[2017.03.12-23.30.26:478][647]LogLinker:Warning: Can't find file for asset '/Game/UltraDynamicSky/Blueprints/Ultra_Dynamic_Sky_BP' while loading NULL.
[2017.03.12-23.30.26:478][647]LogLinker:Warning: Can't find file '/Game/UltraDynamicSky/Blueprints/Ultra_Dynamic_Sky_BP'
[2017.03.12-23.30.26:478][647]LogLinker:Warning: Can't find file for asset '/Game/UltraDynamicSky/Blueprints/Ultra_Dynamic_Sky_BP' while loading NULL.
[2017.03.12-23.30.26:486][647]LogLinker:Warning: Can't find file '/Game/UltraDynamicSky/Blueprints/Ultra_Dynamic_Sky_BP'
[2017.03.12-23.30.26:486][647]LogLinker:Warning: Can't find file for asset '/Game/UltraDynamicSky/Blueprints/Ultra_Dynamic_Sky_BP' while loading NULL.
[2017.03.12-23.30.26:486][647]LogLinker:Warning: Can't find file '/Game/UltraDynamicSky/Blueprints/Ultra_Dynamic_Sky_BP'
[2017.03.12-23.30.26:486][647]LogLinker:Warning: Can't find file for asset '/Game/UltraDynamicSky/Blueprints/Ultra_Dynamic_Sky_BP' while loading NULL.
[2017.03.12-23.30.26:491][647]LogLinker:Warning: Can't find file '/Game/UltraDynamicSky/Blueprints/Ultra_Dynamic_Sky_BP'
[2017.03.12-23.30.26:491][647]LogLinker:Warning: Can't find file for asset '/Game/UltraDynamicSky/Blueprints/Ultra_Dynamic_Sky_BP' while loading NULL.
[2017.03.12-23.30.26:491][647]LogLinker:Warning: Can't find file '/Game/UltraDynamicSky/Blueprints/Ultra_Dynamic_Sky_BP'
[2017.03.12-23.30.26:491][647]LogLinker:Warning: Can't find file for asset '/Game/UltraDynamicSky/Blueprints/Ultra_Dynamic_Sky_BP' while loading NULL.
[2017.03.12-23.30.26:491][647]LogLinker:Warning: Can't find file '/Game/UltraDynamicSky/Blueprints/Ultra_Dynamic_Sky_BP'
[2017.03.12-23.30.26:491][647]LogLinker:Warning: Can't find file for asset '/Game/UltraDynamicSky/Blueprints/Ultra_Dynamic_Sky_BP' while loading NULL.
[2017.03.12-23.30.26:492][647]LogLinker:Warning: Can't find file '/Game/UltraDynamicSky/Blueprints/Ultra_Dynamic_Sky_BP'
[2017.03.12-23.30.26:492][647]LogLinker:Warning: Can't find file for asset '/Game/UltraDynamicSky/Blueprints/Ultra_Dynamic_Sky_BP' while loading NULL.
[2017.03.12-23.30.26:492][647]LogLinker:Warning: Can't find file '/Game/UltraDynamicSky/Blueprints/Ultra_Dynamic_Sky_BP'
[2017.03.12-23.30.26:492][647]LogLinker:Warning: Can't find file for asset '/Game/UltraDynamicSky/Blueprints/Ultra_Dynamic_Sky_BP' while loading NULL.
[2017.03.12-23.30.26:492][647]LogLinker:Warning: Can't find file '/Game/UltraDynamicSky/Blueprints/Ultra_Dynamic_Sky_BP'
[2017.03.12-23.30.26:492][647]LogLinker:Warning: Can't find file for asset '/Game/UltraDynamicSky/Blueprints/Ultra_Dynamic_Sky_BP' while loading NULL.
[2017.03.12-23.30.26:492][647]LogLinker:Warning: Can't find file '/Game/UltraDynamicSky/Blueprints/Ultra_Dynamic_Sky_BP'
[2017.03.12-23.30.26:492][647]LogLinker:Warning: Can't find file for asset '/Game/UltraDynamicSky/Blueprints/Ultra_Dynamic_Sky_BP' while loading NULL.
[2017.03.12-23.30.26:492][647]LogLinker:Warning: Can't find file '/Game/UltraDynamicSky/Blueprints/Ultra_Dynamic_Sky_BP'
[2017.03.12-23.30.26:492][647]LogLinker:Warning: Can't find file for asset '/Game/UltraDynamicSky/Blueprints/Ultra_Dynamic_Sky_BP' while loading NULL.
[2017.03.12-23.30.26:500][647]LogLinker:Warning: Can't find file '/Game/UltraDynamicSky/Blueprints/Ultra_Dynamic_Sky_BP'
[2017.03.12-23.30.26:500][647]LogLinker:Warning: Can't find file for asset '/Game/UltraDynamicSky/Blueprints/Ultra_Dynamic_Sky_BP' while loading NULL.
[2017.03.12-23.30.26:500][647]LogLinker:Warning: Can't find file '/Game/UltraDynamicSky/Blueprints/Ultra_Dynamic_Sky_BP'
[2017.03.12-23.30.26:500][647]LoadErrors: Info Failed to load /Game/UltraDynamicSky/Blueprints/Ultra_Dynamic_Sky_BP.Ultra_Dynamic_Sky_BP_C Referenced by PersistentLevel
[2017.03.12-23.30.26:500][647]LogLinker:Warning: Can't find file for asset '/Game/UltraDynamicSky/Blueprints/Ultra_Dynamic_Sky_BP' while loading NULL.
[2017.03.12-23.30.26:571][647]LogAIModule: Creating AISystem for world MainMenu
[2017.03.12-23.30.26:592][647]Cmd: MAP LOAD FILE="../../../../../../Users/rojo8/Documents/Unreal Projects/MultiplayerMenu/Content/Levels/MainMenu.umap" TEMPLATE=0 SHOWPROGRESS=1 FEATURELEVEL=3
[2017.03.12-23.30.26:593][647]LightingResults: New page: Lighting Build
[2017.03.12-23.30.26:594][647]LoadErrors: New page: Loading map: MainMenu.umap
[2017.03.12-23.30.26:594][647]MapCheck: New page: Map Check
[2017.03.12-23.30.26:594][647]LightingResults: New page: Lighting Build
[2017.03.12-23.30.26:661][647]LogEditorServer: Finished looking for orphan Actors (0.000 secs)
[2017.03.12-23.30.26:676][647]Cmd: MAP CHECKDEP NOCLEARLOG
[2017.03.12-23.30.26:706][647]MapCheck: Info Map check complete: 0 Error(s), 0 Warning(s), took 29.904ms to complete.
[2017.03.12-23.30.26:706][647]LogFileHelpers: Loading map 'MainMenu' took 0.114
[2017.03.12-23.30.26:715][647]LoadErrors:Warning: Warning CreateExport: Failed to load Outer for resource 'Sun_Root': Ultra_Dynamic_Sky_BP_C /Game/Levels/MainMenu.MainMenu:PersistentLevel.Ultra_Dynamic_Sky_BP2
[2017.03.12-23.30.26:715][647]LoadErrors:Warning: Warning CreateExport: Failed to load Outer for resource 'MaterialInstanceDynamic_4757': Ultra_Dynamic_Sky_BP_C /Game/Levels/MainMenu.MainMenu:PersistentLevel.Ultra_Dynamic_Sky_BP2
[2017.03.12-23.30.26:715][647]LoadErrors:Warning: Warning CreateExport: Failed to load Outer for resource 'Ultra_Dynamic_Sky_Sphere': Ultra_Dynamic_Sky_BP_C /Game/Levels/MainMenu.MainMenu:PersistentLevel.Ultra_Dynamic_Sky_BP2
[2017.03.12-23.30.26:715][647]LoadErrors:Warning: Warning CreateExport: Failed to load Outer for resource 'MaterialInstanceDynamic_4756': StaticMeshComponent /Game/Levels/MainMenu.MainMenu:PersistentLevel.Ultra_Dynamic_Sky_BP2.Ultra_Dynamic_Sky_Sphere
[2017.03.12-23.30.26:715][647]LoadErrors:Warning: Warning CreateExport: Failed to load Outer for resource 'DefaultSceneRoot': Ultra_Dynamic_Sky_BP_C /Game/Levels/MainMenu.MainMenu:PersistentLevel.Ultra_Dynamic_Sky_BP2
[2017.03.12-23.30.31:616][187]LogContentBrowser: Native class hierarchy updated for 'BlueprintGraph' in 0.0007 seconds. Added 112 classes and 0 folders.
[2017.03.12-23.30.32:141][187]LogSlate: Took 0.000117 seconds to synchronously load lazily loaded font '../../../Engine/Content/Editor/Slate/Fonts/Roboto-BoldCondensed.ttf' (158K)
[2017.03.12-23.30.39:274][925]LogSavePackage: Save=166.27ms
[2017.03.12-23.30.39:274][925]LogSavePackage: Moving '../../../../../../Users/rojo8/Documents/Unreal Projects/MultiplayerMenu/Saved/UEDPCMainMenuA57933A843330E33012059B48CE4A296.tmp' to '../../../../../../Users/rojo8/Documents/Unreal Projects/MultiplayerMenu/Saved/Autosaves/Game/Levels/UEDPCMainMenu.umap'
[2017.03.12-23.30.39:275][925]LogSavePackage:Display: Finished SavePackage ../../../../../../Users/rojo8/Documents/Unreal Projects/MultiplayerMenu/Saved/Autosaves/Game/Levels/UEDPCMainMenu.umap
[2017.03.12-23.30.39:281][925]LogEditorTransaction: Undo Spawn Play From Here Start
[2017.03.12-23.31.03:483][413]LogSlate: Took 0.000155 seconds to synchronously load lazily loaded font '../../../Engine/Content/Editor/Slate/Fonts/Roboto-Italic.ttf' (157K)
[2017.03.12-23.31.22:962][685]LogSavePackage: Save=165.65ms
[2017.03.12-23.31.22:962][685]LogSavePackage: Moving '../../../../../../Users/rojo8/Documents/Unreal Projects/MultiplayerMenu/Saved/MainMenu37C82D0E4FF6176409C13E8EF2421588.tmp' to '../../../../../../Users/rojo8/Documents/Unreal Projects/MultiplayerMenu/Content/Levels/MainMenu.umap'
[2017.03.12-23.31.22:964][685]LogSavePackage:Display: Finished SavePackage ../../../../../../Users/rojo8/Documents/Unreal Projects/MultiplayerMenu/Content/Levels/MainMenu.umap
[2017.03.12-23.31.22:980][685]LogFileHelpers: Saving map 'MainMenu' took 0.231
[2017.03.12-23.31.24:947][907]LogTemp: Repeting last play command: Standalone Game
[2017.03.12-23.31.25:184][907]LogSavePackage: Save=162.17ms
[2017.03.12-23.31.25:184][907]LogSavePackage: Moving '../../../../../../Users/rojo8/Documents/Unreal Projects/MultiplayerMenu/Saved/UEDPCMainMenu02A94C38426D7A8186EFF98E844091E5.tmp' to '../../../../../../Users/rojo8/Documents/Unreal Projects/MultiplayerMenu/Saved/Autosaves/Game/Levels/UEDPCMainMenu.umap'
[2017.03.12-23.31.25:185][907]LogSavePackage:Display: Finished SavePackage ../../../../../../Users/rojo8/Documents/Unreal Projects/MultiplayerMenu/Saved/Autosaves/Game/Levels/UEDPCMainMenu.umap
[2017.03.12-23.31.25:190][907]LogEditorTransaction: Undo Spawn Play From Here Start
[2017.03.12-23.31.45:814][488]LogEditorActor: Deleted Actor: DirectionalLight
[2017.03.12-23.31.45:815][488]LogEditorActor: Deleted Actor: AtmosphericFog
[2017.03.12-23.31.45:815][488]LogEditorActor: Deleted Actor: CameraActor
[2017.03.12-23.31.45:816][488]LogEditorActor: Deleted Actor: ExponentialHeightFog
[2017.03.12-23.31.45:816][488]LogEditorActor: Deleted Actor: Landscape
[2017.03.12-23.31.45:824][488]LogEditorActor: Deleted Actor: LandscapeGizmoActiveActor
[2017.03.12-23.31.45:826][488]LogEditorActor: Deleted Actor: DirectionalLight
[2017.03.12-23.31.45:826][488]LogEditorActor: Deleted Actor: PostProcessVolume
[2017.03.12-23.31.45:826][488]LogEditorActor: Deleted Actor: SkyLight
[2017.03.12-23.31.45:838][488]LogEditorActor: Deleted 9 Actors (0.024 secs)
[2017.03.12-23.31.47:246][640]LogSavePackage: Save=74.27ms
[2017.03.12-23.31.47:246][640]LogSavePackage: Moving '../../../../../../Users/rojo8/Documents/Unreal Projects/MultiplayerMenu/Saved/MainMenu7997A2D148BBF2D838F41CBC445ACB7E.tmp' to '../../../../../../Users/rojo8/Documents/Unreal Projects/MultiplayerMenu/Content/Levels/MainMenu.umap'
[2017.03.12-23.31.47:249][640]LogSavePackage:Display: Finished SavePackage ../../../../../../Users/rojo8/Documents/Unreal Projects/MultiplayerMenu/Content/Levels/MainMenu.umap
[2017.03.12-23.31.47:264][640]LogFileHelpers: Saving map 'MainMenu' took 0.136
[2017.03.12-23.33.09:088][283]LogWindowsTextInputMethodSystem:Display: IME system now deactivated.
[2017.03.12-23.33.09:256][284]Cmd: QUIT_EDITOR
[2017.03.12-23.33.09:301][284]LogExit: Preparing to exit.
[2017.03.12-23.33.09:904][284]LogDirectoryWatcher: A directory notification for 'C:/Users/rojo8/Documents/Unreal Projects/MultiplayerMenu/Content/' was aborted.
[2017.03.12-23.33.09:929][284]LogExit: Editor shut down
[2017.03.12-23.33.09:930][284]LogExit: Transaction tracking system shut down
[2017.03.12-23.33.10:006][284]LogObj: Freed 0b from 0 cluster array pools.
[2017.03.12-23.33.10:006][284]LogExit: Object subsystem successfully closed.
[2017.03.12-23.33.10:021][284]LogD3D11RHI: Shutdown
[2017.03.12-23.33.10:021][284]LogD3D11RHI: CleanupD3DDevice
[2017.03.12-23.33.10:073][284]LogD3D11RHI: ~FD3D11DynamicRHI
[2017.03.12-23.33.10:082][284]LogModuleManager: Shutting down and abandoning module SequencerWidgets (509)
[2017.03.12-23.33.10:082][284]LogModuleManager: Shutting down and abandoning module BlueprintGraph (507)
[2017.03.12-23.33.10:082][284]LogModuleManager: Shutting down and abandoning module BlueprintProfiler (505)
[2017.03.12-23.33.10:082][284]LogModuleManager: Shutting down and abandoning module HierarchicalLODOutliner (503)
[2017.03.12-23.33.10:082][284]LogModuleManager: Shutting down and abandoning module CrashTracker (501)
[2017.03.12-23.33.10:082][284]LogModuleManager: Shutting down and abandoning module SceneOutliner (499)
[2017.03.12-23.33.10:083][284]LogModuleManager: Shutting down and abandoning module AddContentDialog (497)
[2017.03.12-23.33.10:083][284]LogDirectoryWatcher: A directory notification for 'C:/Program Files/Epic Games/UE_4.15/FeaturePacks/' was aborted.
[2017.03.12-23.33.10:083][284]LogModuleManager: Shutting down and abandoning module WidgetCarousel (496)
[2017.03.12-23.33.10:083][284]LogModuleManager: Shutting down and abandoning module EditorWidgets (493)
[2017.03.12-23.33.10:083][284]LogModuleManager: Shutting down and abandoning module CollectionManager (491)
[2017.03.12-23.33.10:083][284]LogDirectoryWatcher: A directory notification for 'C:/Users/rojo8/Documents/Unreal Projects/MultiplayerMenu/Content/Collections/' was aborted.
[2017.03.12-23.33.10:083][284]LogDirectoryWatcher: A directory notification for 'C:/Users/rojo8/Documents/Unreal Projects/MultiplayerMenu/Content/Developers/rojo8/Collections/' was aborted.
[2017.03.12-23.33.10:083][284]LogDirectoryWatcher: A directory notification for 'C:/Users/rojo8/Documents/Unreal Projects/MultiplayerMenu/Saved/Collections/' was aborted.
[2017.03.12-23.33.10:084][284]LogModuleManager: Shutting down and abandoning module StatsViewer (489)
[2017.03.12-23.33.10:084][284]LogModuleManager: Shutting down and abandoning module FoliageEdit (487)
[2017.03.12-23.33.10:084][284]LogModuleManager: Shutting down and abandoning module LandscapeEditor (485)
[2017.03.12-23.33.10:084][284]LogModuleManager: Shutting down and abandoning module SceneDepthPickerMode (483)
[2017.03.12-23.33.10:084][284]LogModuleManager: Shutting down and abandoning module ActorPickerMode (481)
[2017.03.12-23.33.10:084][284]LogModuleManager: Shutting down and abandoning module GeometryMode (479)
[2017.03.12-23.33.10:084][284]LogModuleManager: Shutting down and abandoning module TextureAlignMode (477)
[2017.03.12-23.33.10:084][284]LogModuleManager: Shutting down and abandoning module BspMode (475)
[2017.03.12-23.33.10:084][284]LogModuleManager: Shutting down and abandoning module HardwareSurvey (473)
[2017.03.12-23.33.10:084][284]LogModuleManager: Shutting down and abandoning module SequenceRecorderSections (471)
[2017.03.12-23.33.10:084][284]LogModuleManager: Shutting down and abandoning module AutomationWorker (469)
[2017.03.12-23.33.10:084][284]LogModuleManager: Shutting down and abandoning module MatineeToLevelSequence (467)
[2017.03.12-23.33.10:084][284]LogModuleManager: Shutting down and abandoning module LevelSequenceEditor (465)
[2017.03.12-23.33.10:084][284]LogModuleManager: Shutting down and abandoning module PlacementMode (464)
[2017.03.12-23.33.10:084][284]LogModuleManager: Shutting down and abandoning module WmfMediaFactory (461)
[2017.03.12-23.33.10:084][284]LogModuleManager: Shutting down and abandoning module WmfMediaEditor (459)
[2017.03.12-23.33.10:084][284]LogModuleManager: Shutting down and abandoning module MfMediaFactory (457)
[2017.03.12-23.33.10:084][284]LogModuleManager: Shutting down and abandoning module MfMediaEditor (455)
[2017.03.12-23.33.10:084][284]LogModuleManager: Shutting down and abandoning module AvfMediaFactory (453)
[2017.03.12-23.33.10:084][284]LogModuleManager: Shutting down and abandoning module AvfMediaEditor (451)
[2017.03.12-23.33.10:084][284]LogModuleManager: Shutting down and abandoning module AndroidMediaFactory (449)
[2017.03.12-23.33.10:084][284]LogModuleManager: Shutting down and abandoning module Media (448)
[2017.03.12-23.33.10:084][284]LogModuleManager: Shutting down and abandoning module AndroidMediaEditor (445)
[2017.03.12-23.33.10:084][284]LogModuleManager: Shutting down and abandoning module CharacterAI (443)
[2017.03.12-23.33.10:084][284]LogModuleManager: Shutting down and abandoning module AudioCapture (441)
[2017.03.12-23.33.10:084][284]LogModuleManager: Shutting down and abandoning module SequenceRecorder (440)
[2017.03.12-23.33.10:084][284]LogModuleManager: Shutting down and abandoning module SmartSnapping (437)
[2017.03.12-23.33.10:084][284]LogModuleManager: Shutting down and abandoning module SessionServices (435)
[2017.03.12-23.33.10:084][284]LogModuleManager: Shutting down and abandoning module ViewportSnapping (433)
[2017.03.12-23.33.10:084][284]LogModuleManager: Shutting down and abandoning module ViewportInteraction (431)
[2017.03.12-23.33.10:084][284]LogModuleManager: Shutting down and abandoning module LogVisualizer (429)
[2017.03.12-23.33.10:084][284]LogModuleManager: Shutting down and abandoning module IntroTutorials (427)
[2017.03.12-23.33.10:084][284]LogModuleManager: Shutting down and abandoning module GameProjectGeneration (426)
[2017.03.12-23.33.10:084][284]LogModuleManager: Shutting down and abandoning module EditorLiveStreaming (423)
[2017.03.12-23.33.10:084][284]LogModuleManager: Shutting down and abandoning module IOSPlatformEditor (421)
[2017.03.12-23.33.10:084][284]LogModuleManager: Shutting down and abandoning module HTML5PlatformEditor (419)
[2017.03.12-23.33.10:084][284]LogModuleManager: Shutting down and abandoning module AndroidPlatformEditor (417)
[2017.03.12-23.33.10:084][284]LogModuleManager: Shutting down and abandoning module AndroidDeviceDetection (416)
[2017.03.12-23.33.10:965][284]LogModuleManager: Shutting down and abandoning module IOSRuntimeSettings (413)
[2017.03.12-23.33.10:965][284]LogModuleManager: Shutting down and abandoning module AndroidRuntimeSettings (411)
[2017.03.12-23.33.10:965][284]LogModuleManager: Shutting down and abandoning module InputBindingEditor (409)
[2017.03.12-23.33.10:965][284]LogModuleManager: Shutting down and abandoning module NiagaraEditor (407)
[2017.03.12-23.33.10:965][284]LogModuleManager: Shutting down and abandoning module MergeActors (405)
[2017.03.12-23.33.10:965][284]LogModuleManager: Shutting down and abandoning module SizeMap (403)
[2017.03.12-23.33.10:965][284]LogModuleManager: Shutting down and abandoning module TreeMap (401)
[2017.03.12-23.33.10:965][284]LogModuleManager: Shutting down and abandoning module ReferenceViewer (399)
[2017.03.12-23.33.10:965][284]LogModuleManager: Shutting down and abandoning module LocalizationDashboard (397)
[2017.03.12-23.33.10:965][284]LogModuleManager: Shutting down and abandoning module LocalizationService (396)
[2017.03.12-23.33.10:965][284]LogModuleManager: Shutting down and abandoning module HardwareTargeting (393)
[2017.03.12-23.33.10:965][284]LogModuleManager: Shutting down and abandoning module DeviceProfileEditor (391)
[2017.03.12-23.33.10:965][284]LogModuleManager: Shutting down and abandoning module UndoHistory (389)
[2017.03.12-23.33.10:965][284]LogModuleManager: Shutting down and abandoning module UserFeedback (387)
[2017.03.12-23.33.10:965][284]LogModuleManager: Shutting down and abandoning module XmlParser (385)
[2017.03.12-23.33.10:965][284]LogModuleManager: Shutting down and abandoning module Blutility (383)
[2017.03.12-23.33.10:965][284]LogModuleManager: Shutting down and abandoning module ProjectSettingsViewer (381)
[2017.03.12-23.33.10:965][284]LogModuleManager: Shutting down and abandoning module ProjectTargetPlatformEditor (380)
[2017.03.12-23.33.10:965][284]LogModuleManager: Shutting down and abandoning module EditorSettingsViewer (377)
[2017.03.12-23.33.10:965][284]LogModuleManager: Shutting down and abandoning module SettingsEditor (375)
[2017.03.12-23.33.10:965][284]LogModuleManager: Shutting down and abandoning module ProjectLauncher (373)
[2017.03.12-23.33.10:965][284]LogModuleManager: Shutting down and abandoning module SessionFrontend (371)
[2017.03.12-23.33.10:965][284]LogModuleManager: Shutting down and abandoning module ProfilerClient (369)
[2017.03.12-23.33.10:965][284]LogModuleManager: Shutting down and abandoning module DeviceManager (367)
[2017.03.12-23.33.10:965][284]LogModuleManager: Shutting down and abandoning module TargetDeviceServices (366)
[2017.03.12-23.33.11:007][284]LogModuleManager: Shutting down and abandoning module AutomationController (363)
[2017.03.12-23.33.11:007][284]LogModuleManager: Shutting down and abandoning module AutomationWindow (361)
[2017.03.12-23.33.11:007][284]LogModuleManager: Shutting down and abandoning module Layers (359)
[2017.03.12-23.33.11:007][284]LogModuleManager: Shutting down and abandoning module ComponentVisualizers (357)
[2017.03.12-23.33.11:007][284]LogModuleManager: Shutting down and abandoning module DetailCustomizations (355)
[2017.03.12-23.33.11:007][284]LogModuleManager: Shutting down and abandoning module PackagesDialog (353)
[2017.03.12-23.33.11:007][284]LogModuleManager: Shutting down and abandoning module Persona (351)
[2017.03.12-23.33.11:007][284]LogModuleManager: Shutting down and abandoning module AnimGraph (350)
[2017.03.12-23.33.11:007][284]LogModuleManager: Shutting down and abandoning module Kismet (347)
[2017.03.12-23.33.11:013][284]LogModuleManager: Shutting down and abandoning module GraphEditor (345)
[2017.03.12-23.33.11:013][284]LogModuleManager: Shutting down and abandoning module ClassViewer (343)
[2017.03.12-23.33.11:013][284]LogModuleManager: Shutting down and abandoning module Toolbox (341)
[2017.03.12-23.33.11:013][284]LogModuleManager: Shutting down and abandoning module ModuleUI (339)
[2017.03.12-23.33.11:013][284]LogModuleManager: Shutting down and abandoning module MovieSceneTools (337)
[2017.03.12-23.33.11:013][284]LogModuleManager: Shutting down and abandoning module OutputLog (335)
[2017.03.12-23.33.11:013][284]LogModuleManager: Shutting down and abandoning module GammaUI (333)
[2017.03.12-23.33.11:013][284]LogModuleManager: Shutting down and abandoning module Documentation (331)
[2017.03.12-23.33.11:013][284]LogModuleManager: Shutting down and abandoning module Niagara (329)
[2017.03.12-23.33.11:013][284]LogModuleManager: Shutting down and abandoning module StreamingPauseRendering (327)
[2017.03.12-23.33.11:013][284]LogModuleManager: Shutting down and abandoning module AnalyticsET (325)
[2017.03.12-23.33.11:013][284]LogModuleManager: Shutting down and abandoning module PortalServices (323)
[2017.03.12-23.33.11:013][284]LogModuleManager: Shutting down and abandoning module PortalRpc (321)
[2017.03.12-23.33.11:013][284]LogModuleManager: Shutting down and abandoning module MessagingRpc (319)
[2017.03.12-23.33.11:013][284]LogModuleManager: Shutting down and abandoning module AIModule (317)
[2017.03.12-23.33.11:013][284]LogModuleManager: Shutting down and abandoning module GameplayDebugger (316)
[2017.03.12-23.33.11:013][284]LogModuleManager: Shutting down and abandoning module AITestSuite (314)
[2017.03.12-23.33.11:013][284]LogModuleManager: Shutting down and abandoning module ProfilerService (311)
[2017.03.12-23.33.11:124][284]LogModuleManager: Shutting down and abandoning module TaskGraph (309)
[2017.03.12-23.33.11:124][284]LogModuleManager: Shutting down and abandoning module SubstanceEditor (307)
[2017.03.12-23.33.11:124][284]LogModuleManager: Shutting down and abandoning module SteamVRController (305)
[2017.03.12-23.33.11:124][284]LogModuleManager: Shutting down and abandoning module SteamVR (303)
[2017.03.12-23.33.11:124][284]LogModuleManager: Shutting down and abandoning module ProceduralMeshComponentEditor (301)
[2017.03.12-23.33.11:124][284]LogModuleManager: Shutting down and abandoning module ProceduralMeshComponent (299)
[2017.03.12-23.33.11:124][284]LogModuleManager: Shutting down and abandoning module OculusLibrary (297)
[2017.03.12-23.33.11:124][284]LogModuleManager: Shutting down and abandoning module OculusInput (295)
[2017.03.12-23.33.11:124][284]LogModuleManager: Shutting down and abandoning module MobilePatchingUtils (293)
[2017.03.12-23.33.11:124][284]LogModuleManager: Shutting down and abandoning module CustomMeshComponent (291)
[2017.03.12-23.33.11:124][284]LogModuleManager: Shutting down and abandoning module CableComponent (289)
[2017.03.12-23.33.11:124][284]LogModuleManager: Shutting down and abandoning module ArchVisCharacter (287)
[2017.03.12-23.33.11:124][284]LogModuleManager: Shutting down and abandoning module MediaPlayerEditor (285)
[2017.03.12-23.33.11:124][284]LogModuleManager: Shutting down and abandoning module HTML5Networking (283)
[2017.03.12-23.33.11:124][284]LogModuleManager: Shutting down and abandoning module AlembicImporter (281)
[2017.03.12-23.33.11:124][284]LogModuleManager: Shutting down and abandoning module AlembicLibrary (280)
[2017.03.12-23.33.11:124][284]LogModuleManager: Shutting down and abandoning module GeometryCache (279)
[2017.03.12-23.33.11:124][284]LogModuleManager: Shutting down and abandoning module GeometryCacheEd (278)
[2017.03.12-23.33.11:124][284]LogModuleManager: Shutting down and abandoning module SuperSearchEditor (273)
[2017.03.12-23.33.11:124][284]LogModuleManager: Shutting down and abandoning module SuperSearch (272)
[2017.03.12-23.33.11:124][284]LogModuleManager: Shutting down and abandoning module SpeedTreeImporter (269)
[2017.03.12-23.33.11:124][284]LogModuleManager: Shutting down and abandoning module PluginBrowser (267)
[2017.03.12-23.33.11:124][284]LogModuleManager: Shutting down and abandoning module MobileLauncherProfileWizard (265)
[2017.03.12-23.33.11:124][284]LogModuleManager: Shutting down and abandoning module EpicSurvey (263)
[2017.03.12-23.33.11:124][284]LogModuleManager: Shutting down and abandoning module VisualStudioSourceCodeAccess (261)
[2017.03.12-23.33.11:124][284]LogModuleManager: Shutting down and abandoning module DesktopPlatform (260)
[2017.03.12-23.33.11:124][284]LogModuleManager: Shutting down and abandoning module UObjectPlugin (257)
[2017.03.12-23.33.11:124][284]LogModuleManager: Shutting down and abandoning module SubversionSourceControl (255)
[2017.03.12-23.33.11:124][284]LogModuleManager: Shutting down and abandoning module PerforceSourceControl (253)
[2017.03.12-23.33.11:124][284]LogModuleManager: Shutting down and abandoning module GitSourceControl (251)
[2017.03.12-23.33.11:124][284]LogModuleManager: Shutting down and abandoning module SourceControl (250)
[2017.03.12-23.33.11:124][284]LogModuleManager: Shutting down and abandoning module LightPropagationVolumeEditor (247)
[2017.03.12-23.33.11:124][284]LogModuleManager: Shutting down and abandoning module PaperTiledImporter (245)
[2017.03.12-23.33.11:124][284]LogModuleManager: Shutting down and abandoning module PaperSpriteSheetImporter (243)
[2017.03.12-23.33.11:124][284]LogModuleManager: Shutting down and abandoning module Paper2DEditor (241)
[2017.03.12-23.33.11:124][284]LogModuleManager: Shutting down and abandoning module MeshPaint (240)
[2017.03.12-23.33.11:124][284]LogModuleManager: Shutting down and abandoning module LevelEditor (238)
[2017.03.12-23.33.11:125][284]LogModuleManager: Shutting down and abandoning module PixelInspectorModule (237)
[2017.03.12-23.33.11:125][284]LogModuleManager: Shutting down and abandoning module MainFrame (235)
[2017.03.12-23.33.11:125][284]LogModuleManager: Shutting down and abandoning module HotReload (234)
[2017.03.12-23.33.11:125][284]LogModuleManager: Shutting down and abandoning module ContentBrowser (230)
[2017.03.12-23.33.11:126][284]LogModuleManager: Shutting down and abandoning module AdvancedSessions (227)
[2017.03.12-23.33.11:126][284]LogModuleManager: Shutting down and abandoning module PhysXVehiclesEditor (225)
[2017.03.12-23.33.11:126][284]LogModuleManager: Shutting down and abandoning module PhysXVehicles (223)
[2017.03.12-23.33.11:126][284]LogModuleManager: Shutting down and abandoning module LocationServicesBPLibrary (221)
[2017.03.12-23.33.11:126][284]LogModuleManager: Shutting down and abandoning module UdpMessaging (219)
[2017.03.12-23.33.11:227][284]LogModuleManager: Shutting down and abandoning module TcpMessaging (217)
[2017.03.12-23.33.11:327][284]LogModuleManager: Shutting down and abandoning module SubstanceCore (215)
[2017.03.12-23.33.11:327][284]LogModuleManager: Shutting down and abandoning module GameplayTagsEditor (213)
[2017.03.12-23.33.11:327][284]LogModuleManager: Shutting down and abandoning module FacialAnimationEditor (211)
[2017.03.12-23.33.11:327][284]LogModuleManager: Shutting down and abandoning module FacialAnimation (209)
[2017.03.12-23.33.11:327][284]LogModuleManager: Shutting down and abandoning module LightPropagationVolumeRuntime (207)
[2017.03.12-23.33.11:327][284]LogModuleManager: Shutting down and abandoning module Paper2D (205)
[2017.03.12-23.33.11:327][284]LogModuleManager: Shutting down and abandoning module WindowsMoviePlayer (203)
[2017.03.12-23.33.11:327][284]LogModuleManager: Shutting down and abandoning module WmfMedia (201)
[2017.03.12-23.33.11:327][284]LogModuleManager: Shutting down and abandoning module MfMedia (199)
[2017.03.12-23.33.11:327][284]LogModuleManager: Shutting down and abandoning module MediaAssets (197)
[2017.03.12-23.33.11:327][284]LogModuleManager: Shutting down and abandoning module GameLiveStreaming (195)
[2017.03.12-23.33.11:327][284]LogModuleManager: Shutting down and abandoning module VREditor (193)
[2017.03.12-23.33.11:327][284]LogModuleManager: Shutting down and abandoning module GameplayTasksEditor (191)
[2017.03.12-23.33.11:327][284]LogModuleManager: Shutting down and abandoning module BehaviorTreeEditor (189)
[2017.03.12-23.33.11:327][284]LogModuleManager: Shutting down and abandoning module FunctionalTesting (187)
[2017.03.12-23.33.11:327][284]LogModuleManager: Shutting down and abandoning module CollisionAnalyzer (185)
[2017.03.12-23.33.11:327][284]LogModuleManager: Shutting down and abandoning module UMG (183)
[2017.03.12-23.33.11:327][284]LogModuleManager: Shutting down and abandoning module UMGEditor (182)
[2017.03.12-23.33.11:327][284]LogModuleManager: Shutting down and abandoning module Sequencer (181)
[2017.03.12-23.33.11:327][284]LogModuleManager: Shutting down and abandoning module AssetTools (179)
[2017.03.12-23.33.11:328][284]LogModuleManager: Shutting down and abandoning module MessageLog (178)
[2017.03.12-23.33.11:328][284]LogModuleManager: Shutting down and abandoning module WorkspaceMenuStructure (177)
[2017.03.12-23.33.11:328][284]LogModuleManager: Shutting down and abandoning module SlateReflector (171)
[2017.03.12-23.33.11:328][284]LogModuleManager: Shutting down and abandoning module Slate (169)
[2017.03.12-23.33.11:328][284]LogModuleManager: Shutting down and abandoning module EditorStyle (167)
[2017.03.12-23.33.11:329][284]LogModuleManager: Shutting down and abandoning module SourceCodeAccess (165)
[2017.03.12-23.33.11:329][284]LogModuleManager: Shutting down and abandoning module HeadMountedDisplay (163)
[2017.03.12-23.33.11:329][284]LogModuleManager: Shutting down and abandoning module XAudio2 (161)
[2017.03.12-23.33.11:329][284]LogModuleManager: Shutting down and abandoning module Networking (159)
[2017.03.12-23.33.11:329][284]LogModuleManager: Shutting down and abandoning module Core (157)
[2017.03.12-23.33.11:329][284]LogModuleManager: Shutting down and abandoning module AssetRegistry (155)
[2017.03.12-23.33.11:479][284]LogDirectoryWatcher: A directory notification for '../../../Engine/Content/' was aborted.
[2017.03.12-23.33.11:479][284]LogDirectoryWatcher: A directory notification for '../../../../../../Users/rojo8/Documents/Unreal Projects/MultiplayerMenu/Content/' was aborted.
[2017.03.12-23.33.11:479][284]LogDirectoryWatcher: A directory notification for '../../../Engine/Plugins/2D/Paper2D/Content/' was aborted.
[2017.03.12-23.33.11:479][284]LogModuleManager: Shutting down and abandoning module DirectoryWatcher (154)
[2017.03.12-23.33.11:479][284]LogModuleManager: Shutting down and abandoning module KismetCompiler (151)
[2017.03.12-23.33.11:479][284]LogModuleManager: Shutting down and abandoning module PhysXFormats (149)
[2017.03.12-23.33.11:479][284]LogModuleManager: Shutting down and abandoning module MeshUtilities (147)
[2017.03.12-23.33.11:479][284]LogModuleManager: Shutting down and abandoning module SimplygonSwarm (146)
[2017.03.12-23.33.11:479][284]LogModuleManager: Shutting down and abandoning module SimplygonMeshReduction (144)
[2017.03.12-23.33.11:479][284]LogModuleManager: Shutting down and abandoning module QuadricMeshReduction (142)
[2017.03.12-23.33.11:479][284]LogModuleManager: Shutting down and abandoning module PropertyEditor (140)
[2017.03.12-23.33.11:479][284]LogModuleManager: Shutting down and abandoning module DerivedDataCache (137)
[2017.03.12-23.33.11:550][284]LogDerivedDataCache: Shutdown
[2017.03.12-23.33.11:550][284]LogModuleManager: Shutting down and abandoning module TargetPlatform (135)
[2017.03.12-23.33.11:550][284]LogModuleManager: Shutting down and abandoning module VulkanShaderFormat (134)
[2017.03.12-23.33.11:550][284]LogModuleManager: Shutting down and abandoning module ShaderFormatOpenGL (132)
[2017.03.12-23.33.11:550][284]LogModuleManager: Shutting down and abandoning module ShaderFormatD3D (130)
[2017.03.12-23.33.11:550][284]LogModuleManager: Shutting down and abandoning module MetalShaderFormat (128)
[2017.03.12-23.33.11:550][284]LogModuleManager: Shutting down and abandoning module TextureFormatUncompressed (126)
[2017.03.12-23.33.11:550][284]LogModuleManager: Shutting down and abandoning module TextureFormatPVR (124)
[2017.03.12-23.33.11:550][284]LogModuleManager: Shutting down and abandoning module TextureFormatDXT (122)
[2017.03.12-23.33.11:550][284]LogModuleManager: Shutting down and abandoning module TextureFormatIntelISPCTexComp (120)
[2017.03.12-23.33.11:550][284]LogModuleManager: Shutting down and abandoning module TextureFormatASTC (118)
[2017.03.12-23.33.11:550][284]LogModuleManager: Shutting down and abandoning module ImageWrapper (117)
[2017.03.12-23.33.11:550][284]LogModuleManager: Shutting down and abandoning module TextureFormatAndroid (114)
[2017.03.12-23.33.11:550][284]LogModuleManager: Shutting down and abandoning module AudioFormatOpus (112)
[2017.03.12-23.33.11:550][284]LogModuleManager: Shutting down and abandoning module AudioFormatOgg (110)
[2017.03.12-23.33.11:550][284]LogModuleManager: Shutting down and abandoning module AudioFormatADPCM (108)
[2017.03.12-23.33.11:550][284]LogModuleManager: Shutting down and abandoning module LinuxTargetPlatform (106)
[2017.03.12-23.33.11:550][284]LogModuleManager: Shutting down and abandoning module LinuxServerTargetPlatform (104)
[2017.03.12-23.33.11:550][284]LogModuleManager: Shutting down and abandoning module LinuxNoEditorTargetPlatform (102)
[2017.03.12-23.33.11:550][284]LogModuleManager: Shutting down and abandoning module LinuxClientTargetPlatform (100)
[2017.03.12-23.33.11:550][284]LogModuleManager: Shutting down and abandoning module TVOSTargetPlatform (98)
[2017.03.12-23.33.11:550][284]LogModuleManager: Shutting down and abandoning module Messaging (96)
[2017.03.12-23.33.11:550][284]LogModuleManager: Shutting down and abandoning module IOSTargetPlatform (94)
[2017.03.12-23.33.11:550][284]LogModuleManager: Shutting down and abandoning module HTML5TargetPlatform (92)
[2017.03.12-23.33.11:550][284]LogModuleManager: Shutting down and abandoning module Android_PVRTCTargetPlatform (90)
[2017.03.12-23.33.11:550][284]LogModuleManager: Shutting down and abandoning module Android_MultiTargetPlatform (88)
[2017.03.12-23.33.11:550][284]LogModuleManager: Shutting down and abandoning module Android_ETC2TargetPlatform (86)
[2017.03.12-23.33.11:550][284]LogModuleManager: Shutting down and abandoning module Android_ETC1TargetPlatform (84)
[2017.03.12-23.33.11:550][284]LogModuleManager: Shutting down and abandoning module Android_DXTTargetPlatform (82)
[2017.03.12-23.33.11:550][284]LogModuleManager: Shutting down and abandoning module Android_ATCTargetPlatform (80)
[2017.03.12-23.33.11:550][284]LogModuleManager: Shutting down and abandoning module Android_ASTCTargetPlatform (78)
[2017.03.12-23.33.11:550][284]LogModuleManager: Shutting down and abandoning module AndroidTargetPlatform (76)
[2017.03.12-23.33.11:550][284]LogModuleManager: Shutting down and abandoning module WindowsTargetPlatform (74)
[2017.03.12-23.33.11:550][284]LogModuleManager: Shutting down and abandoning module WindowsServerTargetPlatform (72)
[2017.03.12-23.33.11:550][284]LogModuleManager: Shutting down and abandoning module WindowsNoEditorTargetPlatform (70)
[2017.03.12-23.33.11:550][284]LogModuleManager: Shutting down and abandoning module WindowsClientTargetPlatform (68)
[2017.03.12-23.33.11:550][284]LogModuleManager: Shutting down and abandoning module MacTargetPlatform (66)
[2017.03.12-23.33.11:550][284]LogModuleManager: Shutting down and abandoning module MacServerTargetPlatform (64)
[2017.03.12-23.33.11:550][284]LogModuleManager: Shutting down and abandoning module MacNoEditorTargetPlatform (62)
[2017.03.12-23.33.11:550][284]LogModuleManager: Shutting down and abandoning module MacClientTargetPlatform (60)
[2017.03.12-23.33.11:550][284]LogModuleManager: Shutting down and abandoning module AllDesktopTargetPlatform (58)
[2017.03.12-23.33.11:550][284]LogModuleManager: Shutting down and abandoning module InputCore (55)
[2017.03.12-23.33.11:550][284]LogModuleManager: Shutting down and abandoning module Settings (53)
[2017.03.12-23.33.11:550][284]LogModuleManager: Shutting down and abandoning module OculusRift (51)
[2017.03.12-23.33.11:550][284]LogModuleManager: Shutting down and abandoning module ExampleDeviceProfileSelector (49)
[2017.03.12-23.33.11:550][284]LogModuleManager: Shutting down and abandoning module OnlineBlueprintSupport (47)
[2017.03.12-23.33.11:550][284]LogModuleManager: Shutting down and abandoning module OnlineSubsystem (43)
[2017.03.12-23.33.11:550][284]LogOnline:Display: OSS: FOnlineSubsystemNull::Shutdown()
[2017.03.12-23.33.11:551][284]LogOnline:Display: Unloading online subsystem: NULL
[2017.03.12-23.33.11:551][284]LogModuleManager: Shutting down and abandoning module XMPP (37)
[2017.03.12-23.33.11:551][284]LogModuleManager: Shutting down and abandoning module HTTP (35)
[2017.03.12-23.33.11:551][284]LogHttp:Display: Http module shutting down, but needs to wait on 1 outstanding Http requests:
[2017.03.12-23.33.11:551][284]LogHttp:Display: 	verb=[POST] url=[https://datarouter.ol.epicgames.com/datarouter/api/v1/public/data?SessionID=%7B62856186-4EAF-A740-ADEE-FBA291E141D7%7D&AppID=UEEditor.Rocket.Release&AppVersion=4.15.0-3299760%2B%2B%2BUE4%2BRelease-4.15&UserID=256fed3644a764721e982794461f10a2%7C1fea9db4b2ca4f448c45183c6a4fee1f%7Cb252113f-1759-4291-990d-e92f2be07692&AppEnvironment=datacollector-binary&UploadType=eteventstream] status=Processing
[2017.03.12-23.33.11:576][284]LogModuleManager: Shutting down and abandoning module SSL (34)
[2017.03.12-23.33.11:577][284]LogModuleManager: Shutting down and abandoning module AudioEditor (30)
[2017.03.12-23.33.11:577][284]LogModuleManager: Shutting down and abandoning module TextureCompressor (28)
[2017.03.12-23.33.11:577][284]LogModuleManager: Shutting down and abandoning module ShaderCore (26)
[2017.03.12-23.33.11:577][284]LogModuleManager: Shutting down and abandoning module Landscape (24)
[2017.03.12-23.33.11:577][284]LogModuleManager: Shutting down and abandoning module SlateRHIRenderer (22)
[2017.03.12-23.33.11:578][284]LogModuleManager: Shutting down and abandoning module OpenGLDrv (20)
[2017.03.12-23.33.11:578][284]LogModuleManager: Shutting down and abandoning module D3D11RHI (18)
[2017.03.12-23.33.11:578][284]LogModuleManager: Shutting down and abandoning module AnimGraphRuntime (16)
[2017.03.12-23.33.11:578][284]LogModuleManager: Shutting down and abandoning module Renderer (14)
[2017.03.12-23.33.11:578][284]LogModuleManager: Shutting down and abandoning module Engine (12)
[2017.03.12-23.33.11:578][284]LogModuleManager: Shutting down and abandoning module CoreUObject (10)
[2017.03.12-23.33.11:578][284]LogModuleManager: Shutting down and abandoning module NetworkFile (8)
[2017.03.12-23.33.11:578][284]LogModuleManager: Shutting down and abandoning module StreamingFile (6)
[2017.03.12-23.33.11:578][284]LogModuleManager: Shutting down and abandoning module SandboxFile (4)
[2017.03.12-23.33.11:578][284]LogModuleManager: Shutting down and abandoning module PakFile (2)
[2017.03.12-23.33.11:580][284]LogExit: Exiting.
[2017.03.12-23.33.11:588][284]Log file closed, 03/12/17 18:33:11
