Log file open, 03/12/17 18:26:31
LogInit:Display: Running engine for game: MultiplayerMenu
LogPlatformFile: Not using cached read wrapper
LogInit:Display: RandInit(209304819) SRandInit(209304819).
LogTaskGraph: Started task graph with 5 named threads and 8 total threads with 1 sets of task threads.
LogStats: Stats thread started at 0.067763
LogInit: Using libcurl 7.47.1
LogInit:  - built for x86_64-pc-win32
LogInit:  - supports SSL with OpenSSL/1.0.2g
LogInit:  - supports HTTP deflate (compression) using libz 1.2.8
LogInit:  - other features:
LogInit:      CURL_VERSION_SSL
LogInit:      CURL_VERSION_LIBZ
LogInit:      CURL_VERSION_IPV6
LogInit:      CURL_VERSION_ASYNCHDNS
LogInit:      CURL_VERSION_LARGEFILE
LogInit:      CURL_VERSION_IDN
LogInit:  CurlRequestOptions (configurable via config and command line):
LogInit:  - bVerifyPeer = false  - Libcurl will NOT verify peer certificate
LogInit:  - bUseHttpProxy = false  - Libcurl will NOT use HTTP proxy
LogInit:  - bDontReuseConnections = false  - Libcurl will reuse connections
LogInit:  - CertBundlePath = nullptr  - Libcurl will use whatever was configured at build time.
LogInit: Build: ++UE4+Release-4.15-CL-3299760
LogInit: Engine Version: 4.15.0-3299760+++UE4+Release-4.15
LogInit: Compatible Engine Version: 4.15.0-3299760+++UE4+Release-4.15
LogInit: Net CL: 3299760
LogDevObjectVersion: Number of dev versions registered: 14
LogDevObjectVersion:   Dev-Blueprints (B0D832E4-1F89-4F0D-ACCF-7EB736FD4AA2): 8
LogDevObjectVersion:   Dev-Build (E1C64328-A22C-4D53-A36C-8E866417BD8C): 0
LogDevObjectVersion:   Dev-Core (375EC13C-06E4-48FB-B500-84F0262A717E): 2
LogDevObjectVersion:   Dev-Editor (E4B068ED-F494-42E9-A231-DA0B2E46BB41): 14
LogDevObjectVersion:   Dev-Framework (CFFC743F-43B0-4480-9391-14DF171D2073): 22
LogDevObjectVersion:   Dev-Mobile (B02B49B5-BB20-44E9-A304-32B752E40360): 0
LogDevObjectVersion:   Dev-Networking (A4E4105C-59A1-49B5-A7C5-40C4547EDFEE): 0
LogDevObjectVersion:   Dev-Online (39C831C9-5AE6-47DC-9A44-9C173E1C8E7C): 0
LogDevObjectVersion:   Dev-Physics (78F01B33-EBEA-4F98-B9B4-84EACCB95AA2): 0
LogDevObjectVersion:   Dev-Platform (6631380F-2D4D-43E0-8009-CF276956A95A): 0
LogDevObjectVersion:   Dev-Rendering (12F88B9F-8875-4AFC-A67C-D90C383ABD29): 12
LogDevObjectVersion:   Dev-Sequencer (7B5AE74C-D270-4C10-A958-57980B212A5A): 3
LogDevObjectVersion:   Dev-VR (D7296918-1DD6-4BDD-9DE2-64A83CC13884): 0
LogDevObjectVersion:   Dev-LoadTimes (C2A15278-BFE7-4AFE-6C17-90FF531DF755): 1
LogInit: Compiled (64-bit): Feb 14 2017 02:04:14
LogInit: Compiled with Visual C++: 19.00.23026.00
LogInit: Build Configuration: Development
LogInit: Branch Name: ++UE4+Release-4.15
LogInit: Command line: -EpicPortal 
LogInit: Base directory: C:/Program Files/Epic Games/UE_4.15/Engine/Binaries/Win64/
LogInit: Installed Engine Build: 1
LogInit: Presizing for max 8388607 objects, including 0 objects not considered by GC, pre-allocating 0 bytes for permanent pool.
LogInit: Object subsystem initialized
[2017.03.12-23.26.32:616][  0]LogInit: Selected Device Profile: [Windows]
[2017.03.12-23.26.32:616][  0]LogInit: Applying CVar settings loaded from the selected device profile: [Windows]
[2017.03.12-23.26.32:624][  0]LogInit: Computer: DESKTOP-LKSOI0V
[2017.03.12-23.26.32:624][  0]LogInit: User: rojo8
[2017.03.12-23.26.32:624][  0]LogInit: CPU Page size=65536, Cores=4
[2017.03.12-23.26.32:624][  0]LogInit: High frequency timer resolution =3.914058 MHz
[2017.03.12-23.26.32:624][  0]LogMemory: Memory total: Physical=16.0GB (16GB approx)
[2017.03.12-23.26.32:624][  0]LogMemory: Platform Memory Stats for Windows
[2017.03.12-23.26.32:624][  0]LogMemory: Process Physical Memory: 263.09 MB used, 263.09 MB peak
[2017.03.12-23.26.32:624][  0]LogMemory: Process Virtual Memory: 262.70 MB used, 262.70 MB peak
[2017.03.12-23.26.32:624][  0]LogMemory: Physical Memory: 6521.26 MB used,  9822.70 MB free, 16343.96 MB total
[2017.03.12-23.26.32:624][  0]LogMemory: Virtual Memory: 643.98 MB used,  9822.70 MB free, 134217728.00 MB total
[2017.03.12-23.26.32:684][  0]LogTextLocalizationManager: No specific translations for ('en-US') exist, so ('en') translations will be used.
[2017.03.12-23.26.33:146][  0]LogD3D11RHI: D3D11 adapters:
[2017.03.12-23.26.33:174][  0]LogD3D11RHI:    0. 'NVIDIA GeForce GTX 1070' (Feature Level 11_0)
[2017.03.12-23.26.33:174][  0]LogD3D11RHI:       8119/0/8171 MB DedicatedVideo/DedicatedSystem/SharedSystem, Outputs:1, VendorId:0x10de
[2017.03.12-23.26.33:175][  0]LogD3D11RHI:    1. 'Microsoft Basic Render Driver' (Feature Level 11_0)
[2017.03.12-23.26.33:175][  0]LogD3D11RHI:       0/0/8171 MB DedicatedVideo/DedicatedSystem/SharedSystem, Outputs:0, VendorId:0x1414
[2017.03.12-23.26.33:175][  0]LogD3D11RHI: Chosen D3D11 Adapter: 0
[2017.03.12-23.26.33:179][  0]LogD3D11RHI: Creating new Direct3DDevice
[2017.03.12-23.26.33:179][  0]LogD3D11RHI:     GPU DeviceId: 0x1b81 (for the marketing name, search the web for "GPU Device Id")
[2017.03.12-23.26.33:179][  0]LogWindows: EnumDisplayDevices:
[2017.03.12-23.26.33:179][  0]LogWindows:    0. 'NVIDIA GeForce GTX 1070' (P:1 D:1)
[2017.03.12-23.26.33:179][  0]LogWindows:    1. 'NVIDIA GeForce GTX 1070' (P:0 D:0)
[2017.03.12-23.26.33:179][  0]LogWindows:    2. 'NVIDIA GeForce GTX 1070' (P:0 D:0)
[2017.03.12-23.26.33:180][  0]LogWindows:    3. 'NVIDIA GeForce GTX 1070' (P:0 D:0)
[2017.03.12-23.26.33:180][  0]LogWindows: DebugString: FoundDriverCount:4 
[2017.03.12-23.26.33:180][  0]LogD3D11RHI:     Adapter Name: NVIDIA GeForce GTX 1070
[2017.03.12-23.26.33:180][  0]LogD3D11RHI:   Driver Version: 378.66 (internal:21.21.13.7866, unified:378.66)
[2017.03.12-23.26.33:180][  0]LogD3D11RHI:      Driver Date: 2-9-2017
[2017.03.12-23.26.33:180][  0]LogRHI: Texture pool is 1361 MB (70% of 1945 MB)
[2017.03.12-23.26.33:190][  0]LogD3D11RHI: Async texture creation enabled
[2017.03.12-23.26.33:198][  0]LogD3D11RHI: GPU Timing Frequency: 1000.000000 (Debug: 2 1)
[2017.03.12-23.26.33:242][  0]LogShaderCompilers: Guid format shader working directory is -25 characters bigger than the processId version (../../../../../../Users/rojo8/Documents/Unreal Projects/MultiplayerMenu/Intermediate/Shaders/WorkingDirectory/3908/).
[2017.03.12-23.26.33:242][  0]LogShaderCompilers: Cleaned the shader compiler working directory 'C:/Users/rojo8/AppData/Local/Temp/UnrealShaderWorkingDir/58C0CF3C41239873CF37748AF231CE2C/'.
[2017.03.12-23.26.33:242][  0]LogShaderCompilers:Display: Using Local Shader Compiler.
[2017.03.12-23.26.34:037][  0]LogTemp:Display: Loaded TP AllDesktopTargetPlatform
[2017.03.12-23.26.34:077][  0]LogTemp:Display: Loaded TP MacClientTargetPlatform
[2017.03.12-23.26.34:117][  0]LogTemp:Display: Loaded TP MacNoEditorTargetPlatform
[2017.03.12-23.26.34:158][  0]LogTemp:Display: Loaded TP MacServerTargetPlatform
[2017.03.12-23.26.34:199][  0]LogTemp:Display: Loaded TP MacTargetPlatform
[2017.03.12-23.26.34:239][  0]LogTemp:Display: Loaded TP WindowsClientTargetPlatform
[2017.03.12-23.26.34:280][  0]LogTemp:Display: Loaded TP WindowsNoEditorTargetPlatform
[2017.03.12-23.26.34:322][  0]LogTemp:Display: Loaded TP WindowsServerTargetPlatform
[2017.03.12-23.26.34:355][  0]LogTemp:Display: Loaded TP WindowsTargetPlatform
[2017.03.12-23.26.34:395][  0]LogTemp:Display: Loaded TP AndroidTargetPlatform
[2017.03.12-23.26.34:435][  0]LogTemp:Display: Loaded TP Android_ASTCTargetPlatform
[2017.03.12-23.26.34:475][  0]LogTemp:Display: Loaded TP Android_ATCTargetPlatform
[2017.03.12-23.26.34:515][  0]LogTemp:Display: Loaded TP Android_DXTTargetPlatform
[2017.03.12-23.26.34:555][  0]LogTemp:Display: Loaded TP Android_ETC1TargetPlatform
[2017.03.12-23.26.34:595][  0]LogTemp:Display: Loaded TP Android_ETC2TargetPlatform
[2017.03.12-23.26.34:678][  0]LogTemp:Display: Loaded TP Android_MultiTargetPlatform
[2017.03.12-23.26.34:678][  0]LogTemp:Display: Loaded TP Android_PVRTCTargetPlatform
[2017.03.12-23.26.34:706][  0]LogTemp:Display: Loaded TP HTML5TargetPlatform
[2017.03.12-23.26.34:783][  0]LogTemp:Display: Loaded TP IOSTargetPlatform
[2017.03.12-23.26.34:811][  0]LogTemp:Display: Loaded TP TVOSTargetPlatform
[2017.03.12-23.26.34:851][  0]LogTemp:Display: Loaded TP LinuxClientTargetPlatform
[2017.03.12-23.26.34:891][  0]LogTemp:Display: Loaded TP LinuxNoEditorTargetPlatform
[2017.03.12-23.26.34:931][  0]LogTemp:Display: Loaded TP LinuxServerTargetPlatform
[2017.03.12-23.26.34:971][  0]LogTemp:Display: Loaded TP LinuxTargetPlatform
[2017.03.12-23.26.34:971][  0]LogTargetPlatformManager:Display: Building Assets For Windows
[2017.03.12-23.26.35:314][  0]LogDerivedDataCache:Display: Max Cache Size: 512 MB
[2017.03.12-23.26.35:362][  0]LogDerivedDataCache: Loaded boot cache 0.05s 60MB C:/Users/rojo8/AppData/Local/UnrealEngine/4.15/DerivedDataCache/Boot.ddc.
[2017.03.12-23.26.35:362][  0]LogDerivedDataCache:Display: Loaded Boot cache: C:/Users/rojo8/AppData/Local/UnrealEngine/4.15/DerivedDataCache/Boot.ddc
[2017.03.12-23.26.35:362][  0]LogDerivedDataCache: FDerivedDataBackendGraph:  Pak pak cache file ../../../../../../Users/rojo8/Documents/Unreal Projects/MultiplayerMenu/DerivedDataCache/DDC.ddp not found, will not use a pak cache.
[2017.03.12-23.26.35:362][  0]LogDerivedDataCache: Unable to find inner node Pak for hierarchical cache Hierarchy.
[2017.03.12-23.26.35:363][  0]LogDerivedDataCache: FDerivedDataBackendGraph:  CompressedPak pak cache file ../../../../../../Users/rojo8/Documents/Unreal Projects/MultiplayerMenu/DerivedDataCache/Compressed.ddp not found, will not use a pak cache.
[2017.03.12-23.26.35:363][  0]LogDerivedDataCache: Unable to find inner node CompressedPak for hierarchical cache Hierarchy.
[2017.03.12-23.26.35:377][  0]LogDerivedDataCache:Display: Pak cache opened for reading ../../../Engine/DerivedDataCache/Compressed.ddp.
[2017.03.12-23.26.35:388][  0]LogDerivedDataCache: Using Local data cache path C:/Users/rojo8/AppData/Local/UnrealEngine/Common/DerivedDataCache: Writable
[2017.03.12-23.26.35:394][  0]LogSlate: Using Freetype 2.6.0
[2017.03.12-23.26.35:395][  0]LogSlate: SlateFontCache - WITH_FREETYPE: 1, WITH_HARFBUZZ: 1
[2017.03.12-23.26.35:395][  0]LogSlate: SlateFontCache - WITH_FREETYPE: 1, WITH_HARFBUZZ: 1
[2017.03.12-23.26.35:574][  0]LogInit: Selected Device Profile: [Windows]
[2017.03.12-23.26.35:576][  0]LogContentStreaming: Texture pool size is 0.00 MB
[2017.03.12-23.26.35:724][  0]LogMeshUtilities: Using QuadricMeshReduction for automatic static mesh reduction
[2017.03.12-23.26.35:755][  0]LogSimplygon: Simplygon DLL not present - disabling.
[2017.03.12-23.26.35:788][  0]LogMeshUtilities: Using SimplygonSwarm for distributed automatic mesh merging
[2017.03.12-23.26.35:788][  0]LogMeshUtilities: No automatic skeletal mesh reduction module available
[2017.03.12-23.26.35:788][  0]LogMeshUtilities: No automatic mesh merging module available
[2017.03.12-23.26.36:173][  0]LogNetVersion: GetLocalNetworkVersion: CL: 3299760, ProjectName: multiplayermenu, ProjectVersion: , EngineNetworkVersion: 2, GameNetworkVersion: 0, NetworkChecksum: 2562512738
[2017.03.12-23.26.36:212][  0]LogAssetRegistry: FAssetRegistry took 0.0216 seconds to start up
[2017.03.12-23.26.36:248][  0]LogPackageLocalizationCache: Processed 3 localized package path(s) for 2 prioritized culture(s) in 0.020205 seconds
[2017.03.12-23.26.36:252][  0]LogUObjectArray: 32475 objects as part of root set at end of initial load.
[2017.03.12-23.26.36:252][  0]LogUObjectAllocator: 7073360 out of 0 bytes used by permanent object pool.
[2017.03.12-23.26.36:252][  0]LogUObjectArray: CloseDisregardForGC: 0/0 objects in disregard for GC pool
[2017.03.12-23.26.36:300][  0]LogInit: WinSock: version 1.1 (2.2), MaxSocks=32767, MaxUdp=65467
[2017.03.12-23.26.37:529][  0]LogTcpMessaging: Initializing TcpMessaging bridge
[2017.03.12-23.26.37:581][  0]LogUdpMessaging: Initializing bridge on interface 0.0.0.0:0 to multicast group 230.0.0.1:6666.
[2017.03.12-23.26.37:946][  0]LogMaterial: Uniform references updated for custom material expression Custom.
[2017.03.12-23.26.38:233][  0]SourceControl: Info Source control is disabled
[2017.03.12-23.26.38:256][  0]SourceControl: Info Source control is disabled
[2017.03.12-23.26.38:291][  0]SourceControl: Info Source control is disabled
[2017.03.12-23.26.38:324][  0]SourceControl: Info Source control is disabled
[2017.03.12-23.26.39:266][  0]LogEngine: Initializing Engine...
[2017.03.12-23.26.39:266][  0]LogHMD: Failed to initialize OpenVR with code 110
[2017.03.12-23.26.39:441][  0]LogAIModule: Creating AISystem for world Untitled
[2017.03.12-23.26.39:451][  0]LogInit: XAudio2 using 'VoiceMeeter Input (VB-Audio VoiceMeeter VAIO)' : 2 channels at 44.1 kHz using 16 bits per sample (channel mask 0x3)
[2017.03.12-23.26.39:456][  0]LogInit: FAudioDevice initialized.
[2017.03.12-23.26.39:480][  0]LogDerivedDataCache: Saved boot cache 0.02s 60MB C:/Users/rojo8/AppData/Local/UnrealEngine/4.15/DerivedDataCache/Boot.ddc.
[2017.03.12-23.26.39:489][  0]LogInit: Texture streaming: Enabled
[2017.03.12-23.26.39:560][  0]LogEngineSessionManager: EngineSessionManager initialized
[2017.03.12-23.26.39:629][  0]LogInit: Transaction tracking system initialized
[2017.03.12-23.26.39:893][  0]BlueprintLog: New page: Editor Load
[2017.03.12-23.26.40:614][  0]LocalizationService: Info Localization service is disabled
[2017.03.12-23.26.41:135][  0]LogConsoleResponse:Display: 
[2017.03.12-23.26.41:235][  0]LogFileCache: Scanning file cache for directory 'C:/Users/rojo8/Documents/Unreal Projects/MultiplayerMenu/Content/' took 0.01s
[2017.03.12-23.26.41:235][  0]LogCook:Display: Max memory allowance for cook 16384mb min free memory 0mb
[2017.03.12-23.26.41:235][  0]LogCook:Display: Mobile HDR setting 1
[2017.03.12-23.26.42:071][  0]SourceControl: Info Source control is disabled
[2017.03.12-23.26.42:071][  0]Cmd: MAP LOAD FILE="../../../Engine/Content/Maps/Templates/Template_Default.umap" TEMPLATE=1 SHOWPROGRESS=1 FEATURELEVEL=3
[2017.03.12-23.26.42:072][  0]LightingResults: New page: Lighting Build
[2017.03.12-23.26.42:101][  0]MapCheck: New page: Map Check
[2017.03.12-23.26.42:101][  0]LightingResults: New page: Lighting Build
[2017.03.12-23.26.42:265][  0]LogAIModule: Creating AISystem for world Untitled_1
[2017.03.12-23.26.42:266][  0]LogActorComponent: RegisterComponentWithWorld: (/Temp/Untitled_1.Untitled_1:PersistentLevel.WorldSettings_1.StaticMeshComponent0) Trying to register component with IsPendingKill() == true. Aborting.
[2017.03.12-23.26.42:270][  0]LogEditorServer: Finished looking for orphan Actors (0.000 secs)
[2017.03.12-23.26.42:272][  0]Cmd: MAP CHECKDEP NOCLEARLOG
[2017.03.12-23.26.42:300][  0]MapCheck: Info Map check complete: 0 Error(s), 0 Warning(s), took 28.203ms to complete.
[2017.03.12-23.26.42:300][  0]LogFileHelpers: Loading map 'Template_Default' took 0.229
[2017.03.12-23.26.42:451][  0]LogCollectionManager: Loaded 0 collections in 0.000992 seconds
[2017.03.12-23.26.42:520][  0]LogFileCache: Scanning file cache for directory 'C:/Users/rojo8/Documents/Unreal Projects/MultiplayerMenu/Saved/Collections/' took 0.01s
[2017.03.12-23.26.42:520][  0]LogFileCache: Scanning file cache for directory 'C:/Users/rojo8/Documents/Unreal Projects/MultiplayerMenu/Content/Developers/rojo8/Collections/' took 0.01s
[2017.03.12-23.26.42:520][  0]LogFileCache: Scanning file cache for directory 'C:/Users/rojo8/Documents/Unreal Projects/MultiplayerMenu/Content/Collections/' took 0.01s
[2017.03.12-23.26.42:520][  0]LogCollectionManager: Rebuilt the GUID cache for 0 collections in 0.000001 seconds
[2017.03.12-23.26.42:527][  0]LogContentBrowser: Native class hierarchy populated in 0.0064 seconds. Added 2244 classes and 450 folders.
[2017.03.12-23.26.42:529][  0]LogStats: UGameplayTagsManager::ConstructGameplayTagTree: Construct from data asset -  0.000 s
[2017.03.12-23.26.42:529][  0]LogStats: UGameplayTagsManager::ConstructGameplayTagTree: GameplayTagTreeChangedEvent.Broadcast -  0.000 s
[2017.03.12-23.26.42:577][  0]LogContentBrowser: Native class hierarchy updated for 'WidgetCarousel' in 0.0004 seconds. Added 0 classes and 0 folders.
[2017.03.12-23.26.42:603][  0]LogContentBrowser: Native class hierarchy updated for 'AddContentDialog' in 0.0004 seconds. Added 0 classes and 0 folders.
[2017.03.12-23.26.42:636][  0]LogContentBrowser: Native class hierarchy updated for 'SceneOutliner' in 0.0004 seconds. Added 1 classes and 2 folders.
[2017.03.12-23.26.42:712][  0]LogCrashTracker: Crashtracker disabled due to settings.
[2017.03.12-23.26.42:718][  0]LogUObjectGlobals:Warning: Failed to find object 'Class None.'
[2017.03.12-23.26.42:780][  0]LogContentBrowser: Native class hierarchy updated for 'HierarchicalLODOutliner' in 0.0005 seconds. Added 1 classes and 2 folders.
[2017.03.12-23.26.42:781][  0]LogLoad: (Engine Initialization) Total time: 11.59 seconds
[2017.03.12-23.26.42:781][  0]LogLoad: (Engine Initialization) Total Blueprint compile time: 0.08 seconds
[2017.03.12-23.26.42:781][  0]LogExternalProfiler: No external profilers were discovered.  External profiling features will not be available.
[2017.03.12-23.26.43:116][  0]LogWindowsTextInputMethodSystem:Display: IME system now deactivated.
[2017.03.12-23.26.43:121][  0]LogOcInput: OculusInput pre-init called
[2017.03.12-23.26.43:135][  0]LogAssetRegistry: Asset discovery search completed in 6.9446 seconds
[2017.03.12-23.26.43:135][  0]LogCollectionManager: Rebuilt the object cache for 0 collections in 0.000003 seconds (found 0 objects)
[2017.03.12-23.26.43:135][  0]LogCollectionManager: Fixed up redirectors for 0 collections in 0.000013 seconds (updated 0 objects)
[2017.03.12-23.26.43:137][  0]LogContentStreaming: Texture pool size now 1000 MB
[2017.03.12-23.26.43:143][  0]LogSlate: Took 0.000130 seconds to synchronously load lazily loaded font '../../../Engine/Content/Slate/Fonts/Roboto-Regular.ttf' (155K)
[2017.03.12-23.26.43:146][  0]LogSlate: Took 0.000157 seconds to synchronously load lazily loaded font '../../../Engine/Content/Slate/Fonts/Roboto-Bold.ttf' (160K)
[2017.03.12-23.26.43:150][  0]LogSlate: Took 0.000126 seconds to synchronously load lazily loaded font '../../../Engine/Content/Editor/Slate/Fonts/FontAwesome.ttf' (139K)
[2017.03.12-23.26.43:268][  0]LogRenderer: Reallocating scene render targets to support 1616x808 NumSamples 1 (Frame:2).
