Log file open, 03/12/17 18:32:39
LogInit:Display: Running engine for game: MultiplayerMenu
LogPlatformFile: Not using cached read wrapper
LogInit:Display: RandInit(1646878563) SRandInit(1646878563).
LogTaskGraph: Started task graph with 5 named threads and 8 total threads with 1 sets of task threads.
LogStats: Stats thread started at 0.068152
LogInit: Using libcurl 7.47.1
LogInit:  - built for x86_64-pc-win32
LogInit:  - supports SSL with OpenSSL/1.0.2g
LogInit:  - supports HTTP deflate (compression) using libz 1.2.8
LogInit:  - other features:
LogInit:      CURL_VERSION_SSL
LogInit:      CURL_VERSION_LIBZ
LogInit:      CURL_VERSION_IPV6
LogInit:      CURL_VERSION_ASYNCHDNS
LogInit:      CURL_VERSION_LARGEFILE
LogInit:      CURL_VERSION_IDN
LogInit:  CurlRequestOptions (configurable via config and command line):
LogInit:  - bVerifyPeer = false  - Libcurl will NOT verify peer certificate
LogInit:  - bUseHttpProxy = false  - Libcurl will NOT use HTTP proxy
LogInit:  - bDontReuseConnections = false  - Libcurl will reuse connections
LogInit:  - CertBundlePath = nullptr  - Libcurl will use whatever was configured at build time.
LogOnline:Display: STEAM: Loading Steam SDK 1.32
LogOnline:Warning: STEAM: Steam API disabled!
LogOnline:Display: STEAM: OnlineSubsystemSteam::Shutdown()
LogInit: WinSock: version 1.1 (2.2), MaxSocks=32767, MaxUdp=65467
LogInit: Build: ++UE4+Release-4.15-CL-3299760
LogInit: Engine Version: 4.15.0-3299760+++UE4+Release-4.15
LogInit: Compatible Engine Version: 4.15.0-3299760+++UE4+Release-4.15
LogInit: Net CL: 3299760
LogDevObjectVersion: Number of dev versions registered: 14
LogDevObjectVersion:   Dev-Blueprints (B0D832E4-1F89-4F0D-ACCF-7EB736FD4AA2): 8
LogDevObjectVersion:   Dev-Build (E1C64328-A22C-4D53-A36C-8E866417BD8C): 0
LogDevObjectVersion:   Dev-Core (375EC13C-06E4-48FB-B500-84F0262A717E): 2
LogDevObjectVersion:   Dev-Editor (E4B068ED-F494-42E9-A231-DA0B2E46BB41): 14
LogDevObjectVersion:   Dev-Framework (CFFC743F-43B0-4480-9391-14DF171D2073): 22
LogDevObjectVersion:   Dev-Mobile (B02B49B5-BB20-44E9-A304-32B752E40360): 0
LogDevObjectVersion:   Dev-Networking (A4E4105C-59A1-49B5-A7C5-40C4547EDFEE): 0
LogDevObjectVersion:   Dev-Online (39C831C9-5AE6-47DC-9A44-9C173E1C8E7C): 0
LogDevObjectVersion:   Dev-Physics (78F01B33-EBEA-4F98-B9B4-84EACCB95AA2): 0
LogDevObjectVersion:   Dev-Platform (6631380F-2D4D-43E0-8009-CF276956A95A): 0
LogDevObjectVersion:   Dev-Rendering (12F88B9F-8875-4AFC-A67C-D90C383ABD29): 12
LogDevObjectVersion:   Dev-Sequencer (7B5AE74C-D270-4C10-A958-57980B212A5A): 3
LogDevObjectVersion:   Dev-VR (D7296918-1DD6-4BDD-9DE2-64A83CC13884): 0
LogDevObjectVersion:   Dev-LoadTimes (C2A15278-BFE7-4AFE-6C17-90FF531DF755): 1
LogInit: Compiled (64-bit): Feb 14 2017 02:04:14
LogInit: Compiled with Visual C++: 19.00.23026.00
LogInit: Build Configuration: Development
LogInit: Branch Name: ++UE4+Release-4.15
LogInit: Command line: 
LogInit: Base directory: C:/Program Files/Epic Games/UE_4.15/Engine/Binaries/Win64/
LogInit: Installed Engine Build: 1
LogInit: Presizing for max 8388607 objects, including 0 objects not considered by GC, pre-allocating 0 bytes for permanent pool.
LogInit: Object subsystem initialized
[2017.03.12-23.32.40:041][  0]LogInit: Selected Device Profile: [Windows]
[2017.03.12-23.32.40:041][  0]LogInit: Applying CVar settings loaded from the selected device profile: [Windows]
[2017.03.12-23.32.40:050][  0]LogInit: Computer: DESKTOP-LKSOI0V
[2017.03.12-23.32.40:050][  0]LogInit: User: rojo8
[2017.03.12-23.32.40:050][  0]LogInit: CPU Page size=65536, Cores=4
[2017.03.12-23.32.40:050][  0]LogInit: High frequency timer resolution =3.914058 MHz
[2017.03.12-23.32.40:050][  0]LogMemory: Memory total: Physical=16.0GB (16GB approx)
[2017.03.12-23.32.40:050][  0]LogMemory: Platform Memory Stats for Windows
[2017.03.12-23.32.40:050][  0]LogMemory: Process Physical Memory: 263.61 MB used, 263.61 MB peak
[2017.03.12-23.32.40:050][  0]LogMemory: Process Virtual Memory: 262.83 MB used, 262.83 MB peak
[2017.03.12-23.32.40:050][  0]LogMemory: Physical Memory: 7798.29 MB used,  8545.67 MB free, 16343.96 MB total
[2017.03.12-23.32.40:050][  0]LogMemory: Virtual Memory: 646.96 MB used,  8545.67 MB free, 134217728.00 MB total
[2017.03.12-23.32.40:112][  0]LogTextLocalizationManager: No specific translations for ('en-US') exist, so ('en') translations will be used.
[2017.03.12-23.32.40:570][  0]LogD3D11RHI: D3D11 adapters:
[2017.03.12-23.32.40:603][  0]LogD3D11RHI:    0. 'NVIDIA GeForce GTX 1070' (Feature Level 11_0)
[2017.03.12-23.32.40:603][  0]LogD3D11RHI:       8119/0/8171 MB DedicatedVideo/DedicatedSystem/SharedSystem, Outputs:1, VendorId:0x10de
[2017.03.12-23.32.40:604][  0]LogD3D11RHI:    1. 'Microsoft Basic Render Driver' (Feature Level 11_0)
[2017.03.12-23.32.40:604][  0]LogD3D11RHI:       0/0/8171 MB DedicatedVideo/DedicatedSystem/SharedSystem, Outputs:0, VendorId:0x1414
[2017.03.12-23.32.40:604][  0]LogD3D11RHI: Chosen D3D11 Adapter: 0
[2017.03.12-23.32.40:608][  0]LogD3D11RHI: Creating new Direct3DDevice
[2017.03.12-23.32.40:608][  0]LogD3D11RHI:     GPU DeviceId: 0x1b81 (for the marketing name, search the web for "GPU Device Id")
[2017.03.12-23.32.40:608][  0]LogWindows: EnumDisplayDevices:
[2017.03.12-23.32.40:608][  0]LogWindows:    0. 'NVIDIA GeForce GTX 1070' (P:1 D:1)
[2017.03.12-23.32.40:608][  0]LogWindows:    1. 'NVIDIA GeForce GTX 1070' (P:0 D:0)
[2017.03.12-23.32.40:608][  0]LogWindows:    2. 'NVIDIA GeForce GTX 1070' (P:0 D:0)
[2017.03.12-23.32.40:608][  0]LogWindows:    3. 'NVIDIA GeForce GTX 1070' (P:0 D:0)
[2017.03.12-23.32.40:609][  0]LogWindows: DebugString: FoundDriverCount:4 
[2017.03.12-23.32.40:609][  0]LogD3D11RHI:     Adapter Name: NVIDIA GeForce GTX 1070
[2017.03.12-23.32.40:609][  0]LogD3D11RHI:   Driver Version: 378.66 (internal:21.21.13.7866, unified:378.66)
[2017.03.12-23.32.40:609][  0]LogD3D11RHI:      Driver Date: 2-9-2017
[2017.03.12-23.32.40:609][  0]LogRHI: Texture pool is 1361 MB (70% of 1945 MB)
[2017.03.12-23.32.40:620][  0]LogD3D11RHI: Async texture creation enabled
[2017.03.12-23.32.40:629][  0]LogD3D11RHI: GPU Timing Frequency: 1000.000000 (Debug: 2 1)
[2017.03.12-23.32.40:673][  0]LogShaderCompilers: Guid format shader working directory is -25 characters bigger than the processId version (../../../../../../Users/rojo8/Documents/Unreal Projects/MultiplayerMenu/Intermediate/Shaders/WorkingDirectory/5740/).
[2017.03.12-23.32.40:674][  0]LogShaderCompilers: Cleaned the shader compiler working directory 'C:/Users/rojo8/AppData/Local/Temp/UnrealShaderWorkingDir/02BBEA364672DBBB9E43B18929022E8A/'.
[2017.03.12-23.32.40:674][  0]LogShaderCompilers:Display: Using Local Shader Compiler.
[2017.03.12-23.32.41:471][  0]LogTemp:Display: Loaded TP AllDesktopTargetPlatform
[2017.03.12-23.32.41:514][  0]LogTemp:Display: Loaded TP MacClientTargetPlatform
[2017.03.12-23.32.41:556][  0]LogTemp:Display: Loaded TP MacNoEditorTargetPlatform
[2017.03.12-23.32.41:598][  0]LogTemp:Display: Loaded TP MacServerTargetPlatform
[2017.03.12-23.32.41:642][  0]LogTemp:Display: Loaded TP MacTargetPlatform
[2017.03.12-23.32.41:687][  0]LogTemp:Display: Loaded TP WindowsClientTargetPlatform
[2017.03.12-23.32.41:730][  0]LogTemp:Display: Loaded TP WindowsNoEditorTargetPlatform
[2017.03.12-23.32.41:772][  0]LogTemp:Display: Loaded TP WindowsServerTargetPlatform
[2017.03.12-23.32.41:806][  0]LogTemp:Display: Loaded TP WindowsTargetPlatform
[2017.03.12-23.32.41:847][  0]LogTemp:Display: Loaded TP AndroidTargetPlatform
[2017.03.12-23.32.41:889][  0]LogTemp:Display: Loaded TP Android_ASTCTargetPlatform
[2017.03.12-23.32.41:930][  0]LogTemp:Display: Loaded TP Android_ATCTargetPlatform
[2017.03.12-23.32.41:971][  0]LogTemp:Display: Loaded TP Android_DXTTargetPlatform
[2017.03.12-23.32.42:012][  0]LogTemp:Display: Loaded TP Android_ETC1TargetPlatform
[2017.03.12-23.32.42:053][  0]LogTemp:Display: Loaded TP Android_ETC2TargetPlatform
[2017.03.12-23.32.42:136][  0]LogTemp:Display: Loaded TP Android_MultiTargetPlatform
[2017.03.12-23.32.42:136][  0]LogTemp:Display: Loaded TP Android_PVRTCTargetPlatform
[2017.03.12-23.32.42:164][  0]LogTemp:Display: Loaded TP HTML5TargetPlatform
[2017.03.12-23.32.42:243][  0]LogTemp:Display: Loaded TP IOSTargetPlatform
[2017.03.12-23.32.42:272][  0]LogTemp:Display: Loaded TP TVOSTargetPlatform
[2017.03.12-23.32.42:313][  0]LogTemp:Display: Loaded TP LinuxClientTargetPlatform
[2017.03.12-23.32.42:354][  0]LogTemp:Display: Loaded TP LinuxNoEditorTargetPlatform
[2017.03.12-23.32.42:397][  0]LogTemp:Display: Loaded TP LinuxServerTargetPlatform
[2017.03.12-23.32.42:440][  0]LogTemp:Display: Loaded TP LinuxTargetPlatform
[2017.03.12-23.32.42:440][  0]LogTargetPlatformManager:Display: Building Assets For Windows
[2017.03.12-23.32.42:815][  0]LogDerivedDataCache:Display: Max Cache Size: 512 MB
[2017.03.12-23.32.42:856][  0]LogDerivedDataCache: Loaded boot cache 0.04s 50MB C:/Users/rojo8/AppData/Local/UnrealEngine/4.15/DerivedDataCache/Boot.ddc.
[2017.03.12-23.32.42:856][  0]LogDerivedDataCache:Display: Loaded Boot cache: C:/Users/rojo8/AppData/Local/UnrealEngine/4.15/DerivedDataCache/Boot.ddc
[2017.03.12-23.32.42:856][  0]LogDerivedDataCache: FDerivedDataBackendGraph:  Pak pak cache file ../../../../../../Users/rojo8/Documents/Unreal Projects/MultiplayerMenu/DerivedDataCache/DDC.ddp not found, will not use a pak cache.
[2017.03.12-23.32.42:856][  0]LogDerivedDataCache: Unable to find inner node Pak for hierarchical cache Hierarchy.
[2017.03.12-23.32.42:856][  0]LogDerivedDataCache: FDerivedDataBackendGraph:  CompressedPak pak cache file ../../../../../../Users/rojo8/Documents/Unreal Projects/MultiplayerMenu/DerivedDataCache/Compressed.ddp not found, will not use a pak cache.
[2017.03.12-23.32.42:856][  0]LogDerivedDataCache: Unable to find inner node CompressedPak for hierarchical cache Hierarchy.
[2017.03.12-23.32.42:871][  0]LogDerivedDataCache:Display: Pak cache opened for reading ../../../Engine/DerivedDataCache/Compressed.ddp.
[2017.03.12-23.32.42:882][  0]LogDerivedDataCache: Using Local data cache path C:/Users/rojo8/AppData/Local/UnrealEngine/Common/DerivedDataCache: Writable
[2017.03.12-23.32.42:889][  0]LogSlate: Using Freetype 2.6.0
[2017.03.12-23.32.42:889][  0]LogSlate: SlateFontCache - WITH_FREETYPE: 1, WITH_HARFBUZZ: 1
[2017.03.12-23.32.42:889][  0]LogSlate: SlateFontCache - WITH_FREETYPE: 1, WITH_HARFBUZZ: 1
[2017.03.12-23.32.43:092][  0]LogInit: Selected Device Profile: [Windows]
[2017.03.12-23.32.43:094][  0]LogContentStreaming: Texture pool size is 0.00 MB
[2017.03.12-23.32.43:305][  0]LogMeshUtilities: Using QuadricMeshReduction for automatic static mesh reduction
[2017.03.12-23.32.43:339][  0]LogSimplygon: Simplygon DLL not present - disabling.
[2017.03.12-23.32.43:378][  0]LogMeshUtilities: Using SimplygonSwarm for distributed automatic mesh merging
[2017.03.12-23.32.43:378][  0]LogMeshUtilities: No automatic skeletal mesh reduction module available
[2017.03.12-23.32.43:378][  0]LogMeshUtilities: No automatic mesh merging module available
[2017.03.12-23.32.43:816][  0]LogNetVersion: GetLocalNetworkVersion: CL: 3299760, ProjectName: multiplayermenu, ProjectVersion: , EngineNetworkVersion: 2, GameNetworkVersion: 0, NetworkChecksum: 2562512738
[2017.03.12-23.32.43:864][  0]LogAssetRegistry: FAssetRegistry took 0.0216 seconds to start up
[2017.03.12-23.32.43:905][  0]LogPackageLocalizationCache: Processed 3 localized package path(s) for 2 prioritized culture(s) in 0.020731 seconds
[2017.03.12-23.32.43:910][  0]LogUObjectArray: 32482 objects as part of root set at end of initial load.
[2017.03.12-23.32.43:910][  0]LogUObjectAllocator: 7287216 out of 0 bytes used by permanent object pool.
[2017.03.12-23.32.43:910][  0]LogUObjectArray: CloseDisregardForGC: 0/0 objects in disregard for GC pool
[2017.03.12-23.32.45:169][  0]LogSubstanceCoreModule: Substance [CPU] Engine Loaded, Max Texture Size = 2048
[2017.03.12-23.32.45:191][  0]LogTcpMessaging: Initializing TcpMessaging bridge
[2017.03.12-23.32.45:223][  0]LogUdpMessaging: Initializing bridge on interface 0.0.0.0:0 to multicast group 230.0.0.1:6666.
[2017.03.12-23.32.45:612][  0]LogMaterial: Uniform references updated for custom material expression Custom.
[2017.03.12-23.32.45:892][  0]SourceControl: Info Source control is disabled
[2017.03.12-23.32.45:912][  0]SourceControl: Info Source control is disabled
[2017.03.12-23.32.45:947][  0]SourceControl: Info Source control is disabled
[2017.03.12-23.32.45:981][  0]SourceControl: Info Source control is disabled
[2017.03.12-23.32.47:079][  0]LogEngine: Initializing Engine...
[2017.03.12-23.32.47:079][  0]LogHMD: Failed to initialize OpenVR with code 110
[2017.03.12-23.32.47:249][  0]LogAIModule: Creating AISystem for world Untitled
[2017.03.12-23.32.47:259][  0]LogInit: XAudio2 using 'VoiceMeeter Input (VB-Audio VoiceMeeter VAIO)' : 2 channels at 44.1 kHz using 16 bits per sample (channel mask 0x3)
[2017.03.12-23.32.47:264][  0]LogInit: FAudioDevice initialized.
[2017.03.12-23.32.47:283][  0]LogDerivedDataCache: Saved boot cache 0.02s 50MB C:/Users/rojo8/AppData/Local/UnrealEngine/4.15/DerivedDataCache/Boot.ddc.
[2017.03.12-23.32.47:290][  0]LogInit: Texture streaming: Enabled
[2017.03.12-23.32.47:363][  0]LogEngineSessionManager: EngineSessionManager initialized
[2017.03.12-23.32.47:428][  0]LogInit: Transaction tracking system initialized
[2017.03.12-23.32.47:686][  0]BlueprintLog: New page: Editor Load
[2017.03.12-23.32.48:351][  0]LocalizationService: Info Localization service is disabled
[2017.03.12-23.32.48:854][  0]LogConsoleResponse:Display: 
[2017.03.12-23.32.48:950][  0]LogCook:Display: Max memory allowance for cook 16384mb min free memory 0mb
[2017.03.12-23.32.48:950][  0]LogCook:Display: Mobile HDR setting 1
[2017.03.12-23.32.49:201][  0]LogFileCache: Scanning file cache for directory 'C:/Users/rojo8/Documents/Unreal Projects/MultiplayerMenu/Content/' took 0.01s
[2017.03.12-23.32.49:717][  0]SourceControl: Info Source control is disabled
[2017.03.12-23.32.49:717][  0]Cmd: MAP LOAD FILE="../../../Engine/Content/Maps/Templates/Template_Default.umap" TEMPLATE=1 SHOWPROGRESS=1 FEATURELEVEL=3
[2017.03.12-23.32.49:718][  0]LightingResults: New page: Lighting Build
[2017.03.12-23.32.49:749][  0]MapCheck: New page: Map Check
[2017.03.12-23.32.49:749][  0]LightingResults: New page: Lighting Build
[2017.03.12-23.32.49:892][  0]LogAIModule: Creating AISystem for world Untitled_1
[2017.03.12-23.32.49:893][  0]LogActorComponent: RegisterComponentWithWorld: (/Temp/Untitled_1.Untitled_1:PersistentLevel.WorldSettings_1.StaticMeshComponent0) Trying to register component with IsPendingKill() == true. Aborting.
[2017.03.12-23.32.49:896][  0]LogEditorServer: Finished looking for orphan Actors (0.000 secs)
[2017.03.12-23.32.49:899][  0]Cmd: MAP CHECKDEP NOCLEARLOG
[2017.03.12-23.32.49:926][  0]MapCheck: Info Map check complete: 0 Error(s), 0 Warning(s), took 27.498ms to complete.
[2017.03.12-23.32.49:926][  0]LogFileHelpers: Loading map 'Template_Default' took 0.209
[2017.03.12-23.32.49:978][  0]LogWindowsTextInputMethodSystem:Display: IME system now deactivated.
[2017.03.12-23.32.50:064][  0]LogCollectionManager: Loaded 0 collections in 0.001015 seconds
[2017.03.12-23.32.50:131][  0]LogFileCache: Scanning file cache for directory 'C:/Users/rojo8/Documents/Unreal Projects/MultiplayerMenu/Saved/Collections/' took 0.01s
[2017.03.12-23.32.50:131][  0]LogFileCache: Scanning file cache for directory 'C:/Users/rojo8/Documents/Unreal Projects/MultiplayerMenu/Content/Developers/rojo8/Collections/' took 0.01s
[2017.03.12-23.32.50:131][  0]LogFileCache: Scanning file cache for directory 'C:/Users/rojo8/Documents/Unreal Projects/MultiplayerMenu/Content/Collections/' took 0.01s
[2017.03.12-23.32.50:131][  0]LogCollectionManager: Rebuilt the GUID cache for 0 collections in 0.000001 seconds
[2017.03.12-23.32.50:138][  0]LogContentBrowser: Native class hierarchy populated in 0.0068 seconds. Added 2294 classes and 474 folders.
[2017.03.12-23.32.50:140][  0]LogStats: UGameplayTagsManager::ConstructGameplayTagTree: Construct from data asset -  0.000 s
[2017.03.12-23.32.50:140][  0]LogStats: UGameplayTagsManager::ConstructGameplayTagTree: GameplayTagTreeChangedEvent.Broadcast -  0.000 s
[2017.03.12-23.32.50:188][  0]LogContentBrowser: Native class hierarchy updated for 'WidgetCarousel' in 0.0004 seconds. Added 0 classes and 0 folders.
[2017.03.12-23.32.50:213][  0]LogContentBrowser: Native class hierarchy updated for 'AddContentDialog' in 0.0004 seconds. Added 0 classes and 0 folders.
[2017.03.12-23.32.50:244][  0]LogContentBrowser: Native class hierarchy updated for 'SceneOutliner' in 0.0004 seconds. Added 1 classes and 2 folders.
[2017.03.12-23.32.50:319][  0]LogCrashTracker: Crashtracker disabled due to settings.
[2017.03.12-23.32.50:332][  0]LogUObjectGlobals:Warning: Failed to find object 'Class None.'
[2017.03.12-23.32.50:387][  0]LogContentBrowser: Native class hierarchy updated for 'HierarchicalLODOutliner' in 0.0004 seconds. Added 1 classes and 2 folders.
[2017.03.12-23.32.50:387][  0]LogLoad: (Engine Initialization) Total time: 11.91 seconds
[2017.03.12-23.32.50:387][  0]LogLoad: (Engine Initialization) Total Blueprint compile time: 0.07 seconds
[2017.03.12-23.32.50:387][  0]LogExternalProfiler: No external profilers were discovered.  External profiling features will not be available.
[2017.03.12-23.32.50:398][  0]LogOcInput: OculusInput pre-init called
[2017.03.12-23.32.50:411][  0]LogAssetRegistry: Asset discovery search completed in 6.5684 seconds
[2017.03.12-23.32.50:411][  0]LogCollectionManager: Rebuilt the object cache for 0 collections in 0.000003 seconds (found 0 objects)
[2017.03.12-23.32.50:411][  0]LogCollectionManager: Fixed up redirectors for 0 collections in 0.000013 seconds (updated 0 objects)
[2017.03.12-23.32.50:415][  0]LogContentStreaming: Texture pool size now 1000 MB
[2017.03.12-23.32.50:421][  0]LogSlate: Took 0.000138 seconds to synchronously load lazily loaded font '../../../Engine/Content/Slate/Fonts/Roboto-Regular.ttf' (155K)
[2017.03.12-23.32.50:424][  0]LogSlate: Took 0.000155 seconds to synchronously load lazily loaded font '../../../Engine/Content/Slate/Fonts/Roboto-Bold.ttf' (160K)
[2017.03.12-23.32.50:427][  0]LogSlate: Took 0.000118 seconds to synchronously load lazily loaded font '../../../Engine/Content/Editor/Slate/Fonts/FontAwesome.ttf' (139K)
[2017.03.12-23.32.50:564][  0]LogRenderer: Reallocating scene render targets to support 1616x808 NumSamples 1 (Frame:2).
[2017.03.12-23.32.56:199][663]LogDirectoryWatcher: A directory notification for '../../../Engine/Plugins/' was aborted.
[2017.03.12-23.32.56:199][663]LogDirectoryWatcher: A directory notification for '../../../../../../Users/rojo8/Documents/Unreal Projects/MultiplayerMenu/Plugins/' was aborted.
[2017.03.12-23.32.56:735][727]LogTemp: Repeting last play command: Standalone Game
[2017.03.12-23.32.56:792][727]LogSlate: Took 0.000107 seconds to synchronously load lazily loaded font '../../../Engine/Content/Slate/Fonts/Roboto-Light.ttf' (159K)
[2017.03.12-23.32.56:822][727]LogSavePackage: Save=22.57ms
[2017.03.12-23.32.56:822][727]LogSavePackage: Moving '../../../../../../Users/rojo8/Documents/Unreal Projects/MultiplayerMenu/Saved/UEDPCUntitled_15A95A6834FDA5E953BC44B9B9BB58902.tmp' to '../../../../../../Users/rojo8/Documents/Unreal Projects/MultiplayerMenu/Saved/Autosaves/Temp/UEDPCUntitled_1.umap'
[2017.03.12-23.32.56:823][727]LogSavePackage:Display: Finished SavePackage ../../../../../../Users/rojo8/Documents/Unreal Projects/MultiplayerMenu/Saved/Autosaves/Temp/UEDPCUntitled_1.umap
[2017.03.12-23.32.56:830][727]LogEditorTransaction: Undo Spawn Play From Here Start
[2017.03.12-23.32.58:873][941]LogAIModule: Creating AISystem for world MainMenu
[2017.03.12-23.32.58:887][941]Cmd: MAP LOAD FILE="../../../../../../Users/rojo8/Documents/Unreal Projects/MultiplayerMenu/Content/Levels/MainMenu.umap" TEMPLATE=0 SHOWPROGRESS=1 FEATURELEVEL=3
[2017.03.12-23.32.58:887][941]LightingResults: New page: Lighting Build
[2017.03.12-23.32.58:888][941]LoadErrors: New page: Loading map: MainMenu.umap
[2017.03.12-23.32.58:888][941]MapCheck: New page: Map Check
[2017.03.12-23.32.58:888][941]LightingResults: New page: Lighting Build
[2017.03.12-23.32.58:944][941]LogEditorServer: Finished looking for orphan Actors (0.000 secs)
[2017.03.12-23.32.58:959][941]Cmd: MAP CHECKDEP NOCLEARLOG
[2017.03.12-23.32.58:990][941]MapCheck: Info Map check complete: 0 Error(s), 0 Warning(s), took 30.649ms to complete.
[2017.03.12-23.32.58:990][941]LogFileHelpers: Loading map 'MainMenu' took 0.104
[2017.03.12-23.33.10:169][372]Cmd: MAP LOAD FILE="../../../../../../Users/rojo8/Documents/Unreal Projects/MultiplayerMenu/Content/Levels/MainMenu.umap" TEMPLATE=0 SHOWPROGRESS=1 FEATURELEVEL=3
[2017.03.12-23.33.10:170][372]LightingResults: New page: Lighting Build
[2017.03.12-23.33.10:171][372]LoadErrors: New page: Loading map: MainMenu.umap
[2017.03.12-23.33.10:171][372]MapCheck: New page: Map Check
[2017.03.12-23.33.10:171][372]LightingResults: New page: Lighting Build
[2017.03.12-23.33.10:194][372]LogAIModule: Creating AISystem for world MainMenu
[2017.03.12-23.33.10:244][372]LogEditorServer: Finished looking for orphan Actors (0.000 secs)
[2017.03.12-23.33.10:261][372]Cmd: MAP CHECKDEP NOCLEARLOG
[2017.03.12-23.33.10:292][372]MapCheck: Info Map check complete: 0 Error(s), 0 Warning(s), took 31.52ms to complete.
[2017.03.12-23.33.10:293][372]LogFileHelpers: Loading map 'MainMenu' took 0.124
[2017.03.12-23.33.11:166][475]LogTemp: Repeting last play command: Standalone Game
[2017.03.12-23.33.11:280][475]LogSavePackage: Save=52.08ms
[2017.03.12-23.33.11:280][475]LogSavePackage: Moving '../../../../../../Users/rojo8/Documents/Unreal Projects/MultiplayerMenu/Saved/UEDPCMainMenu03A4739644554D5AF23080BB92DBF036.tmp' to '../../../../../../Users/rojo8/Documents/Unreal Projects/MultiplayerMenu/Saved/Autosaves/Game/Levels/UEDPCMainMenu.umap'
[2017.03.12-23.33.11:281][475]LogSavePackage:Display: Finished SavePackage ../../../../../../Users/rojo8/Documents/Unreal Projects/MultiplayerMenu/Saved/Autosaves/Game/Levels/UEDPCMainMenu.umap
[2017.03.12-23.33.11:286][475]LogEditorTransaction: Undo Spawn Play From Here Start
